2026-02-18 00:46:25,308 - INFO - run_attention - ЁЯЪА х╝АхзЛшонч╗Гцибх╝П=attention, outputs=C:\Repositories\Traffic\FusionModel\outputs
2026-02-18 00:46:25,309 - INFO - fusion_common - хКаш╜╜шЮНхРИцХ░цНо - хЫ╛хГПчЫох╜Х: dataset\CIC4_fullpacket_l1024_hraw\image_data\Train, PcapчЫох╜Х: dataset\CIC4_fullpacket_l1024_hraw\pcap_data\Train
2026-02-18 00:46:32,046 - INFO - fusion_common - шЮНхРИцХ░цНоч┤вх╝Хш┐Ых║ж: 1/4 ч▒╗хИл (Adware)
2026-02-18 00:46:37,494 - INFO - fusion_common - шЮНхРИцХ░цНоч┤вх╝Хш┐Ых║ж: 2/4 ч▒╗хИл (Ransomware)
2026-02-18 00:46:41,198 - INFO - fusion_common - шЮНхРИцХ░цНоч┤вх╝Хш┐Ых║ж: 3/4 ч▒╗хИл (SMSMalware)
2026-02-18 00:46:47,690 - INFO - fusion_common - шЮНхРИцХ░цНоч┤вх╝Хш┐Ых║ж: 4/4 ч▒╗хИл (Scareware)
2026-02-18 00:46:52,583 - INFO - fusion_common - шЮНхРИч┤вх╝Хч╝УхнШх╖▓ф┐ЭхнШ: dataset\CIC4_fullpacket_l1024_hraw\image_data\Train\.fusion_index_cache_v1_crepositoriestrafficfusionmo_crepositoriestrafficfusionmo.json
2026-02-18 00:46:52,833 - INFO - fusion_common - шЮНхРИцХ░цНощЫЖхКаш╜╜хоМцИРя╝МцА╗ца╖цЬмцХ░: 639363
2026-02-18 00:46:52,898 - INFO - fusion_common - ч▒╗хИлхИЖх╕Г(Train) - Adware:191259, Ransomware:156746, SMSMalware:110535, Scareware:180823 | imbalance_ratio=1.73
2026-02-18 00:46:52,901 - INFO - fusion_common - шЮНхРИцХ░цНохКаш╜╜хоМцИРя╝Мч▒╗хИлцХ░: 4, ца╖цЬмцА╗цХ░: 639363
2026-02-18 00:46:52,903 - INFO - fusion_common - хКаш╜╜шЮНхРИцХ░цНо - хЫ╛хГПчЫох╜Х: dataset\CIC4_fullpacket_l1024_hraw\image_data\Test, PcapчЫох╜Х: dataset\CIC4_fullpacket_l1024_hraw\pcap_data\Test
2026-02-18 00:46:54,250 - INFO - fusion_common - шЮНхРИцХ░цНоч┤вх╝Хш┐Ых║ж: 1/4 ч▒╗хИл (Adware)
2026-02-18 00:46:55,562 - INFO - fusion_common - шЮНхРИцХ░цНоч┤вх╝Хш┐Ых║ж: 2/4 ч▒╗хИл (Ransomware)
2026-02-18 00:46:56,458 - INFO - fusion_common - шЮНхРИцХ░цНоч┤вх╝Хш┐Ых║ж: 3/4 ч▒╗хИл (SMSMalware)
2026-02-18 00:46:58,099 - INFO - fusion_common - шЮНхРИцХ░цНоч┤вх╝Хш┐Ых║ж: 4/4 ч▒╗хИл (Scareware)
2026-02-18 00:46:59,139 - INFO - fusion_common - шЮНхРИч┤вх╝Хч╝УхнШх╖▓ф┐ЭхнШ: dataset\CIC4_fullpacket_l1024_hraw\image_data\Test\.fusion_index_cache_v1_crepositoriestrafficfusionmo_crepositoriestrafficfusionmo.json
2026-02-18 00:46:59,186 - INFO - fusion_common - шЮНхРИцХ░цНощЫЖхКаш╜╜хоМцИРя╝МцА╗ца╖цЬмцХ░: 149720
2026-02-18 00:46:59,194 - INFO - fusion_common - ч▒╗хИлхИЖх╕Г(Test) - Adware:41163, Ransomware:39692, SMSMalware:25424, Scareware:43441 | imbalance_ratio=1.71
2026-02-18 00:46:59,195 - INFO - fusion_common - шЮНхРИцХ░цНохКаш╜╜хоМцИРя╝Мч▒╗хИлцХ░: 4, ца╖цЬмцА╗цХ░: 149720
2026-02-18 00:46:59,195 - INFO - fusion_common - хИЭхзЛхМЦшЮНхРИцибхЮЛя╝МшЮНхРИцибх╝П: attention
2026-02-18 00:46:59,361 - INFO - fusion_common - CharBERT хКаш╜╜цИРхКЯ: C:\Repositories\Traffic\FusionModel\src\CharBERT\src
2026-02-18 00:46:59,369 - INFO - fusion_common - шЮНхРИцибхЮЛхИЭхзЛхМЦхоМцИРя╝МхИЖч▒╗хд┤шо╛ч╜оф╕║ 4 ф╕кч▒╗хИл
2026-02-18 00:46:59,370 - INFO - fusion_common - х╝АхзЛшонч╗ГшЮНхРИцибхЮЛ
2026-02-18 00:46:59,370 - INFO - fusion_common - шонч╗ГхПВцХ░ - Epochs: 40, Learning Rate: 0.0003, Early Stopping Patience: 14
2026-02-18 00:46:59,370 - INFO - fusion_common - шонч╗ГчнЦчХе - class_balance: weighted_loss, loss_type: ce, focal_gamma: 1.500, weight_decay: 0.000100, label_smoothing: 0.0100, early_stop_metric: val_f1, lr_scheduler: reduce, val_every: 1
2026-02-18 00:46:59,371 - INFO - fusion_common - DataLoaderхПВцХ░ - train_batches: 9991, val_batches: 2340, batch_size: 64, num_workers: 4, pin_memory: True
2026-02-18 00:46:59,872 - INFO - fusion_common - ф╜┐чФи class-weighted CrossEntropyLoss
2026-02-18 00:46:59,873 - INFO - fusion_common - ЁЯзн Epoch 1/40
2026-02-18 01:37:25,599 - INFO - fusion_common - ЁЯзк х╝АхзЛщкМшпБ: epoch=1
2026-02-18 01:43:43,934 - INFO - fusion_common - ЁЯУК Epoch 1 ч╗УцЮЬ: шонч╗Г Loss: 1.1415, шонч╗Г Acc: 0.4497, шонч╗Г F1: 0.4101 | щкМшпБ Loss: 1.1791, щкМшпБ Acc: 0.4362, щкМшпБ F1: 0.4249
2026-02-18 01:43:43,981 - INFO - fusion_common - тП▒я╕П цЧйхБЬшобцХ░: 0/14
2026-02-18 01:43:43,981 - INFO - fusion_common - ЁЯУЙ х╜УхЙНхнжф╣ачОЗ: 0.00030000
2026-02-18 01:43:43,981 - INFO - fusion_common - ЁЯзн Epoch 2/40
2026-02-18 02:30:39,748 - INFO - fusion_common - ЁЯзк х╝АхзЛщкМшпБ: epoch=2
2026-02-18 02:35:55,656 - INFO - fusion_common - ЁЯУК Epoch 2 ч╗УцЮЬ: шонч╗Г Loss: 1.0081, шонч╗Г Acc: 0.5334, шонч╗Г F1: 0.5101 | щкМшпБ Loss: 1.1071, щкМшпБ Acc: 0.5012, щкМшпБ F1: 0.4955
2026-02-18 02:35:55,733 - INFO - fusion_common - тП▒я╕П цЧйхБЬшобцХ░: 0/14
2026-02-18 02:35:55,733 - INFO - fusion_common - ЁЯУЙ х╜УхЙНхнжф╣ачОЗ: 0.00030000
2026-02-18 02:35:55,733 - INFO - fusion_common - ЁЯзн Epoch 3/40
2026-02-18 03:22:37,048 - INFO - fusion_common - ЁЯзк х╝АхзЛщкМшпБ: epoch=3
2026-02-18 03:28:00,934 - INFO - fusion_common - ЁЯУК Epoch 3 ч╗УцЮЬ: шонч╗Г Loss: 0.9340, шонч╗Г Acc: 0.5759, шонч╗Г F1: 0.5558 | щкМшпБ Loss: 1.0574, щкМшпБ Acc: 0.5355, щкМшпБ F1: 0.5313
2026-02-18 03:28:01,001 - INFO - fusion_common - тП▒я╕П цЧйхБЬшобцХ░: 0/14
2026-02-18 03:28:01,001 - INFO - fusion_common - ЁЯУЙ х╜УхЙНхнжф╣ачОЗ: 0.00030000
2026-02-18 03:28:01,002 - INFO - fusion_common - ЁЯзн Epoch 4/40
2026-02-18 04:14:35,259 - INFO - fusion_common - ЁЯзк х╝АхзЛщкМшпБ: epoch=4
2026-02-18 04:19:56,628 - INFO - fusion_common - ЁЯУК Epoch 4 ч╗УцЮЬ: шонч╗Г Loss: 0.8875, шонч╗Г Acc: 0.6001, шонч╗Г F1: 0.5822 | щкМшпБ Loss: 1.0202, щкМшпБ Acc: 0.5470, щкМшпБ F1: 0.5397
2026-02-18 04:19:56,724 - INFO - fusion_common - тП▒я╕П цЧйхБЬшобцХ░: 0/14
2026-02-18 04:19:56,726 - INFO - fusion_common - ЁЯУЙ х╜УхЙНхнжф╣ачОЗ: 0.00030000
2026-02-18 04:19:56,726 - INFO - fusion_common - ЁЯзн Epoch 5/40
2026-02-18 05:07:05,655 - INFO - fusion_common - ЁЯзк х╝АхзЛщкМшпБ: epoch=5
2026-02-18 05:12:06,278 - INFO - fusion_common - ЁЯУК Epoch 5 ч╗УцЮЬ: шонч╗Г Loss: 0.8586, шонч╗Г Acc: 0.6149, шонч╗Г F1: 0.5981 | щкМшпБ Loss: 1.0332, щкМшпБ Acc: 0.5561, щкМшпБ F1: 0.5415
2026-02-18 05:12:06,383 - INFO - fusion_common - тП▒я╕П цЧйхБЬшобцХ░: 0/14
2026-02-18 05:12:06,383 - INFO - fusion_common - ЁЯУЙ х╜УхЙНхнжф╣ачОЗ: 0.00030000
2026-02-18 05:12:06,384 - INFO - fusion_common - ЁЯзн Epoch 6/40
2026-02-18 05:59:48,339 - INFO - fusion_common - ЁЯзк х╝АхзЛщкМшпБ: epoch=6
2026-02-18 06:05:13,468 - INFO - fusion_common - ЁЯУК Epoch 6 ч╗УцЮЬ: шонч╗Г Loss: 0.8363, шонч╗Г Acc: 0.6259, шонч╗Г F1: 0.6102 | щкМшпБ Loss: 1.0223, щкМшпБ Acc: 0.5645, щкМшпБ F1: 0.5625
2026-02-18 06:05:13,527 - INFO - fusion_common - тП▒я╕П цЧйхБЬшобцХ░: 0/14
2026-02-18 06:05:13,530 - INFO - fusion_common - ЁЯУЙ х╜УхЙНхнжф╣ачОЗ: 0.00030000
2026-02-18 06:05:13,530 - INFO - fusion_common - ЁЯзн Epoch 7/40
2026-02-18 06:52:43,272 - INFO - fusion_common - ЁЯзк х╝АхзЛщкМшпБ: epoch=7
2026-02-18 06:58:07,231 - INFO - fusion_common - ЁЯУК Epoch 7 ч╗УцЮЬ: шонч╗Г Loss: 0.8189, шонч╗Г Acc: 0.6340, шонч╗Г F1: 0.6190 | щкМшпБ Loss: 1.0038, щкМшпБ Acc: 0.5669, щкМшпБ F1: 0.5603
2026-02-18 06:58:07,235 - INFO - fusion_common - тП▒я╕П цЧйхБЬшобцХ░: 1/14
2026-02-18 06:58:07,236 - INFO - fusion_common - ЁЯУЙ х╜УхЙНхнжф╣ачОЗ: 0.00030000
2026-02-18 06:58:07,236 - INFO - fusion_common - ЁЯзн Epoch 8/40
2026-02-18 07:45:18,861 - INFO - fusion_common - ЁЯзк х╝АхзЛщкМшпБ: epoch=8
2026-02-18 07:50:39,073 - INFO - fusion_common - ЁЯУК Epoch 8 ч╗УцЮЬ: шонч╗Г Loss: 0.8022, шонч╗Г Acc: 0.6424, шонч╗Г F1: 0.6285 | щкМшпБ Loss: 1.0134, щкМшпБ Acc: 0.5722, щкМшпБ F1: 0.5708
2026-02-18 07:50:39,131 - INFO - fusion_common - тП▒я╕П цЧйхБЬшобцХ░: 0/14
2026-02-18 07:50:39,132 - INFO - fusion_common - ЁЯУЙ х╜УхЙНхнжф╣ачОЗ: 0.00030000
2026-02-18 07:50:39,133 - INFO - fusion_common - ЁЯзн Epoch 9/40
2026-02-18 08:38:36,854 - INFO - fusion_common - ЁЯзк х╝АхзЛщкМшпБ: epoch=9
2026-02-18 08:43:46,844 - INFO - fusion_common - ЁЯУК Epoch 9 ч╗УцЮЬ: шонч╗Г Loss: 0.7862, шонч╗Г Acc: 0.6499, шонч╗Г F1: 0.6368 | щкМшпБ Loss: 0.9783, щкМшпБ Acc: 0.5827, щкМшпБ F1: 0.5807
2026-02-18 08:43:46,922 - INFO - fusion_common - тП▒я╕П цЧйхБЬшобцХ░: 0/14
2026-02-18 08:43:46,924 - INFO - fusion_common - ЁЯУЙ х╜УхЙНхнжф╣ачОЗ: 0.00030000
2026-02-18 08:43:46,924 - INFO - fusion_common - ЁЯзн Epoch 10/40
2026-02-18 09:31:37,373 - INFO - fusion_common - ЁЯзк х╝АхзЛщкМшпБ: epoch=10
2026-02-18 09:37:10,109 - INFO - fusion_common - ЁЯУК Epoch 10 ч╗УцЮЬ: шонч╗Г Loss: 0.7727, шонч╗Г Acc: 0.6564, шонч╗Г F1: 0.6439 | щкМшпБ Loss: 1.0236, щкМшпБ Acc: 0.5888, щкМшпБ F1: 0.5866
2026-02-18 09:37:10,190 - INFO - fusion_common - тП▒я╕П цЧйхБЬшобцХ░: 0/14
2026-02-18 09:37:10,190 - INFO - fusion_common - ЁЯУЙ х╜УхЙНхнжф╣ачОЗ: 0.00030000
2026-02-18 09:37:10,191 - INFO - fusion_common - ЁЯзн Epoch 11/40
2026-02-18 10:23:10,305 - INFO - fusion_common - ЁЯзк х╝АхзЛщкМшпБ: epoch=11
2026-02-18 10:28:02,132 - INFO - fusion_common - ЁЯУК Epoch 11 ч╗УцЮЬ: шонч╗Г Loss: 0.7597, шонч╗Г Acc: 0.6633, шонч╗Г F1: 0.6515 | щкМшпБ Loss: 1.0241, щкМшпБ Acc: 0.5929, щкМшпБ F1: 0.5869
2026-02-18 10:28:02,217 - INFO - fusion_common - тП▒я╕П цЧйхБЬшобцХ░: 0/14
2026-02-18 10:28:02,217 - INFO - fusion_common - ЁЯУЙ х╜УхЙНхнжф╣ачОЗ: 0.00030000
2026-02-18 10:28:02,218 - INFO - fusion_common - ЁЯзн Epoch 12/40
2026-02-18 10:57:51,698 - INFO - fusion_common - ЁЯзк х╝АхзЛщкМшпБ: epoch=12
2026-02-18 11:03:27,812 - INFO - fusion_common - ЁЯУК Epoch 12 ч╗УцЮЬ: шонч╗Г Loss: 0.7448, шонч╗Г Acc: 0.6701, шонч╗Г F1: 0.6589 | щкМшпБ Loss: 0.9650, щкМшпБ Acc: 0.6036, щкМшпБ F1: 0.6009
2026-02-18 11:03:27,882 - INFO - fusion_common - тП▒я╕П цЧйхБЬшобцХ░: 0/14
2026-02-18 11:03:27,883 - INFO - fusion_common - ЁЯУЙ х╜УхЙНхнжф╣ачОЗ: 0.00030000
2026-02-18 11:03:27,884 - INFO - fusion_common - ЁЯзн Epoch 13/40
2026-02-18 11:50:40,153 - INFO - fusion_common - ЁЯзк х╝АхзЛщкМшпБ: epoch=13
2026-02-18 11:56:13,128 - INFO - fusion_common - ЁЯУК Epoch 13 ч╗УцЮЬ: шонч╗Г Loss: 0.7345, шонч╗Г Acc: 0.6754, шонч╗Г F1: 0.6644 | щкМшпБ Loss: 0.9986, щкМшпБ Acc: 0.6066, щкМшпБ F1: 0.6028
2026-02-18 11:56:13,198 - INFO - fusion_common - тП▒я╕П цЧйхБЬшобцХ░: 0/14
2026-02-18 11:56:13,200 - INFO - fusion_common - ЁЯУЙ х╜УхЙНхнжф╣ачОЗ: 0.00030000
2026-02-18 11:56:13,200 - INFO - fusion_common - ЁЯзн Epoch 14/40
2026-02-18 12:44:10,946 - INFO - fusion_common - ЁЯзк х╝АхзЛщкМшпБ: epoch=14
2026-02-18 12:49:47,555 - INFO - fusion_common - ЁЯУК Epoch 14 ч╗УцЮЬ: шонч╗Г Loss: 0.7253, шонч╗Г Acc: 0.6796, шонч╗Г F1: 0.6689 | щкМшпБ Loss: 0.9297, щкМшпБ Acc: 0.6116, щкМшпБ F1: 0.6108
2026-02-18 12:49:47,640 - INFO - fusion_common - тП▒я╕П цЧйхБЬшобцХ░: 0/14
2026-02-18 12:49:47,641 - INFO - fusion_common - ЁЯУЙ х╜УхЙНхнжф╣ачОЗ: 0.00030000
2026-02-18 12:49:47,642 - INFO - fusion_common - ЁЯзн Epoch 15/40
2026-02-18 13:21:43,801 - INFO - fusion_common - ЁЯзк х╝АхзЛщкМшпБ: epoch=15
2026-02-18 13:23:45,229 - INFO - fusion_common - ЁЯУК Epoch 15 ч╗УцЮЬ: шонч╗Г Loss: 0.7167, шонч╗Г Acc: 0.6837, шонч╗Г F1: 0.6733 | щкМшпБ Loss: 1.0161, щкМшпБ Acc: 0.6100, щкМшпБ F1: 0.6075
2026-02-18 13:23:45,229 - INFO - fusion_common - тП▒я╕П цЧйхБЬшобцХ░: 1/14
2026-02-18 13:23:45,229 - INFO - fusion_common - ЁЯУЙ х╜УхЙНхнжф╣ачОЗ: 0.00030000
2026-02-18 13:23:45,229 - INFO - fusion_common - ЁЯзн Epoch 16/40
2026-02-18 13:59:01,179 - INFO - fusion_common - ЁЯзк х╝АхзЛщкМшпБ: epoch=16
2026-02-18 14:02:51,857 - INFO - fusion_common - ЁЯУК Epoch 16 ч╗УцЮЬ: шонч╗Г Loss: 0.7084, шонч╗Г Acc: 0.6879, шонч╗Г F1: 0.6777 | щкМшпБ Loss: 1.0180, щкМшпБ Acc: 0.6058, щкМшпБ F1: 0.6079
2026-02-18 14:02:51,858 - INFO - fusion_common - тП▒я╕П цЧйхБЬшобцХ░: 2/14
2026-02-18 14:02:51,858 - INFO - fusion_common - ЁЯУЙ х╜УхЙНхнжф╣ачОЗ: 0.00030000
2026-02-18 14:02:51,858 - INFO - fusion_common - ЁЯзн Epoch 17/40
2026-02-18 14:40:46,313 - INFO - fusion_common - ЁЯзк х╝АхзЛщкМшпБ: epoch=17
2026-02-18 14:42:28,234 - INFO - fusion_common - ЁЯУК Epoch 17 ч╗УцЮЬ: шонч╗Г Loss: 0.7003, шонч╗Г Acc: 0.6919, шонч╗Г F1: 0.6820 | щкМшпБ Loss: 0.9720, щкМшпБ Acc: 0.6085, щкМшпБ F1: 0.6058
2026-02-18 14:42:28,239 - INFO - fusion_common - тП▒я╕П цЧйхБЬшобцХ░: 3/14
2026-02-18 14:42:28,239 - INFO - fusion_common - ЁЯУЙ х╜УхЙНхнжф╣ачОЗ: 0.00015000
2026-02-18 14:42:28,239 - INFO - fusion_common - ЁЯзн Epoch 18/40
2026-02-18 15:02:57,239 - INFO - fusion_common - ЁЯзк х╝АхзЛщкМшпБ: epoch=18
2026-02-18 15:05:31,149 - INFO - fusion_common - ЁЯУК Epoch 18 ч╗УцЮЬ: шонч╗Г Loss: 0.6714, шонч╗Г Acc: 0.7048, шонч╗Г F1: 0.6957 | щкМшпБ Loss: 0.9553, щкМшпБ Acc: 0.6276, щкМшпБ F1: 0.6266
2026-02-18 15:05:31,178 - INFO - fusion_common - тП▒я╕П цЧйхБЬшобцХ░: 0/14
2026-02-18 15:05:31,178 - INFO - fusion_common - ЁЯУЙ х╜УхЙНхнжф╣ачОЗ: 0.00015000
2026-02-18 15:05:31,178 - INFO - fusion_common - ЁЯзн Epoch 19/40
2026-02-18 15:31:38,401 - INFO - fusion_common - ЁЯзк х╝АхзЛщкМшпБ: epoch=19
2026-02-18 15:35:36,962 - INFO - fusion_common - ЁЯУК Epoch 19 ч╗УцЮЬ: шонч╗Г Loss: 0.6621, шонч╗Г Acc: 0.7095, шонч╗Г F1: 0.7008 | щкМшпБ Loss: 0.9824, щкМшпБ Acc: 0.6281, щкМшпБ F1: 0.6260
2026-02-18 15:35:36,966 - INFO - fusion_common - тП▒я╕П цЧйхБЬшобцХ░: 1/14
2026-02-18 15:35:36,966 - INFO - fusion_common - ЁЯУЙ х╜УхЙНхнжф╣ачОЗ: 0.00015000
2026-02-18 15:35:36,967 - INFO - fusion_common - ЁЯзн Epoch 20/40
2026-02-18 16:11:38,242 - INFO - fusion_common - ЁЯзк х╝АхзЛщкМшпБ: epoch=20
2026-02-18 16:15:34,368 - INFO - fusion_common - ЁЯУК Epoch 20 ч╗УцЮЬ: шонч╗Г Loss: 0.6568, шонч╗Г Acc: 0.7118, шонч╗Г F1: 0.7033 | щкМшпБ Loss: 0.9720, щкМшпБ Acc: 0.6334, щкМшпБ F1: 0.6308
2026-02-18 16:15:34,442 - INFO - fusion_common - тП▒я╕П цЧйхБЬшобцХ░: 0/14
2026-02-18 16:15:34,442 - INFO - fusion_common - ЁЯУЙ х╜УхЙНхнжф╣ачОЗ: 0.00015000
2026-02-18 16:15:34,443 - INFO - fusion_common - ЁЯзн Epoch 21/40
2026-02-18 16:36:10,353 - INFO - fusion_common - ЁЯзк х╝АхзЛщкМшпБ: epoch=21
2026-02-18 16:37:40,911 - INFO - fusion_common - ЁЯУК Epoch 21 ч╗УцЮЬ: шонч╗Г Loss: 0.6524, шонч╗Г Acc: 0.7143, шонч╗Г F1: 0.7057 | щкМшпБ Loss: 0.9775, щкМшпБ Acc: 0.6353, щкМшпБ F1: 0.6333
2026-02-18 16:37:40,938 - INFO - fusion_common - тП▒я╕П цЧйхБЬшобцХ░: 0/14
2026-02-18 16:37:40,939 - INFO - fusion_common - ЁЯУЙ х╜УхЙНхнжф╣ачОЗ: 0.00015000
2026-02-18 16:37:40,939 - INFO - fusion_common - ЁЯзн Epoch 22/40
2026-02-18 16:58:45,372 - INFO - fusion_common - ЁЯзк х╝АхзЛщкМшпБ: epoch=22
2026-02-18 17:01:09,068 - INFO - fusion_common - ЁЯУК Epoch 22 ч╗УцЮЬ: шонч╗Г Loss: 0.6476, шонч╗Г Acc: 0.7161, шонч╗Г F1: 0.7075 | щкМшпБ Loss: 0.9480, щкМшпБ Acc: 0.6324, щкМшпБ F1: 0.6298
2026-02-18 17:01:09,069 - INFO - fusion_common - тП▒я╕П цЧйхБЬшобцХ░: 1/14
2026-02-18 17:01:09,069 - INFO - fusion_common - ЁЯУЙ х╜УхЙНхнжф╣ачОЗ: 0.00015000
2026-02-18 17:01:09,069 - INFO - fusion_common - ЁЯзн Epoch 23/40
2026-02-18 17:21:56,255 - INFO - fusion_common - ЁЯзк х╝АхзЛщкМшпБ: epoch=23
2026-02-18 17:24:23,820 - INFO - fusion_common - ЁЯУК Epoch 23 ч╗УцЮЬ: шонч╗Г Loss: 0.6429, шонч╗Г Acc: 0.7187, шонч╗Г F1: 0.7105 | щкМшпБ Loss: 0.9713, щкМшпБ Acc: 0.6395, щкМшпБ F1: 0.6360
2026-02-18 17:24:23,841 - INFO - fusion_common - тП▒я╕П цЧйхБЬшобцХ░: 0/14
2026-02-18 17:24:23,841 - INFO - fusion_common - ЁЯУЙ х╜УхЙНхнжф╣ачОЗ: 0.00015000
2026-02-18 17:24:23,841 - INFO - fusion_common - ЁЯзн Epoch 24/40
2026-02-18 17:43:16,982 - INFO - fusion_common - ЁЯзк х╝АхзЛщкМшпБ: epoch=24
2026-02-18 17:46:18,522 - INFO - fusion_common - ЁЯУК Epoch 24 ч╗УцЮЬ: шонч╗Г Loss: 0.6389, шонч╗Г Acc: 0.7206, шонч╗Г F1: 0.7124 | щкМшпБ Loss: 1.0363, щкМшпБ Acc: 0.6326, щкМшпБ F1: 0.6284
2026-02-18 17:46:18,522 - INFO - fusion_common - тП▒я╕П цЧйхБЬшобцХ░: 1/14
2026-02-18 17:46:18,522 - INFO - fusion_common - ЁЯУЙ х╜УхЙНхнжф╣ачОЗ: 0.00015000
2026-02-18 17:46:18,522 - INFO - fusion_common - ЁЯзн Epoch 25/40
2026-02-18 18:05:34,997 - INFO - fusion_common - ЁЯзк х╝АхзЛщкМшпБ: epoch=25
2026-02-18 18:08:46,249 - INFO - fusion_common - ЁЯУК Epoch 25 ч╗УцЮЬ: шонч╗Г Loss: 0.6358, шонч╗Г Acc: 0.7224, шонч╗Г F1: 0.7142 | щкМшпБ Loss: 1.0334, щкМшпБ Acc: 0.6437, щкМшпБ F1: 0.6412
2026-02-18 18:08:46,272 - INFO - fusion_common - тП▒я╕П цЧйхБЬшобцХ░: 0/14
2026-02-18 18:08:46,272 - INFO - fusion_common - ЁЯУЙ х╜УхЙНхнжф╣ачОЗ: 0.00015000
2026-02-18 18:08:46,272 - INFO - fusion_common - ЁЯзн Epoch 26/40
2026-02-18 18:28:08,509 - INFO - fusion_common - ЁЯзк х╝АхзЛщкМшпБ: epoch=26
2026-02-18 18:30:33,916 - INFO - fusion_common - ЁЯУК Epoch 26 ч╗УцЮЬ: шонч╗Г Loss: 0.6317, шонч╗Г Acc: 0.7244, шонч╗Г F1: 0.7163 | щкМшпБ Loss: 1.0043, щкМшпБ Acc: 0.6368, щкМшпБ F1: 0.6344
2026-02-18 18:30:33,917 - INFO - fusion_common - тП▒я╕П цЧйхБЬшобцХ░: 1/14
2026-02-18 18:30:33,917 - INFO - fusion_common - ЁЯУЙ х╜УхЙНхнжф╣ачОЗ: 0.00015000
2026-02-18 18:30:33,917 - INFO - fusion_common - ЁЯзн Epoch 27/40
2026-02-18 18:54:57,475 - INFO - fusion_common - ЁЯзк х╝АхзЛщкМшпБ: epoch=27
2026-02-18 18:57:30,312 - INFO - fusion_common - ЁЯУК Epoch 27 ч╗УцЮЬ: шонч╗Г Loss: 0.6285, шонч╗Г Acc: 0.7260, шонч╗Г F1: 0.7180 | щкМшпБ Loss: 1.0336, щкМшпБ Acc: 0.6413, щкМшпБ F1: 0.6391
2026-02-18 18:57:30,313 - INFO - fusion_common - тП▒я╕П цЧйхБЬшобцХ░: 2/14
2026-02-18 18:57:30,313 - INFO - fusion_common - ЁЯУЙ х╜УхЙНхнжф╣ачОЗ: 0.00015000
2026-02-18 18:57:30,313 - INFO - fusion_common - ЁЯзн Epoch 28/40
2026-02-18 19:16:53,218 - INFO - fusion_common - ЁЯзк х╝АхзЛщкМшпБ: epoch=28
2026-02-18 19:19:45,373 - INFO - fusion_common - ЁЯУК Epoch 28 ч╗УцЮЬ: шонч╗Г Loss: 0.6250, шонч╗Г Acc: 0.7274, шонч╗Г F1: 0.7195 | щкМшпБ Loss: 0.9934, щкМшпБ Acc: 0.6451, щкМшпБ F1: 0.6419
2026-02-18 19:19:45,407 - INFO - fusion_common - тП▒я╕П цЧйхБЬшобцХ░: 0/14
2026-02-18 19:19:45,407 - INFO - fusion_common - ЁЯУЙ х╜УхЙНхнжф╣ачОЗ: 0.00015000
2026-02-18 19:19:45,407 - INFO - fusion_common - ЁЯзн Epoch 29/40
2026-02-18 19:39:03,385 - INFO - fusion_common - ЁЯзк х╝АхзЛщкМшпБ: epoch=29
2026-02-18 19:41:24,975 - INFO - fusion_common - ЁЯУК Epoch 29 ч╗УцЮЬ: шонч╗Г Loss: 0.6222, шонч╗Г Acc: 0.7290, шонч╗Г F1: 0.7211 | щкМшпБ Loss: 1.0058, щкМшпБ Acc: 0.6425, щкМшпБ F1: 0.6380
2026-02-18 19:41:24,975 - INFO - fusion_common - тП▒я╕П цЧйхБЬшобцХ░: 1/14
2026-02-18 19:41:24,975 - INFO - fusion_common - ЁЯУЙ х╜УхЙНхнжф╣ачОЗ: 0.00015000
2026-02-18 19:41:24,975 - INFO - fusion_common - ЁЯзн Epoch 30/40
2026-02-18 20:00:36,780 - INFO - fusion_common - ЁЯзк х╝АхзЛщкМшпБ: epoch=30
2026-02-18 20:03:26,508 - INFO - fusion_common - ЁЯУК Epoch 30 ч╗УцЮЬ: шонч╗Г Loss: 0.6192, шонч╗Г Acc: 0.7305, шонч╗Г F1: 0.7227 | щкМшпБ Loss: 1.0066, щкМшпБ Acc: 0.6452, щкМшпБ F1: 0.6416
2026-02-18 20:03:26,509 - INFO - fusion_common - тП▒я╕П цЧйхБЬшобцХ░: 2/14
2026-02-18 20:03:26,509 - INFO - fusion_common - ЁЯУЙ х╜УхЙНхнжф╣ачОЗ: 0.00015000
2026-02-18 20:03:26,509 - INFO - fusion_common - ЁЯзн Epoch 31/40
2026-02-18 20:22:47,643 - INFO - fusion_common - ЁЯзк х╝АхзЛщкМшпБ: epoch=31
2026-02-18 20:25:55,294 - INFO - fusion_common - ЁЯУК Epoch 31 ч╗УцЮЬ: шонч╗Г Loss: 0.6162, шонч╗Г Acc: 0.7316, шонч╗Г F1: 0.7241 | щкМшпБ Loss: 1.0428, щкМшпБ Acc: 0.6403, щкМшпБ F1: 0.6393
2026-02-18 20:25:55,294 - INFO - fusion_common - тП▒я╕П цЧйхБЬшобцХ░: 3/14
2026-02-18 20:25:55,294 - INFO - fusion_common - ЁЯУЙ х╜УхЙНхнжф╣ачОЗ: 0.00007500
2026-02-18 20:25:55,294 - INFO - fusion_common - ЁЯзн Epoch 32/40
2026-02-18 20:45:57,096 - INFO - fusion_common - ЁЯзк х╝АхзЛщкМшпБ: epoch=32
2026-02-18 20:48:12,605 - INFO - fusion_common - ЁЯУК Epoch 32 ч╗УцЮЬ: шонч╗Г Loss: 0.6003, шонч╗Г Acc: 0.7389, шонч╗Г F1: 0.7317 | щкМшпБ Loss: 1.0162, щкМшпБ Acc: 0.6457, щкМшпБ F1: 0.6434
2026-02-18 20:48:12,628 - INFO - fusion_common - тП▒я╕П цЧйхБЬшобцХ░: 0/14
2026-02-18 20:48:12,628 - INFO - fusion_common - ЁЯУЙ х╜УхЙНхнжф╣ачОЗ: 0.00007500
2026-02-18 20:48:12,628 - INFO - fusion_common - ЁЯзн Epoch 33/40
2026-02-18 21:07:20,354 - INFO - fusion_common - ЁЯзк х╝АхзЛщкМшпБ: epoch=33
2026-02-18 21:10:00,455 - INFO - fusion_common - ЁЯУК Epoch 33 ч╗УцЮЬ: шонч╗Г Loss: 0.5968, шонч╗Г Acc: 0.7406, шонч╗Г F1: 0.7336 | щкМшпБ Loss: 1.0031, щкМшпБ Acc: 0.6512, щкМшпБ F1: 0.6483
2026-02-18 21:10:00,503 - INFO - fusion_common - тП▒я╕П цЧйхБЬшобцХ░: 0/14
2026-02-18 21:10:00,503 - INFO - fusion_common - ЁЯУЙ х╜УхЙНхнжф╣ачОЗ: 0.00007500
2026-02-18 21:10:00,503 - INFO - fusion_common - ЁЯзн Epoch 34/40
2026-02-18 21:29:19,644 - INFO - fusion_common - ЁЯзк х╝АхзЛщкМшпБ: epoch=34
2026-02-18 21:32:13,428 - INFO - fusion_common - ЁЯУК Epoch 34 ч╗УцЮЬ: шонч╗Г Loss: 0.5940, шонч╗Г Acc: 0.7416, шонч╗Г F1: 0.7346 | щкМшпБ Loss: 1.0205, щкМшпБ Acc: 0.6520, щкМшпБ F1: 0.6503
2026-02-18 21:32:13,448 - INFO - fusion_common - тП▒я╕П цЧйхБЬшобцХ░: 0/14
2026-02-18 21:32:13,448 - INFO - fusion_common - ЁЯУЙ х╜УхЙНхнжф╣ачОЗ: 0.00007500
2026-02-18 21:32:13,448 - INFO - fusion_common - ЁЯзн Epoch 35/40
2026-02-18 21:51:36,442 - INFO - fusion_common - ЁЯзк х╝АхзЛщкМшпБ: epoch=35
2026-02-18 21:53:59,401 - INFO - fusion_common - ЁЯУК Epoch 35 ч╗УцЮЬ: шонч╗Г Loss: 0.5921, шонч╗Г Acc: 0.7428, шонч╗Г F1: 0.7358 | щкМшпБ Loss: 1.0289, щкМшпБ Acc: 0.6551, щкМшпБ F1: 0.6529
2026-02-18 21:53:59,423 - INFO - fusion_common - тП▒я╕П цЧйхБЬшобцХ░: 0/14
2026-02-18 21:53:59,423 - INFO - fusion_common - ЁЯУЙ х╜УхЙНхнжф╣ачОЗ: 0.00007500
2026-02-18 21:53:59,423 - INFO - fusion_common - ЁЯзн Epoch 36/40
2026-02-18 22:13:16,168 - INFO - fusion_common - ЁЯзк х╝АхзЛщкМшпБ: epoch=36
2026-02-18 22:16:06,451 - INFO - fusion_common - ЁЯУК Epoch 36 ч╗УцЮЬ: шонч╗Г Loss: 0.5907, шонч╗Г Acc: 0.7437, шонч╗Г F1: 0.7369 | щкМшпБ Loss: 1.0594, щкМшпБ Acc: 0.6503, щкМшпБ F1: 0.6480
2026-02-18 22:16:06,453 - INFO - fusion_common - тП▒я╕П цЧйхБЬшобцХ░: 1/14
2026-02-18 22:16:06,453 - INFO - fusion_common - ЁЯУЙ х╜УхЙНхнжф╣ачОЗ: 0.00007500
2026-02-18 22:16:06,453 - INFO - fusion_common - ЁЯзн Epoch 37/40
2026-02-18 22:35:22,273 - INFO - fusion_common - ЁЯзк х╝АхзЛщкМшпБ: epoch=37
2026-02-18 22:38:09,420 - INFO - fusion_common - ЁЯУК Epoch 37 ч╗УцЮЬ: шонч╗Г Loss: 0.5882, шонч╗Г Acc: 0.7450, шонч╗Г F1: 0.7381 | щкМшпБ Loss: 1.0332, щкМшпБ Acc: 0.6516, щкМшпБ F1: 0.6485
2026-02-18 22:38:09,420 - INFO - fusion_common - тП▒я╕П цЧйхБЬшобцХ░: 2/14
2026-02-18 22:38:09,421 - INFO - fusion_common - ЁЯУЙ х╜УхЙНхнжф╣ачОЗ: 0.00007500
2026-02-18 22:38:09,421 - INFO - fusion_common - ЁЯзн Epoch 38/40
2026-02-18 22:57:40,800 - INFO - fusion_common - ЁЯзк х╝АхзЛщкМшпБ: epoch=38
2026-02-18 23:00:57,120 - INFO - fusion_common - ЁЯУК Epoch 38 ч╗УцЮЬ: шонч╗Г Loss: 0.5864, шонч╗Г Acc: 0.7455, шонч╗Г F1: 0.7388 | щкМшпБ Loss: 1.0601, щкМшпБ Acc: 0.6482, щкМшпБ F1: 0.6459
2026-02-18 23:00:57,122 - INFO - fusion_common - тП▒я╕П цЧйхБЬшобцХ░: 3/14
2026-02-18 23:00:57,123 - INFO - fusion_common - ЁЯУЙ х╜УхЙНхнжф╣ачОЗ: 0.00003750
2026-02-18 23:00:57,123 - INFO - fusion_common - ЁЯзн Epoch 39/40
2026-02-18 23:20:42,842 - INFO - fusion_common - ЁЯзк х╝АхзЛщкМшпБ: epoch=39
2026-02-18 23:23:15,202 - INFO - fusion_common - ЁЯУК Epoch 39 ч╗УцЮЬ: шонч╗Г Loss: 0.5783, шонч╗Г Acc: 0.7491, шонч╗Г F1: 0.7424 | щкМшпБ Loss: 1.0309, щкМшпБ Acc: 0.6547, щкМшпБ F1: 0.6520
2026-02-18 23:23:15,203 - INFO - fusion_common - тП▒я╕П цЧйхБЬшобцХ░: 4/14
2026-02-18 23:23:15,203 - INFO - fusion_common - ЁЯУЙ х╜УхЙНхнжф╣ачОЗ: 0.00003750
2026-02-18 23:23:15,203 - INFO - fusion_common - ЁЯзн Epoch 40/40
2026-02-18 23:42:39,212 - INFO - fusion_common - ЁЯзк х╝АхзЛщкМшпБ: epoch=40
2026-02-18 23:45:32,238 - INFO - fusion_common - ЁЯУК Epoch 40 ч╗УцЮЬ: шонч╗Г Loss: 0.5759, шонч╗Г Acc: 0.7501, шонч╗Г F1: 0.7436 | щкМшпБ Loss: 1.0706, щкМшпБ Acc: 0.6503, щкМшпБ F1: 0.6473
2026-02-18 23:45:32,239 - INFO - fusion_common - тП▒я╕П цЧйхБЬшобцХ░: 5/14
2026-02-18 23:45:32,239 - INFO - fusion_common - ЁЯУЙ х╜УхЙНхнжф╣ачОЗ: 0.00003750
2026-02-18 23:45:32,252 - INFO - fusion_common - тЬЕ х╖▓цБвхдНцЬАф╜│щкМшпБцЭГщЗН: metric=val_f1, best_score=0.652863, mode=max
2026-02-18 23:45:32,252 - INFO - fusion_common - шЮНхРИцибхЮЛшонч╗ГхоМцИР
2026-02-18 23:45:35,414 - INFO - run_attention - [AttentionDiag] mean=0.000977 min=0.000001 max=0.260708 entropy=5.3347 top1=0.0300 top5=0.1075 top10=0.1815 nonpad_mass=1.0000 pad_mass=0.0000 nonpad_frac=1.0000
2026-02-18 23:45:36,299 - INFO - run_attention - [AttentionDiag] saved attention curve: C:\Repositories\Traffic\FusionModel\outputs\attention_curve_attention_dim256_20260218_004625.png
2026-02-18 23:46:51,059 - INFO - run_attention - ЁЯУК шпДф╝░ч╗УцЮЬ:
2026-02-18 23:46:51,060 - INFO - run_attention -   - хЗЖчбочОЗ(ACC): 0.6551
2026-02-18 23:46:51,060 - INFO - run_attention -   - Macro F1: 0.6529
2026-02-18 23:46:51,060 - INFO - run_attention -   хИЖч▒╗цКехСК:
              precision    recall  f1-score   support

           0     0.6494    0.7338    0.6890     41163
           1     0.6838    0.7065    0.6949     39692
           2     0.6916    0.5854    0.6341     25424
           3     0.6136    0.5746    0.5934     43441

    accuracy                         0.6551    149720
   macro avg     0.6596    0.6500    0.6529    149720
weighted avg     0.6553    0.6551    0.6535    149720

2026-02-18 23:46:51,062 - INFO - run_attention -   ц╖╖ц╖ЖчЯйщШ╡:
[[30204  3596  1057  6306]
 [ 4733 28041  2546  4372]
 [ 2092  3408 14883  5041]
 [ 9483  5965  3033 24960]]
2026-02-18 23:46:51,369 - INFO - run_attention - тЬЕ х╖▓ф┐ЭхнШ metrics_curve_attention_dim256: C:\Repositories\Traffic\FusionModel\outputs\metrics_curve_attention_dim256_20260218_004625.png (exists=True)
2026-02-18 23:46:51,504 - INFO - run_attention - тЬЕ х╖▓ф┐ЭхнШ confusion_matrix_attention_dim256: C:\Repositories\Traffic\FusionModel\outputs\confusion_matrix_attention_dim256_20260218_004625.png (exists=True)
2026-02-18 23:46:51,505 - INFO - run_attention - тЬЕ х╖▓ф┐ЭхнШ report_attention_dim256: C:\Repositories\Traffic\FusionModel\outputs\report_attention_dim256_20260218_004625.md (exists=True)
2026-02-18 23:46:51,578 - INFO - run_attention - тЬЕ х╖▓ф┐ЭхнШ model_attention_dim256: C:\Repositories\Traffic\FusionModel\outputs\fusion_model_attention_dim256.pth (exists=True)
2026-02-18 23:46:51,578 - INFO - run_attention - ЁЯПБ шонч╗ГхоМцИР mode=attention, log=C:\Repositories\Traffic\FusionModel\outputs\logs\attention_dim256_20260218_004625.log
