2026-02-17 00:07:57,676 - INFO - run_attention - ЁЯЪА х╝АхзЛшонч╗Гцибх╝П=attention, outputs=C:\Repositories\Traffic\FusionModel\outputs
2026-02-17 00:07:57,676 - INFO - fusion_common - хКаш╜╜шЮНхРИцХ░цНо - хЫ╛хГПчЫох╜Х: C:\Repositories\Traffic\FusionModel\dataset\CIC5_payload\image_data\Train, PcapчЫох╜Х: C:\Repositories\Traffic\FusionModel\dataset\CIC5_payload\pcap_data\Train
2026-02-17 00:07:59,411 - INFO - fusion_common - шЮНхРИцХ░цНоч┤вх╝Хш┐Ых║ж: 1/4 ч▒╗хИл (Adware)
2026-02-17 00:08:00,916 - INFO - fusion_common - шЮНхРИцХ░цНоч┤вх╝Хш┐Ых║ж: 2/4 ч▒╗хИл (Ransomware)
2026-02-17 00:08:02,006 - INFO - fusion_common - шЮНхРИцХ░цНоч┤вх╝Хш┐Ых║ж: 3/4 ч▒╗хИл (SMSMalware)
2026-02-17 00:08:03,807 - INFO - fusion_common - шЮНхРИцХ░цНоч┤вх╝Хш┐Ых║ж: 4/4 ч▒╗хИл (Scareware)
2026-02-17 00:08:05,384 - INFO - fusion_common - шЮНхРИч┤вх╝Хч╝УхнШх╖▓ф┐ЭхнШ: C:\Repositories\Traffic\FusionModel\dataset\CIC5_payload\image_data\Train\.fusion_index_cache_v1_crepositoriestrafficfusionmo_crepositoriestrafficfusionmo.json
2026-02-17 00:08:05,447 - INFO - fusion_common - шЮНхРИцХ░цНощЫЖхКаш╜╜хоМцИРя╝МцА╗ца╖цЬмцХ░: 542292
2026-02-17 00:08:05,471 - INFO - fusion_common - ч▒╗хИлхИЖх╕Г(Train) - Adware:156493, Ransomware:133613, SMSMalware:96051, Scareware:156135 | imbalance_ratio=1.63
2026-02-17 00:08:05,472 - INFO - fusion_common - шЮНхРИцХ░цНохКаш╜╜хоМцИРя╝Мч▒╗хИлцХ░: 4, ца╖цЬмцА╗цХ░: 542292
2026-02-17 00:08:05,472 - INFO - fusion_common - хКаш╜╜шЮНхРИцХ░цНо - хЫ╛хГПчЫох╜Х: C:\Repositories\Traffic\FusionModel\dataset\CIC5_payload\image_data\Test, PcapчЫох╜Х: C:\Repositories\Traffic\FusionModel\dataset\CIC5_payload\pcap_data\Test
2026-02-17 00:08:05,889 - INFO - fusion_common - шЮНхРИцХ░цНоч┤вх╝Хш┐Ых║ж: 1/4 ч▒╗хИл (Adware)
2026-02-17 00:08:06,276 - INFO - fusion_common - шЮНхРИцХ░цНоч┤вх╝Хш┐Ых║ж: 2/4 ч▒╗хИл (Ransomware)
2026-02-17 00:08:06,535 - INFO - fusion_common - шЮНхРИцХ░цНоч┤вх╝Хш┐Ых║ж: 3/4 ч▒╗хИл (SMSMalware)
2026-02-17 00:08:07,010 - INFO - fusion_common - шЮНхРИцХ░цНоч┤вх╝Хш┐Ых║ж: 4/4 ч▒╗хИл (Scareware)
2026-02-17 00:08:07,430 - INFO - fusion_common - шЮНхРИч┤вх╝Хч╝УхнШх╖▓ф┐ЭхнШ: C:\Repositories\Traffic\FusionModel\dataset\CIC5_payload\image_data\Test\.fusion_index_cache_v1_crepositoriestrafficfusionmo_crepositoriestrafficfusionmo.json
2026-02-17 00:08:07,453 - INFO - fusion_common - шЮНхРИцХ░цНощЫЖхКаш╜╜хоМцИРя╝МцА╗ца╖цЬмцХ░: 129809
2026-02-17 00:08:07,460 - INFO - fusion_common - ч▒╗хИлхИЖх╕Г(Test) - Adware:35405, Ransomware:34352, SMSMalware:22230, Scareware:37822 | imbalance_ratio=1.70
2026-02-17 00:08:07,461 - INFO - fusion_common - шЮНхРИцХ░цНохКаш╜╜хоМцИРя╝Мч▒╗хИлцХ░: 4, ца╖цЬмцА╗цХ░: 129809
2026-02-17 00:08:07,461 - INFO - fusion_common - хИЭхзЛхМЦшЮНхРИцибхЮЛя╝МшЮНхРИцибх╝П: attention
2026-02-17 00:08:07,580 - INFO - fusion_common - CharBERT хКаш╜╜цИРхКЯ: C:\Repositories\Traffic\FusionModel\src\CharBERT\src
2026-02-17 00:08:07,584 - INFO - fusion_common - шЮНхРИцибхЮЛхИЭхзЛхМЦхоМцИРя╝МхИЖч▒╗хд┤шо╛ч╜оф╕║ 4 ф╕кч▒╗хИл
2026-02-17 00:08:07,584 - INFO - fusion_common - х╝АхзЛшонч╗ГшЮНхРИцибхЮЛ
2026-02-17 00:08:07,584 - INFO - fusion_common - шонч╗ГхПВцХ░ - Epochs: 40, Learning Rate: 0.0003, Early Stopping Patience: 14
2026-02-17 00:08:07,585 - INFO - fusion_common - шонч╗ГчнЦчХе - class_balance: weighted_loss, loss_type: ce, focal_gamma: 1.500, weight_decay: 0.000100, label_smoothing: 0.0100, early_stop_metric: val_f1, lr_scheduler: reduce, val_every: 1
2026-02-17 00:08:07,585 - INFO - fusion_common - DataLoaderхПВцХ░ - train_batches: 8474, val_batches: 2029, batch_size: 64, num_workers: 4, pin_memory: True
2026-02-17 00:08:08,230 - INFO - fusion_common - ф╜┐чФи class-weighted CrossEntropyLoss
2026-02-17 00:08:08,231 - INFO - fusion_common - ЁЯзн Epoch 1/40
2026-02-17 00:32:44,626 - INFO - fusion_common - ЁЯзк х╝АхзЛщкМшпБ: epoch=1
2026-02-17 00:34:44,109 - INFO - fusion_common - ЁЯУК Epoch 1 ч╗УцЮЬ: шонч╗Г Loss: 1.2257, шонч╗Г Acc: 0.4099, шонч╗Г F1: 0.3802 | щкМшпБ Loss: 1.1867, щкМшпБ Acc: 0.4239, щкМшпБ F1: 0.4050
2026-02-17 00:34:44,146 - INFO - fusion_common - тП▒я╕П цЧйхБЬшобцХ░: 0/14
2026-02-17 00:34:44,147 - INFO - fusion_common - ЁЯУЙ х╜УхЙНхнжф╣ачОЗ: 0.00030000
2026-02-17 00:34:44,160 - INFO - fusion_common - ЁЯзн Epoch 2/40
2026-02-17 00:59:12,664 - INFO - fusion_common - ЁЯзк х╝АхзЛщкМшпБ: epoch=2
2026-02-17 01:00:50,113 - INFO - fusion_common - ЁЯУК Epoch 2 ч╗УцЮЬ: шонч╗Г Loss: 1.0785, шонч╗Г Acc: 0.4960, шонч╗Г F1: 0.4750 | щкМшпБ Loss: 1.1505, щкМшпБ Acc: 0.4532, щкМшпБ F1: 0.4272
2026-02-17 01:00:50,181 - INFO - fusion_common - тП▒я╕П цЧйхБЬшобцХ░: 0/14
2026-02-17 01:00:50,182 - INFO - fusion_common - ЁЯУЙ х╜УхЙНхнжф╣ачОЗ: 0.00030000
2026-02-17 01:00:50,185 - INFO - fusion_common - ЁЯзн Epoch 3/40
2026-02-17 01:25:16,348 - INFO - fusion_common - ЁЯзк х╝АхзЛщкМшпБ: epoch=3
2026-02-17 01:27:13,166 - INFO - fusion_common - ЁЯУК Epoch 3 ч╗УцЮЬ: шонч╗Г Loss: 1.0259, шонч╗Г Acc: 0.5221, шонч╗Г F1: 0.5066 | щкМшпБ Loss: 1.0882, щкМшпБ Acc: 0.4831, щкМшпБ F1: 0.4765
2026-02-17 01:27:13,188 - INFO - fusion_common - тП▒я╕П цЧйхБЬшобцХ░: 0/14
2026-02-17 01:27:13,188 - INFO - fusion_common - ЁЯУЙ х╜УхЙНхнжф╣ачОЗ: 0.00030000
2026-02-17 01:27:13,188 - INFO - fusion_common - ЁЯзн Epoch 4/40
2026-02-17 01:51:42,410 - INFO - fusion_common - ЁЯзк х╝АхзЛщкМшпБ: epoch=4
2026-02-17 01:53:19,719 - INFO - fusion_common - ЁЯУК Epoch 4 ч╗УцЮЬ: шонч╗Г Loss: 0.9918, шонч╗Г Acc: 0.5403, шонч╗Г F1: 0.5263 | щкМшпБ Loss: 1.0646, щкМшпБ Acc: 0.5037, щкМшпБ F1: 0.4996
2026-02-17 01:53:19,742 - INFO - fusion_common - тП▒я╕П цЧйхБЬшобцХ░: 0/14
2026-02-17 01:53:19,742 - INFO - fusion_common - ЁЯУЙ х╜УхЙНхнжф╣ачОЗ: 0.00030000
2026-02-17 01:53:19,742 - INFO - fusion_common - ЁЯзн Epoch 5/40
2026-02-17 02:17:46,417 - INFO - fusion_common - ЁЯзк х╝АхзЛщкМшпБ: epoch=5
2026-02-17 02:19:26,485 - INFO - fusion_common - ЁЯУК Epoch 5 ч╗УцЮЬ: шонч╗Г Loss: 0.9649, шонч╗Г Acc: 0.5539, шонч╗Г F1: 0.5408 | щкМшпБ Loss: 1.0170, щкМшпБ Acc: 0.5152, щкМшпБ F1: 0.5094
2026-02-17 02:19:26,512 - INFO - fusion_common - тП▒я╕П цЧйхБЬшобцХ░: 0/14
2026-02-17 02:19:26,513 - INFO - fusion_common - ЁЯУЙ х╜УхЙНхнжф╣ачОЗ: 0.00030000
2026-02-17 02:19:26,513 - INFO - fusion_common - ЁЯзн Epoch 6/40
2026-02-17 02:43:53,269 - INFO - fusion_common - ЁЯзк х╝АхзЛщкМшпБ: epoch=6
2026-02-17 02:45:30,185 - INFO - fusion_common - ЁЯУК Epoch 6 ч╗УцЮЬ: шонч╗Г Loss: 0.9428, шонч╗Г Acc: 0.5654, шонч╗Г F1: 0.5532 | щкМшпБ Loss: 1.0102, щкМшпБ Acc: 0.5212, щкМшпБ F1: 0.5171
2026-02-17 02:45:30,211 - INFO - fusion_common - тП▒я╕П цЧйхБЬшобцХ░: 0/14
2026-02-17 02:45:30,212 - INFO - fusion_common - ЁЯУЙ х╜УхЙНхнжф╣ачОЗ: 0.00030000
2026-02-17 02:45:30,212 - INFO - fusion_common - ЁЯзн Epoch 7/40
2026-02-17 03:09:56,781 - INFO - fusion_common - ЁЯзк х╝АхзЛщкМшпБ: epoch=7
2026-02-17 03:11:35,052 - INFO - fusion_common - ЁЯУК Epoch 7 ч╗УцЮЬ: шонч╗Г Loss: 0.9249, шонч╗Г Acc: 0.5745, шонч╗Г F1: 0.5629 | щкМшпБ Loss: 1.0189, щкМшпБ Acc: 0.5283, щкМшпБ F1: 0.5214
2026-02-17 03:11:35,292 - INFO - fusion_common - тП▒я╕П цЧйхБЬшобцХ░: 0/14
2026-02-17 03:11:35,292 - INFO - fusion_common - ЁЯУЙ х╜УхЙНхнжф╣ачОЗ: 0.00030000
2026-02-17 03:11:35,292 - INFO - fusion_common - ЁЯзн Epoch 8/40
2026-02-17 03:36:00,958 - INFO - fusion_common - ЁЯзк х╝АхзЛщкМшпБ: epoch=8
2026-02-17 03:37:58,656 - INFO - fusion_common - ЁЯУК Epoch 8 ч╗УцЮЬ: шонч╗Г Loss: 0.9112, шонч╗Г Acc: 0.5808, шонч╗Г F1: 0.5697 | щкМшпБ Loss: 1.0243, щкМшпБ Acc: 0.5332, щкМшпБ F1: 0.5294
2026-02-17 03:37:58,687 - INFO - fusion_common - тП▒я╕П цЧйхБЬшобцХ░: 0/14
2026-02-17 03:37:58,687 - INFO - fusion_common - ЁЯУЙ х╜УхЙНхнжф╣ачОЗ: 0.00030000
2026-02-17 03:37:58,687 - INFO - fusion_common - ЁЯзн Epoch 9/40
2026-02-17 04:02:23,475 - INFO - fusion_common - ЁЯзк х╝АхзЛщкМшпБ: epoch=9
2026-02-17 04:04:43,185 - INFO - fusion_common - ЁЯУК Epoch 9 ч╗УцЮЬ: шонч╗Г Loss: 0.8990, шонч╗Г Acc: 0.5864, шонч╗Г F1: 0.5759 | щкМшпБ Loss: 1.0069, щкМшпБ Acc: 0.5339, щкМшпБ F1: 0.5312
2026-02-17 04:04:43,207 - INFO - fusion_common - тП▒я╕П цЧйхБЬшобцХ░: 0/14
2026-02-17 04:04:43,207 - INFO - fusion_common - ЁЯУЙ х╜УхЙНхнжф╣ачОЗ: 0.00030000
2026-02-17 04:04:43,207 - INFO - fusion_common - ЁЯзн Epoch 10/40
2026-02-17 04:29:15,604 - INFO - fusion_common - ЁЯзк х╝АхзЛщкМшпБ: epoch=10
2026-02-17 04:31:41,084 - INFO - fusion_common - ЁЯУК Epoch 10 ч╗УцЮЬ: шонч╗Г Loss: 0.8897, шонч╗Г Acc: 0.5906, шонч╗Г F1: 0.5802 | щкМшпБ Loss: 1.0126, щкМшпБ Acc: 0.5390, щкМшпБ F1: 0.5364
2026-02-17 04:31:41,105 - INFO - fusion_common - тП▒я╕П цЧйхБЬшобцХ░: 0/14
2026-02-17 04:31:41,105 - INFO - fusion_common - ЁЯУЙ х╜УхЙНхнжф╣ачОЗ: 0.00030000
2026-02-17 04:31:41,105 - INFO - fusion_common - ЁЯзн Epoch 11/40
2026-02-17 04:56:15,573 - INFO - fusion_common - ЁЯзк х╝АхзЛщкМшпБ: epoch=11
2026-02-17 04:58:26,436 - INFO - fusion_common - ЁЯУК Epoch 11 ч╗УцЮЬ: шонч╗Г Loss: 0.8802, шонч╗Г Acc: 0.5961, шонч╗Г F1: 0.5860 | щкМшпБ Loss: 1.0750, щкМшпБ Acc: 0.5403, щкМшпБ F1: 0.5357
2026-02-17 04:58:26,436 - INFO - fusion_common - тП▒я╕П цЧйхБЬшобцХ░: 1/14
2026-02-17 04:58:26,436 - INFO - fusion_common - ЁЯУЙ х╜УхЙНхнжф╣ачОЗ: 0.00030000
2026-02-17 04:58:26,436 - INFO - fusion_common - ЁЯзн Epoch 12/40
2026-02-17 05:22:52,857 - INFO - fusion_common - ЁЯзк х╝АхзЛщкМшпБ: epoch=12
2026-02-17 05:25:15,640 - INFO - fusion_common - ЁЯУК Epoch 12 ч╗УцЮЬ: шонч╗Г Loss: 0.8700, шонч╗Г Acc: 0.6011, шонч╗Г F1: 0.5908 | щкМшпБ Loss: 0.9955, щкМшпБ Acc: 0.5495, щкМшпБ F1: 0.5457
2026-02-17 05:25:15,664 - INFO - fusion_common - тП▒я╕П цЧйхБЬшобцХ░: 0/14
2026-02-17 05:25:15,664 - INFO - fusion_common - ЁЯУЙ х╜УхЙНхнжф╣ачОЗ: 0.00030000
2026-02-17 05:25:15,664 - INFO - fusion_common - ЁЯзн Epoch 13/40
2026-02-17 05:49:41,709 - INFO - fusion_common - ЁЯзк х╝АхзЛщкМшпБ: epoch=13
2026-02-17 05:52:05,963 - INFO - fusion_common - ЁЯУК Epoch 13 ч╗УцЮЬ: шонч╗Г Loss: 0.8610, шонч╗Г Acc: 0.6049, шонч╗Г F1: 0.5951 | щкМшпБ Loss: 0.9591, щкМшпБ Acc: 0.5579, щкМшпБ F1: 0.5528
2026-02-17 05:52:05,983 - INFO - fusion_common - тП▒я╕П цЧйхБЬшобцХ░: 0/14
2026-02-17 05:52:05,984 - INFO - fusion_common - ЁЯУЙ х╜УхЙНхнжф╣ачОЗ: 0.00030000
2026-02-17 05:52:05,984 - INFO - fusion_common - ЁЯзн Epoch 14/40
2026-02-17 06:16:34,742 - INFO - fusion_common - ЁЯзк х╝АхзЛщкМшпБ: epoch=14
2026-02-17 06:18:35,961 - INFO - fusion_common - ЁЯУК Epoch 14 ч╗УцЮЬ: шонч╗Г Loss: 0.8548, шонч╗Г Acc: 0.6086, шонч╗Г F1: 0.5988 | щкМшпБ Loss: 0.9884, щкМшпБ Acc: 0.5500, щкМшпБ F1: 0.5458
2026-02-17 06:18:35,961 - INFO - fusion_common - тП▒я╕П цЧйхБЬшобцХ░: 1/14
2026-02-17 06:18:35,962 - INFO - fusion_common - ЁЯУЙ х╜УхЙНхнжф╣ачОЗ: 0.00030000
2026-02-17 06:18:35,962 - INFO - fusion_common - ЁЯзн Epoch 15/40
2026-02-17 06:43:06,233 - INFO - fusion_common - ЁЯзк х╝АхзЛщкМшпБ: epoch=15
2026-02-17 06:45:29,137 - INFO - fusion_common - ЁЯУК Epoch 15 ч╗УцЮЬ: шонч╗Г Loss: 0.8477, шонч╗Г Acc: 0.6123, шонч╗Г F1: 0.6026 | щкМшпБ Loss: 1.0094, щкМшпБ Acc: 0.5616, щкМшпБ F1: 0.5542
2026-02-17 06:45:29,166 - INFO - fusion_common - тП▒я╕П цЧйхБЬшобцХ░: 0/14
2026-02-17 06:45:29,166 - INFO - fusion_common - ЁЯУЙ х╜УхЙНхнжф╣ачОЗ: 0.00030000
2026-02-17 06:45:29,167 - INFO - fusion_common - ЁЯзн Epoch 16/40
2026-02-17 07:09:55,475 - INFO - fusion_common - ЁЯзк х╝АхзЛщкМшпБ: epoch=16
2026-02-17 07:12:13,931 - INFO - fusion_common - ЁЯУК Epoch 16 ч╗УцЮЬ: шонч╗Г Loss: 0.8413, шонч╗Г Acc: 0.6156, шонч╗Г F1: 0.6062 | щкМшпБ Loss: 0.9855, щкМшпБ Acc: 0.5614, щкМшпБ F1: 0.5579
2026-02-17 07:12:13,956 - INFO - fusion_common - тП▒я╕П цЧйхБЬшобцХ░: 0/14
2026-02-17 07:12:13,956 - INFO - fusion_common - ЁЯУЙ х╜УхЙНхнжф╣ачОЗ: 0.00030000
2026-02-17 07:12:13,957 - INFO - fusion_common - ЁЯзн Epoch 17/40
2026-02-17 07:36:48,103 - INFO - fusion_common - ЁЯзк х╝АхзЛщкМшпБ: epoch=17
2026-02-17 07:38:56,270 - INFO - fusion_common - ЁЯУК Epoch 17 ч╗УцЮЬ: шонч╗Г Loss: 0.8348, шонч╗Г Acc: 0.6186, шонч╗Г F1: 0.6098 | щкМшпБ Loss: 0.9656, щкМшпБ Acc: 0.5655, щкМшпБ F1: 0.5602
2026-02-17 07:38:56,302 - INFO - fusion_common - тП▒я╕П цЧйхБЬшобцХ░: 0/14
2026-02-17 07:38:56,303 - INFO - fusion_common - ЁЯУЙ х╜УхЙНхнжф╣ачОЗ: 0.00030000
2026-02-17 07:38:56,303 - INFO - fusion_common - ЁЯзн Epoch 18/40
2026-02-17 08:03:21,807 - INFO - fusion_common - ЁЯзк х╝АхзЛщкМшпБ: epoch=18
2026-02-17 08:05:46,806 - INFO - fusion_common - ЁЯУК Epoch 18 ч╗УцЮЬ: шонч╗Г Loss: 0.8291, шонч╗Г Acc: 0.6221, шонч╗Г F1: 0.6134 | щкМшпБ Loss: 0.9950, щкМшпБ Acc: 0.5529, щкМшпБ F1: 0.5510
2026-02-17 08:05:46,807 - INFO - fusion_common - тП▒я╕П цЧйхБЬшобцХ░: 1/14
2026-02-17 08:05:46,808 - INFO - fusion_common - ЁЯУЙ х╜УхЙНхнжф╣ачОЗ: 0.00030000
2026-02-17 08:05:46,808 - INFO - fusion_common - ЁЯзн Epoch 19/40
2026-02-17 08:30:09,556 - INFO - fusion_common - ЁЯзк х╝АхзЛщкМшпБ: epoch=19
2026-02-17 08:32:08,227 - INFO - fusion_common - ЁЯУК Epoch 19 ч╗УцЮЬ: шонч╗Г Loss: 0.8241, шонч╗Г Acc: 0.6243, шонч╗Г F1: 0.6158 | щкМшпБ Loss: 0.9360, щкМшпБ Acc: 0.5702, щкМшпБ F1: 0.5676
2026-02-17 08:32:08,262 - INFO - fusion_common - тП▒я╕П цЧйхБЬшобцХ░: 0/14
2026-02-17 08:32:08,263 - INFO - fusion_common - ЁЯУЙ х╜УхЙНхнжф╣ачОЗ: 0.00030000
2026-02-17 08:32:08,263 - INFO - fusion_common - ЁЯзн Epoch 20/40
2026-02-17 08:57:10,715 - INFO - fusion_common - ЁЯзк х╝АхзЛщкМшпБ: epoch=20
2026-02-17 08:59:20,803 - INFO - fusion_common - ЁЯУК Epoch 20 ч╗УцЮЬ: шонч╗Г Loss: 0.8183, шонч╗Г Acc: 0.6277, шонч╗Г F1: 0.6194 | щкМшпБ Loss: 1.0403, щкМшпБ Acc: 0.5662, щкМшпБ F1: 0.5636
2026-02-17 08:59:20,804 - INFO - fusion_common - тП▒я╕П цЧйхБЬшобцХ░: 1/14
2026-02-17 08:59:20,804 - INFO - fusion_common - ЁЯУЙ х╜УхЙНхнжф╣ачОЗ: 0.00030000
2026-02-17 08:59:20,804 - INFO - fusion_common - ЁЯзн Epoch 21/40
2026-02-17 09:23:47,947 - INFO - fusion_common - ЁЯзк х╝АхзЛщкМшпБ: epoch=21
2026-02-17 09:26:00,563 - INFO - fusion_common - ЁЯУК Epoch 21 ч╗УцЮЬ: шонч╗Г Loss: 0.8119, шонч╗Г Acc: 0.6308, шонч╗Г F1: 0.6229 | щкМшпБ Loss: 0.9502, щкМшпБ Acc: 0.5719, щкМшпБ F1: 0.5661
2026-02-17 09:26:00,564 - INFO - fusion_common - тП▒я╕П цЧйхБЬшобцХ░: 2/14
2026-02-17 09:26:00,564 - INFO - fusion_common - ЁЯУЙ х╜УхЙНхнжф╣ачОЗ: 0.00030000
2026-02-17 09:26:00,569 - INFO - fusion_common - ЁЯзн Epoch 22/40
2026-02-17 09:50:30,684 - INFO - fusion_common - ЁЯзк х╝АхзЛщкМшпБ: epoch=22
2026-02-17 09:52:45,806 - INFO - fusion_common - ЁЯУК Epoch 22 ч╗УцЮЬ: шонч╗Г Loss: 0.8070, шонч╗Г Acc: 0.6331, шонч╗Г F1: 0.6251 | щкМшпБ Loss: 0.9616, щкМшпБ Acc: 0.5772, щкМшпБ F1: 0.5731
2026-02-17 09:52:45,843 - INFO - fusion_common - тП▒я╕П цЧйхБЬшобцХ░: 0/14
2026-02-17 09:52:45,843 - INFO - fusion_common - ЁЯУЙ х╜УхЙНхнжф╣ачОЗ: 0.00030000
2026-02-17 09:52:45,844 - INFO - fusion_common - ЁЯзн Epoch 23/40
2026-02-17 10:17:12,787 - INFO - fusion_common - ЁЯзк х╝АхзЛщкМшпБ: epoch=23
2026-02-17 10:19:27,344 - INFO - fusion_common - ЁЯУК Epoch 23 ч╗УцЮЬ: шонч╗Г Loss: 0.8019, шонч╗Г Acc: 0.6359, шонч╗Г F1: 0.6281 | щкМшпБ Loss: 0.9576, щкМшпБ Acc: 0.5775, щкМшпБ F1: 0.5754
2026-02-17 10:19:27,371 - INFO - fusion_common - тП▒я╕П цЧйхБЬшобцХ░: 0/14
2026-02-17 10:19:27,372 - INFO - fusion_common - ЁЯУЙ х╜УхЙНхнжф╣ачОЗ: 0.00030000
2026-02-17 10:19:27,372 - INFO - fusion_common - ЁЯзн Epoch 24/40
2026-02-17 10:44:04,493 - INFO - fusion_common - ЁЯзк х╝АхзЛщкМшпБ: epoch=24
2026-02-17 10:46:23,851 - INFO - fusion_common - ЁЯУК Epoch 24 ч╗УцЮЬ: шонч╗Г Loss: 0.7989, шонч╗Г Acc: 0.6370, шонч╗Г F1: 0.6295 | щкМшпБ Loss: 0.9940, щкМшпБ Acc: 0.5770, щкМшпБ F1: 0.5732
2026-02-17 10:46:23,851 - INFO - fusion_common - тП▒я╕П цЧйхБЬшобцХ░: 1/14
2026-02-17 10:46:23,852 - INFO - fusion_common - ЁЯУЙ х╜УхЙНхнжф╣ачОЗ: 0.00030000
2026-02-17 10:46:23,852 - INFO - fusion_common - ЁЯзн Epoch 25/40
2026-02-17 11:13:09,765 - INFO - fusion_common - ЁЯзк х╝АхзЛщкМшпБ: epoch=25
2026-02-17 11:15:15,928 - INFO - fusion_common - ЁЯУК Epoch 25 ч╗УцЮЬ: шонч╗Г Loss: 0.7928, шонч╗Г Acc: 0.6394, шонч╗Г F1: 0.6325 | щкМшпБ Loss: 0.9874, щкМшпБ Acc: 0.5760, щкМшпБ F1: 0.5732
2026-02-17 11:15:15,928 - INFO - fusion_common - тП▒я╕П цЧйхБЬшобцХ░: 2/14
2026-02-17 11:15:15,929 - INFO - fusion_common - ЁЯУЙ х╜УхЙНхнжф╣ачОЗ: 0.00030000
2026-02-17 11:15:15,929 - INFO - fusion_common - ЁЯзн Epoch 26/40
2026-02-17 11:39:47,533 - INFO - fusion_common - ЁЯзк х╝АхзЛщкМшпБ: epoch=26
2026-02-17 11:41:49,146 - INFO - fusion_common - ЁЯУК Epoch 26 ч╗УцЮЬ: шонч╗Г Loss: 0.7893, шонч╗Г Acc: 0.6420, шонч╗Г F1: 0.6349 | щкМшпБ Loss: 1.0412, щкМшпБ Acc: 0.5756, щкМшпБ F1: 0.5707
2026-02-17 11:41:49,147 - INFO - fusion_common - тП▒я╕П цЧйхБЬшобцХ░: 3/14
2026-02-17 11:41:49,147 - INFO - fusion_common - ЁЯУЙ х╜УхЙНхнжф╣ачОЗ: 0.00015000
2026-02-17 11:41:49,148 - INFO - fusion_common - ЁЯзн Epoch 27/40
2026-02-17 12:12:12,579 - INFO - fusion_common - ЁЯзк х╝АхзЛщкМшпБ: epoch=27
2026-02-17 12:14:15,776 - INFO - fusion_common - ЁЯУК Epoch 27 ч╗УцЮЬ: шонч╗Г Loss: 0.7628, шонч╗Г Acc: 0.6533, шонч╗Г F1: 0.6467 | щкМшпБ Loss: 0.9430, щкМшпБ Acc: 0.5872, щкМшпБ F1: 0.5859
2026-02-17 12:14:15,831 - INFO - fusion_common - тП▒я╕П цЧйхБЬшобцХ░: 0/14
2026-02-17 12:14:15,832 - INFO - fusion_common - ЁЯУЙ х╜УхЙНхнжф╣ачОЗ: 0.00015000
2026-02-17 12:14:15,832 - INFO - fusion_common - ЁЯзн Epoch 28/40
2026-02-17 12:40:35,014 - INFO - fusion_common - ЁЯзк х╝АхзЛщкМшпБ: epoch=28
2026-02-17 12:44:14,417 - INFO - fusion_common - ЁЯУК Epoch 28 ч╗УцЮЬ: шонч╗Г Loss: 0.7562, шонч╗Г Acc: 0.6557, шонч╗Г F1: 0.6494 | щкМшпБ Loss: 0.9693, щкМшпБ Acc: 0.5873, щкМшпБ F1: 0.5852
2026-02-17 12:44:14,417 - INFO - fusion_common - тП▒я╕П цЧйхБЬшобцХ░: 1/14
2026-02-17 12:44:14,417 - INFO - fusion_common - ЁЯУЙ х╜УхЙНхнжф╣ачОЗ: 0.00015000
2026-02-17 12:44:14,417 - INFO - fusion_common - ЁЯзн Epoch 29/40
2026-02-17 13:12:13,332 - INFO - fusion_common - ЁЯзк х╝АхзЛщкМшпБ: epoch=29
2026-02-17 13:13:59,774 - INFO - fusion_common - ЁЯУК Epoch 29 ч╗УцЮЬ: шонч╗Г Loss: 0.7521, шонч╗Г Acc: 0.6578, шонч╗Г F1: 0.6518 | щкМшпБ Loss: 0.9454, щкМшпБ Acc: 0.5938, щкМшпБ F1: 0.5908
2026-02-17 13:13:59,809 - INFO - fusion_common - тП▒я╕П цЧйхБЬшобцХ░: 0/14
2026-02-17 13:13:59,809 - INFO - fusion_common - ЁЯУЙ х╜УхЙНхнжф╣ачОЗ: 0.00015000
2026-02-17 13:13:59,810 - INFO - fusion_common - ЁЯзн Epoch 30/40
2026-02-17 13:27:07,888 - INFO - fusion_common - ЁЯзк х╝АхзЛщкМшпБ: epoch=30
2026-02-17 13:31:01,685 - INFO - fusion_common - ЁЯУК Epoch 30 ч╗УцЮЬ: шонч╗Г Loss: 0.7482, шонч╗Г Acc: 0.6600, шонч╗Г F1: 0.6541 | щкМшпБ Loss: 0.9535, щкМшпБ Acc: 0.5915, щкМшпБ F1: 0.5903
2026-02-17 13:31:01,690 - INFO - fusion_common - тП▒я╕П цЧйхБЬшобцХ░: 1/14
2026-02-17 13:31:01,691 - INFO - fusion_common - ЁЯУЙ х╜УхЙНхнжф╣ачОЗ: 0.00015000
2026-02-17 13:31:01,691 - INFO - fusion_common - ЁЯзн Epoch 31/40
2026-02-17 13:55:39,794 - INFO - fusion_common - ЁЯзк х╝АхзЛщкМшпБ: epoch=31
2026-02-17 13:57:12,724 - INFO - fusion_common - ЁЯУК Epoch 31 ч╗УцЮЬ: шонч╗Г Loss: 0.7458, шонч╗Г Acc: 0.6617, шонч╗Г F1: 0.6558 | щкМшпБ Loss: 0.9657, щкМшпБ Acc: 0.5945, щкМшпБ F1: 0.5910
2026-02-17 13:57:12,747 - INFO - fusion_common - тП▒я╕П цЧйхБЬшобцХ░: 0/14
2026-02-17 13:57:12,747 - INFO - fusion_common - ЁЯУЙ х╜УхЙНхнжф╣ачОЗ: 0.00015000
2026-02-17 13:57:12,747 - INFO - fusion_common - ЁЯзн Epoch 32/40
2026-02-17 14:10:19,838 - INFO - fusion_common - ЁЯзк х╝АхзЛщкМшпБ: epoch=32
2026-02-17 14:12:52,086 - INFO - fusion_common - ЁЯУК Epoch 32 ч╗УцЮЬ: шонч╗Г Loss: 0.7430, шонч╗Г Acc: 0.6626, шонч╗Г F1: 0.6569 | щкМшпБ Loss: 0.9563, щкМшпБ Acc: 0.5929, щкМшпБ F1: 0.5901
2026-02-17 14:12:52,087 - INFO - fusion_common - тП▒я╕П цЧйхБЬшобцХ░: 1/14
2026-02-17 14:12:52,087 - INFO - fusion_common - ЁЯУЙ х╜УхЙНхнжф╣ачОЗ: 0.00015000
2026-02-17 14:12:52,087 - INFO - fusion_common - ЁЯзн Epoch 33/40
2026-02-17 14:47:42,220 - INFO - fusion_common - ЁЯзк х╝АхзЛщкМшпБ: epoch=33
2026-02-17 14:51:44,893 - INFO - fusion_common - ЁЯУК Epoch 33 ч╗УцЮЬ: шонч╗Г Loss: 0.7409, шонч╗Г Acc: 0.6638, шонч╗Г F1: 0.6581 | щкМшпБ Loss: 0.9418, щкМшпБ Acc: 0.5920, щкМшпБ F1: 0.5898
2026-02-17 14:51:44,895 - INFO - fusion_common - тП▒я╕П цЧйхБЬшобцХ░: 2/14
2026-02-17 14:51:44,896 - INFO - fusion_common - ЁЯУЙ х╜УхЙНхнжф╣ачОЗ: 0.00015000
2026-02-17 14:51:44,898 - INFO - fusion_common - ЁЯзн Epoch 34/40
2026-02-17 15:30:35,765 - INFO - fusion_common - ЁЯзк х╝АхзЛщкМшпБ: epoch=34
2026-02-17 15:34:33,937 - INFO - fusion_common - ЁЯУК Epoch 34 ч╗УцЮЬ: шонч╗Г Loss: 0.7375, шонч╗Г Acc: 0.6651, шонч╗Г F1: 0.6596 | щкМшпБ Loss: 0.9928, щкМшпБ Acc: 0.5925, щкМшпБ F1: 0.5903
2026-02-17 15:34:33,942 - INFO - fusion_common - тП▒я╕П цЧйхБЬшобцХ░: 3/14
2026-02-17 15:34:33,943 - INFO - fusion_common - ЁЯУЙ х╜УхЙНхнжф╣ачОЗ: 0.00007500
2026-02-17 15:34:33,944 - INFO - fusion_common - ЁЯзн Epoch 35/40
2026-02-17 16:11:26,964 - INFO - fusion_common - ЁЯзк х╝АхзЛщкМшпБ: epoch=35
2026-02-17 16:13:18,940 - INFO - fusion_common - ЁЯУК Epoch 35 ч╗УцЮЬ: шонч╗Г Loss: 0.7235, шонч╗Г Acc: 0.6717, шонч╗Г F1: 0.6665 | щкМшпБ Loss: 0.9514, щкМшпБ Acc: 0.5973, щкМшпБ F1: 0.5952
2026-02-17 16:13:19,199 - INFO - fusion_common - тП▒я╕П цЧйхБЬшобцХ░: 0/14
2026-02-17 16:13:19,202 - INFO - fusion_common - ЁЯУЙ х╜УхЙНхнжф╣ачОЗ: 0.00007500
2026-02-17 16:13:19,203 - INFO - fusion_common - ЁЯзн Epoch 36/40
2026-02-17 16:44:02,454 - INFO - fusion_common - ЁЯзк х╝АхзЛщкМшпБ: epoch=36
2026-02-17 16:45:42,023 - INFO - fusion_common - ЁЯУК Epoch 36 ч╗УцЮЬ: шонч╗Г Loss: 0.7199, шонч╗Г Acc: 0.6733, шонч╗Г F1: 0.6680 | щкМшпБ Loss: 0.9556, щкМшпБ Acc: 0.5977, щкМшпБ F1: 0.5948
2026-02-17 16:45:42,023 - INFO - fusion_common - тП▒я╕П цЧйхБЬшобцХ░: 1/14
2026-02-17 16:45:42,025 - INFO - fusion_common - ЁЯУЙ х╜УхЙНхнжф╣ачОЗ: 0.00007500
2026-02-17 16:45:42,026 - INFO - fusion_common - ЁЯзн Epoch 37/40
2026-02-17 17:10:05,855 - INFO - fusion_common - ЁЯзк х╝АхзЛщкМшпБ: epoch=37
2026-02-17 17:12:15,983 - INFO - fusion_common - ЁЯУК Epoch 37 ч╗УцЮЬ: шонч╗Г Loss: 0.7174, шонч╗Г Acc: 0.6748, шонч╗Г F1: 0.6696 | щкМшпБ Loss: 0.9620, щкМшпБ Acc: 0.5989, щкМшпБ F1: 0.5960
2026-02-17 17:12:16,010 - INFO - fusion_common - тП▒я╕П цЧйхБЬшобцХ░: 0/14
2026-02-17 17:12:16,011 - INFO - fusion_common - ЁЯУЙ х╜УхЙНхнжф╣ачОЗ: 0.00007500
2026-02-17 17:12:16,011 - INFO - fusion_common - ЁЯзн Epoch 38/40
2026-02-17 17:36:41,496 - INFO - fusion_common - ЁЯзк х╝АхзЛщкМшпБ: epoch=38
2026-02-17 17:39:46,391 - INFO - fusion_common - ЁЯУК Epoch 38 ч╗УцЮЬ: шонч╗Г Loss: 0.7152, шонч╗Г Acc: 0.6761, шонч╗Г F1: 0.6711 | щкМшпБ Loss: 0.9567, щкМшпБ Acc: 0.6015, щкМшпБ F1: 0.5982
2026-02-17 17:39:46,410 - INFO - fusion_common - тП▒я╕П цЧйхБЬшобцХ░: 0/14
2026-02-17 17:39:46,411 - INFO - fusion_common - ЁЯУЙ х╜УхЙНхнжф╣ачОЗ: 0.00007500
2026-02-17 17:39:46,411 - INFO - fusion_common - ЁЯзн Epoch 39/40
2026-02-17 18:07:02,352 - INFO - fusion_common - ЁЯзк х╝АхзЛщкМшпБ: epoch=39
2026-02-17 18:10:00,457 - INFO - fusion_common - ЁЯУК Epoch 39 ч╗УцЮЬ: шонч╗Г Loss: 0.7148, шонч╗Г Acc: 0.6759, шонч╗Г F1: 0.6708 | щкМшпБ Loss: 0.9520, щкМшпБ Acc: 0.5988, щкМшпБ F1: 0.5969
2026-02-17 18:10:00,458 - INFO - fusion_common - тП▒я╕П цЧйхБЬшобцХ░: 1/14
2026-02-17 18:10:00,459 - INFO - fusion_common - ЁЯУЙ х╜УхЙНхнжф╣ачОЗ: 0.00007500
2026-02-17 18:10:00,460 - INFO - fusion_common - ЁЯзн Epoch 40/40
2026-02-17 18:49:02,149 - INFO - fusion_common - ЁЯзк х╝АхзЛщкМшпБ: epoch=40
2026-02-17 18:52:50,915 - INFO - fusion_common - ЁЯУК Epoch 40 ч╗УцЮЬ: шонч╗Г Loss: 0.7124, шонч╗Г Acc: 0.6770, шонч╗Г F1: 0.6719 | щкМшпБ Loss: 0.9681, щкМшпБ Acc: 0.5996, щкМшпБ F1: 0.5968
2026-02-17 18:52:50,917 - INFO - fusion_common - тП▒я╕П цЧйхБЬшобцХ░: 2/14
2026-02-17 18:52:50,917 - INFO - fusion_common - ЁЯУЙ х╜УхЙНхнжф╣ачОЗ: 0.00007500
2026-02-17 18:52:50,982 - INFO - fusion_common - тЬЕ х╖▓цБвхдНцЬАф╜│щкМшпБцЭГщЗН: metric=val_f1, best_score=0.598206, mode=max
2026-02-17 18:52:50,982 - INFO - fusion_common - шЮНхРИцибхЮЛшонч╗ГхоМцИР
2026-02-17 18:53:00,095 - INFO - run_attention - [AttentionDiag] mean=0.001276 min=0.000013 max=0.370118 entropy=3.9159 top1=0.1078 top5=0.3440 top10=0.5109 nonpad_mass=1.0000 pad_mass=0.0000 nonpad_frac=1.0000
2026-02-17 18:53:02,492 - INFO - run_attention - [AttentionDiag] saved attention curve: C:\Repositories\Traffic\FusionModel\outputs\attention_curve_attention_dim256_20260217_000757.png
2026-02-17 18:56:02,366 - INFO - run_attention - ЁЯУК шпДф╝░ч╗УцЮЬ:
2026-02-17 18:56:02,367 - INFO - run_attention -   - хЗЖчбочОЗ(ACC): 0.6015
2026-02-17 18:56:02,368 - INFO - run_attention -   - Macro F1: 0.5982
2026-02-17 18:56:02,368 - INFO - run_attention -   хИЖч▒╗цКехСК:
              precision    recall  f1-score   support

           0     0.6590    0.5827    0.6185     35405
           1     0.6331    0.6688    0.6505     34352
           2     0.6930    0.4650    0.5566     22230
           3     0.5105    0.6383    0.5673     37822

    accuracy                         0.6015    129809
   macro avg     0.6239    0.5887    0.5982    129809
weighted avg     0.6147    0.6015    0.6014    129809

2026-02-17 18:56:02,369 - INFO - run_attention -   ц╖╖ц╖ЖчЯйщШ╡:
[[20629  3871   880 10025]
 [ 2433 22976  1787  7156]
 [ 1946  3977 10338  5969]
 [ 6297  5470  1912 24143]]
2026-02-17 18:56:03,252 - INFO - run_attention - тЬЕ х╖▓ф┐ЭхнШ metrics_curve_attention_dim256: C:\Repositories\Traffic\FusionModel\outputs\metrics_curve_attention_dim256_20260217_000757.png (exists=True)
2026-02-17 18:56:03,848 - INFO - run_attention - тЬЕ х╖▓ф┐ЭхнШ confusion_matrix_attention_dim256: C:\Repositories\Traffic\FusionModel\outputs\confusion_matrix_attention_dim256_20260217_000757.png (exists=True)
2026-02-17 18:56:03,850 - INFO - run_attention - тЬЕ х╖▓ф┐ЭхнШ report_attention_dim256: C:\Repositories\Traffic\FusionModel\outputs\report_attention_dim256_20260217_000757.md (exists=True)
2026-02-17 18:56:04,186 - INFO - run_attention - тЬЕ х╖▓ф┐ЭхнШ model_attention_dim256: C:\Repositories\Traffic\FusionModel\outputs\fusion_model_attention_dim256.pth (exists=True)
