2026-02-14 17:26:54,163 - INFO - run_attention - ЁЯЪА х╝АхзЛшонч╗Гцибх╝П=attention, outputs=C:\Repositories\Traffic\FusionModel\outputs
2026-02-14 17:26:54,164 - INFO - fusion_common - хКаш╜╜шЮНхРИцХ░цНо - хЫ╛хГПчЫох╜Х: C:\Repositories\Traffic\FusionModel\dataset\USTC-TFC2016\image_data\Train, PcapчЫох╜Х: C:\Repositories\Traffic\FusionModel\dataset\USTC-TFC2016\pcap_data\Train
2026-02-14 17:26:54,531 - INFO - fusion_common - шЮНхРИцХ░цНоч┤вх╝Хш┐Ых║ж: 1/10 ч▒╗хИл (Cridex)
2026-02-14 17:26:55,056 - INFO - fusion_common - шЮНхРИцХ░цНоч┤вх╝Хш┐Ых║ж: 2/10 ч▒╗хИл (Geodo)
2026-02-14 17:26:55,397 - INFO - fusion_common - шЮНхРИцХ░цНоч┤вх╝Хш┐Ых║ж: 3/10 ч▒╗хИл (Htbot)
2026-02-14 17:26:55,444 - INFO - fusion_common - шЮНхРИцХ░цНоч┤вх╝Хш┐Ых║ж: 4/10 ч▒╗хИл (Miuref)
2026-02-14 17:26:55,819 - INFO - fusion_common - шЮНхРИцХ░цНоч┤вх╝Хш┐Ых║ж: 5/10 ч▒╗хИл (Neris)
2026-02-14 17:26:56,442 - INFO - fusion_common - шЮНхРИцХ░цНоч┤вх╝Хш┐Ых║ж: 6/10 ч▒╗хИл (Nsis-ay)
2026-02-14 17:26:57,281 - INFO - fusion_common - шЮНхРИцХ░цНоч┤вх╝Хш┐Ых║ж: 7/10 ч▒╗хИл (Shifu)
2026-02-14 17:26:58,003 - INFO - fusion_common - шЮНхРИцХ░цНоч┤вх╝Хш┐Ых║ж: 8/10 ч▒╗хИл (Tinba)
2026-02-14 17:26:58,472 - INFO - fusion_common - шЮНхРИцХ░цНоч┤вх╝Хш┐Ых║ж: 9/10 ч▒╗хИл (Virut)
2026-02-14 17:26:58,937 - INFO - fusion_common - шЮНхРИцХ░цНоч┤вх╝Хш┐Ых║ж: 10/10 ч▒╗хИл (Zeus)
2026-02-14 17:26:59,061 - INFO - fusion_common - шЮНхРИч┤вх╝Хч╝УхнШх╖▓ф┐ЭхнШ: C:\Repositories\Traffic\FusionModel\dataset\USTC-TFC2016\image_data\Train\.fusion_index_cache_v1_crepositoriestrafficfusionmo_crepositoriestrafficfusionmo.json
2026-02-14 17:26:59,067 - INFO - fusion_common - шЮНхРИцХ░цНощЫЖхКаш╜╜хоМцИРя╝МцА╗ца╖цЬмцХ░: 52338
2026-02-14 17:26:59,068 - INFO - fusion_common - шЮНхРИцХ░цНохКаш╜╜хоМцИРя╝Мч▒╗хИлцХ░: 10, ца╖цЬмцА╗цХ░: 52338
2026-02-14 17:26:59,068 - INFO - fusion_common - хКаш╜╜шЮНхРИцХ░цНо - хЫ╛хГПчЫох╜Х: C:\Repositories\Traffic\FusionModel\dataset\USTC-TFC2016\image_data\Test, PcapчЫох╜Х: C:\Repositories\Traffic\FusionModel\dataset\USTC-TFC2016\pcap_data\Test
2026-02-14 17:26:59,142 - INFO - fusion_common - шЮНхРИцХ░цНоч┤вх╝Хш┐Ых║ж: 1/10 ч▒╗хИл (Cridex)
2026-02-14 17:26:59,183 - INFO - fusion_common - шЮНхРИцХ░цНоч┤вх╝Хш┐Ых║ж: 2/10 ч▒╗хИл (Geodo)
2026-02-14 17:26:59,218 - INFO - fusion_common - шЮНхРИцХ░цНоч┤вх╝Хш┐Ых║ж: 3/10 ч▒╗хИл (Htbot)
2026-02-14 17:26:59,226 - INFO - fusion_common - шЮНхРИцХ░цНоч┤вх╝Хш┐Ых║ж: 4/10 ч▒╗хИл (Miuref)
2026-02-14 17:26:59,277 - INFO - fusion_common - шЮНхРИцХ░цНоч┤вх╝Хш┐Ых║ж: 5/10 ч▒╗хИл (Neris)
2026-02-14 17:26:59,361 - INFO - fusion_common - шЮНхРИцХ░цНоч┤вх╝Хш┐Ых║ж: 6/10 ч▒╗хИл (Nsis-ay)
2026-02-14 17:26:59,506 - INFO - fusion_common - шЮНхРИцХ░цНоч┤вх╝Хш┐Ых║ж: 7/10 ч▒╗хИл (Shifu)
2026-02-14 17:26:59,609 - INFO - fusion_common - шЮНхРИцХ░цНоч┤вх╝Хш┐Ых║ж: 8/10 ч▒╗хИл (Tinba)
2026-02-14 17:26:59,781 - INFO - fusion_common - шЮНхРИцХ░цНоч┤вх╝Хш┐Ых║ж: 9/10 ч▒╗хИл (Virut)
2026-02-14 17:26:59,862 - INFO - fusion_common - шЮНхРИцХ░цНоч┤вх╝Хш┐Ых║ж: 10/10 ч▒╗хИл (Zeus)
2026-02-14 17:26:59,899 - INFO - fusion_common - шЮНхРИч┤вх╝Хч╝УхнШх╖▓ф┐ЭхнШ: C:\Repositories\Traffic\FusionModel\dataset\USTC-TFC2016\image_data\Test\.fusion_index_cache_v1_crepositoriestrafficfusionmo_crepositoriestrafficfusionmo.json
2026-02-14 17:26:59,901 - INFO - fusion_common - шЮНхРИцХ░цНощЫЖхКаш╜╜хоМцИРя╝МцА╗ца╖цЬмцХ░: 12982
2026-02-14 17:26:59,901 - INFO - fusion_common - шЮНхРИцХ░цНохКаш╜╜хоМцИРя╝Мч▒╗хИлцХ░: 10, ца╖цЬмцА╗цХ░: 12982
2026-02-14 17:26:59,901 - INFO - fusion_common - хИЭхзЛхМЦшЮНхРИцибхЮЛя╝МшЮНхРИцибх╝П: attention
2026-02-14 17:26:59,961 - WARNING - fusion_common - CharBERT ф╕НхПпчФия╝Мф╜┐чФищЩНч║зчЙ╣х╛БцПРхПЦ: No module named 'model'
2026-02-14 17:26:59,964 - INFO - fusion_common - шЮНхРИцибхЮЛхИЭхзЛхМЦхоМцИРя╝МхИЖч▒╗хд┤шо╛ч╜оф╕║ 10 ф╕кч▒╗хИл
2026-02-14 17:26:59,964 - INFO - fusion_common - х╝АхзЛшонч╗ГшЮНхРИцибхЮЛ
2026-02-14 17:26:59,964 - INFO - fusion_common - шонч╗ГхПВцХ░ - Epochs: 32, Learning Rate: 0.001, Early Stopping Patience: 8
2026-02-14 17:26:59,964 - INFO - fusion_common - шонч╗ГчнЦчХе - class_balance: none, loss_type: ce, focal_gamma: 2.000, weight_decay: 0.000000, label_smoothing: 0.0000, early_stop_metric: val_loss, lr_scheduler: none, val_every: 1
2026-02-14 17:26:59,964 - INFO - fusion_common - DataLoaderхПВцХ░ - train_batches: 818, val_batches: 203, batch_size: 64, num_workers: 4, pin_memory: True
2026-02-14 17:27:00,305 - INFO - fusion_common - Epoch 1/32
2026-02-14 17:29:36,034 - INFO - fusion_common - Epoch 1 ч╗УцЮЬ: шонч╗Г Loss: 1.4822, шонч╗Г Acc: 0.5063, шонч╗Г F1: 0.4047 | щкМшпБ Loss: 0.8242, щкМшпБ Acc: 0.7100, щкМшпБ F1: 0.5863
2026-02-14 17:29:36,053 - INFO - fusion_common - цЧйхБЬшобцХ░хЩи: 0/8
2026-02-14 17:29:36,053 - INFO - fusion_common - х╜УхЙНхнжф╣ачОЗ: 0.00100000
2026-02-14 17:29:36,053 - INFO - fusion_common - Epoch 2/32
2026-02-14 17:30:10,299 - INFO - fusion_common - Epoch 2 ч╗УцЮЬ: шонч╗Г Loss: 0.8663, шонч╗Г Acc: 0.6830, шонч╗Г F1: 0.5778 | щкМшпБ Loss: 0.6720, щкМшпБ Acc: 0.7155, щкМшпБ F1: 0.6055
2026-02-14 17:30:10,316 - INFO - fusion_common - цЧйхБЬшобцХ░хЩи: 0/8
2026-02-14 17:30:10,317 - INFO - fusion_common - х╜УхЙНхнжф╣ачОЗ: 0.00100000
2026-02-14 17:30:10,317 - INFO - fusion_common - Epoch 3/32
2026-02-14 17:31:00,905 - INFO - fusion_common - Epoch 3 ч╗УцЮЬ: шонч╗Г Loss: 0.7474, шонч╗Г Acc: 0.7226, шонч╗Г F1: 0.6285 | щкМшпБ Loss: 0.6282, щкМшпБ Acc: 0.7611, щкМшпБ F1: 0.6546
2026-02-14 17:31:00,928 - INFO - fusion_common - цЧйхБЬшобцХ░хЩи: 0/8
2026-02-14 17:31:00,928 - INFO - fusion_common - х╜УхЙНхнжф╣ачОЗ: 0.00100000
2026-02-14 17:31:00,928 - INFO - fusion_common - Epoch 4/32
2026-02-14 17:31:40,566 - INFO - fusion_common - Epoch 4 ч╗УцЮЬ: шонч╗Г Loss: 0.6682, шонч╗Г Acc: 0.7545, шонч╗Г F1: 0.6723 | щкМшпБ Loss: 0.6500, щкМшпБ Acc: 0.7342, щкМшпБ F1: 0.6236
2026-02-14 17:31:40,567 - INFO - fusion_common - цЧйхБЬшобцХ░хЩи: 1/8
2026-02-14 17:31:40,567 - INFO - fusion_common - х╜УхЙНхнжф╣ачОЗ: 0.00100000
2026-02-14 17:31:40,567 - INFO - fusion_common - Epoch 5/32
2026-02-14 17:32:18,227 - INFO - fusion_common - Epoch 5 ч╗УцЮЬ: шонч╗Г Loss: 0.5961, шонч╗Г Acc: 0.7814, шонч╗Г F1: 0.7125 | щкМшпБ Loss: 0.4585, щкМшпБ Acc: 0.8284, щкМшпБ F1: 0.7453
2026-02-14 17:32:18,244 - INFO - fusion_common - цЧйхБЬшобцХ░хЩи: 0/8
2026-02-14 17:32:18,244 - INFO - fusion_common - х╜УхЙНхнжф╣ачОЗ: 0.00100000
2026-02-14 17:32:18,245 - INFO - fusion_common - Epoch 6/32
2026-02-14 17:32:50,527 - INFO - fusion_common - Epoch 6 ч╗УцЮЬ: шонч╗Г Loss: 0.5344, шонч╗Г Acc: 0.8006, шонч╗Г F1: 0.7353 | щкМшпБ Loss: 0.4647, щкМшпБ Acc: 0.8237, щкМшпБ F1: 0.7419
2026-02-14 17:32:50,527 - INFO - fusion_common - цЧйхБЬшобцХ░хЩи: 1/8
2026-02-14 17:32:50,527 - INFO - fusion_common - х╜УхЙНхнжф╣ачОЗ: 0.00100000
2026-02-14 17:32:50,527 - INFO - fusion_common - Epoch 7/32
2026-02-14 17:33:22,904 - INFO - fusion_common - Epoch 7 ч╗УцЮЬ: шонч╗Г Loss: 0.5185, шонч╗Г Acc: 0.8063, шонч╗Г F1: 0.7397 | щкМшпБ Loss: 0.4104, щкМшпБ Acc: 0.8355, щкМшпБ F1: 0.7484
2026-02-14 17:33:22,922 - INFO - fusion_common - цЧйхБЬшобцХ░хЩи: 0/8
2026-02-14 17:33:22,923 - INFO - fusion_common - х╜УхЙНхнжф╣ачОЗ: 0.00100000
2026-02-14 17:33:22,923 - INFO - fusion_common - Epoch 8/32
2026-02-14 17:34:18,595 - INFO - fusion_common - Epoch 8 ч╗УцЮЬ: шонч╗Г Loss: 0.4846, шонч╗Г Acc: 0.8162, шонч╗Г F1: 0.7574 | щкМшпБ Loss: 0.3819, щкМшпБ Acc: 0.8460, щкМшпБ F1: 0.7622
2026-02-14 17:34:18,666 - INFO - fusion_common - цЧйхБЬшобцХ░хЩи: 0/8
2026-02-14 17:34:18,667 - INFO - fusion_common - х╜УхЙНхнжф╣ачОЗ: 0.00100000
2026-02-14 17:34:18,667 - INFO - fusion_common - Epoch 9/32
2026-02-14 17:35:44,025 - INFO - fusion_common - Epoch 9 ч╗УцЮЬ: шонч╗Г Loss: 0.5082, шонч╗Г Acc: 0.8101, шонч╗Г F1: 0.7517 | щкМшпБ Loss: 0.3847, щкМшпБ Acc: 0.8405, щкМшпБ F1: 0.7472
2026-02-14 17:35:44,025 - INFO - fusion_common - цЧйхБЬшобцХ░хЩи: 1/8
2026-02-14 17:35:44,025 - INFO - fusion_common - х╜УхЙНхнжф╣ачОЗ: 0.00100000
2026-02-14 17:35:44,026 - INFO - fusion_common - Epoch 10/32
2026-02-14 17:36:18,585 - INFO - fusion_common - Epoch 10 ч╗УцЮЬ: шонч╗Г Loss: 0.4941, шонч╗Г Acc: 0.8154, шонч╗Г F1: 0.7574 | щкМшпБ Loss: 0.3977, щкМшпБ Acc: 0.8469, щкМшпБ F1: 0.7612
2026-02-14 17:36:18,585 - INFO - fusion_common - цЧйхБЬшобцХ░хЩи: 2/8
2026-02-14 17:36:18,585 - INFO - fusion_common - х╜УхЙНхнжф╣ачОЗ: 0.00100000
2026-02-14 17:36:18,585 - INFO - fusion_common - Epoch 11/32
2026-02-14 17:36:52,386 - INFO - fusion_common - Epoch 11 ч╗УцЮЬ: шонч╗Г Loss: 0.4520, шонч╗Г Acc: 0.8299, шонч╗Г F1: 0.7792 | щкМшпБ Loss: 0.3830, щкМшпБ Acc: 0.8539, щкМшпБ F1: 0.7744
2026-02-14 17:36:52,386 - INFO - fusion_common - цЧйхБЬшобцХ░хЩи: 3/8
2026-02-14 17:36:52,386 - INFO - fusion_common - х╜УхЙНхнжф╣ачОЗ: 0.00100000
2026-02-14 17:36:52,386 - INFO - fusion_common - Epoch 12/32
2026-02-14 17:37:56,843 - INFO - fusion_common - Epoch 12 ч╗УцЮЬ: шонч╗Г Loss: 0.4421, шонч╗Г Acc: 0.8332, шонч╗Г F1: 0.7822 | щкМшпБ Loss: 0.3626, щкМшпБ Acc: 0.8562, щкМшпБ F1: 0.7840
2026-02-14 17:37:56,861 - INFO - fusion_common - цЧйхБЬшобцХ░хЩи: 0/8
2026-02-14 17:37:56,861 - INFO - fusion_common - х╜УхЙНхнжф╣ачОЗ: 0.00100000
2026-02-14 17:37:56,861 - INFO - fusion_common - Epoch 13/32
2026-02-14 17:38:29,025 - INFO - fusion_common - Epoch 13 ч╗УцЮЬ: шонч╗Г Loss: 0.4308, шонч╗Г Acc: 0.8395, шонч╗Г F1: 0.7933 | щкМшпБ Loss: 0.3436, щкМшпБ Acc: 0.8736, щкМшпБ F1: 0.8151
2026-02-14 17:38:29,042 - INFO - fusion_common - цЧйхБЬшобцХ░хЩи: 0/8
2026-02-14 17:38:29,043 - INFO - fusion_common - х╜УхЙНхнжф╣ачОЗ: 0.00100000
2026-02-14 17:38:29,043 - INFO - fusion_common - Epoch 14/32
2026-02-14 17:39:01,033 - INFO - fusion_common - Epoch 14 ч╗УцЮЬ: шонч╗Г Loss: 0.4203, шонч╗Г Acc: 0.8457, шонч╗Г F1: 0.8087 | щкМшпБ Loss: 0.3734, щкМшпБ Acc: 0.8518, щкМшпБ F1: 0.7658
2026-02-14 17:39:01,034 - INFO - fusion_common - цЧйхБЬшобцХ░хЩи: 1/8
2026-02-14 17:39:01,034 - INFO - fusion_common - х╜УхЙНхнжф╣ачОЗ: 0.00100000
2026-02-14 17:39:01,034 - INFO - fusion_common - Epoch 15/32
2026-02-14 17:39:32,964 - INFO - fusion_common - Epoch 15 ч╗УцЮЬ: шонч╗Г Loss: 0.4136, шонч╗Г Acc: 0.8503, шонч╗Г F1: 0.8187 | щкМшпБ Loss: 0.3901, щкМшпБ Acc: 0.8590, щкМшпБ F1: 0.8430
2026-02-14 17:39:32,964 - INFO - fusion_common - цЧйхБЬшобцХ░хЩи: 2/8
2026-02-14 17:39:32,965 - INFO - fusion_common - х╜УхЙНхнжф╣ачОЗ: 0.00100000
2026-02-14 17:39:32,965 - INFO - fusion_common - Epoch 16/32
2026-02-14 17:40:05,856 - INFO - fusion_common - Epoch 16 ч╗УцЮЬ: шонч╗Г Loss: 0.4067, шонч╗Г Acc: 0.8497, шонч╗Г F1: 0.8224 | щкМшпБ Loss: 0.9761, щкМшпБ Acc: 0.7348, щкМшпБ F1: 0.6539
2026-02-14 17:40:05,857 - INFO - fusion_common - цЧйхБЬшобцХ░хЩи: 3/8
2026-02-14 17:40:05,857 - INFO - fusion_common - х╜УхЙНхнжф╣ачОЗ: 0.00100000
2026-02-14 17:40:05,857 - INFO - fusion_common - Epoch 17/32
2026-02-14 17:40:38,946 - INFO - fusion_common - Epoch 17 ч╗УцЮЬ: шонч╗Г Loss: 0.3625, шонч╗Г Acc: 0.8663, шонч╗Г F1: 0.8459 | щкМшпБ Loss: 0.3398, щкМшпБ Acc: 0.8738, щкМшпБ F1: 0.8389
2026-02-14 17:40:38,963 - INFO - fusion_common - цЧйхБЬшобцХ░хЩи: 0/8
2026-02-14 17:40:38,963 - INFO - fusion_common - х╜УхЙНхнжф╣ачОЗ: 0.00100000
2026-02-14 17:40:38,963 - INFO - fusion_common - Epoch 18/32
2026-02-14 17:41:48,094 - INFO - fusion_common - Epoch 18 ч╗УцЮЬ: шонч╗Г Loss: 0.3672, шонч╗Г Acc: 0.8668, шонч╗Г F1: 0.8445 | щкМшпБ Loss: 0.3042, щкМшпБ Acc: 0.8864, щкМшпБ F1: 0.8770
2026-02-14 17:41:48,116 - INFO - fusion_common - цЧйхБЬшобцХ░хЩи: 0/8
2026-02-14 17:41:48,116 - INFO - fusion_common - х╜УхЙНхнжф╣ачОЗ: 0.00100000
2026-02-14 17:41:48,116 - INFO - fusion_common - Epoch 19/32
2026-02-14 17:42:32,760 - INFO - fusion_common - Epoch 19 ч╗УцЮЬ: шонч╗Г Loss: 0.3426, шонч╗Г Acc: 0.8743, шонч╗Г F1: 0.8552 | щкМшпБ Loss: 0.2771, щкМшпБ Acc: 0.8915, щкМшпБ F1: 0.8811
2026-02-14 17:42:32,777 - INFO - fusion_common - цЧйхБЬшобцХ░хЩи: 0/8
2026-02-14 17:42:32,777 - INFO - fusion_common - х╜УхЙНхнжф╣ачОЗ: 0.00100000
2026-02-14 17:42:32,777 - INFO - fusion_common - Epoch 20/32
2026-02-14 17:43:09,611 - INFO - fusion_common - Epoch 20 ч╗УцЮЬ: шонч╗Г Loss: 0.3690, шонч╗Г Acc: 0.8659, шонч╗Г F1: 0.8463 | щкМшпБ Loss: 0.2779, щкМшпБ Acc: 0.8926, щкМшпБ F1: 0.8722
2026-02-14 17:43:09,611 - INFO - fusion_common - цЧйхБЬшобцХ░хЩи: 1/8
2026-02-14 17:43:09,611 - INFO - fusion_common - х╜УхЙНхнжф╣ачОЗ: 0.00100000
2026-02-14 17:43:09,611 - INFO - fusion_common - Epoch 21/32
2026-02-14 17:44:09,116 - INFO - fusion_common - Epoch 21 ч╗УцЮЬ: шонч╗Г Loss: 0.3275, шонч╗Г Acc: 0.8806, шонч╗Г F1: 0.8658 | щкМшпБ Loss: 0.2671, щкМшпБ Acc: 0.8959, щкМшпБ F1: 0.8928
2026-02-14 17:44:09,134 - INFO - fusion_common - цЧйхБЬшобцХ░хЩи: 0/8
2026-02-14 17:44:09,135 - INFO - fusion_common - х╜УхЙНхнжф╣ачОЗ: 0.00100000
2026-02-14 17:44:09,135 - INFO - fusion_common - Epoch 22/32
2026-02-14 17:44:44,059 - INFO - fusion_common - Epoch 22 ч╗УцЮЬ: шонч╗Г Loss: 0.3304, шонч╗Г Acc: 0.8791, шонч╗Г F1: 0.8651 | щкМшпБ Loss: 0.2811, щкМшпБ Acc: 0.8959, щкМшпБ F1: 0.8907
2026-02-14 17:44:44,060 - INFO - fusion_common - цЧйхБЬшобцХ░хЩи: 1/8
2026-02-14 17:44:44,060 - INFO - fusion_common - х╜УхЙНхнжф╣ачОЗ: 0.00100000
2026-02-14 17:44:44,060 - INFO - fusion_common - Epoch 23/32
2026-02-14 17:45:19,139 - INFO - fusion_common - Epoch 23 ч╗УцЮЬ: шонч╗Г Loss: 0.3273, шонч╗Г Acc: 0.8807, шонч╗Г F1: 0.8652 | щкМшпБ Loss: 0.2924, щкМшпБ Acc: 0.8949, щкМшпБ F1: 0.8862
2026-02-14 17:45:19,139 - INFO - fusion_common - цЧйхБЬшобцХ░хЩи: 2/8
2026-02-14 17:45:19,140 - INFO - fusion_common - х╜УхЙНхнжф╣ачОЗ: 0.00100000
2026-02-14 17:45:19,140 - INFO - fusion_common - Epoch 24/32
2026-02-14 17:45:54,451 - INFO - fusion_common - Epoch 24 ч╗УцЮЬ: шонч╗Г Loss: 0.3330, шонч╗Г Acc: 0.8815, шонч╗Г F1: 0.8638 | щкМшпБ Loss: 0.2572, щкМшпБ Acc: 0.8983, щкМшпБ F1: 0.8928
2026-02-14 17:45:54,476 - INFO - fusion_common - цЧйхБЬшобцХ░хЩи: 0/8
2026-02-14 17:45:54,476 - INFO - fusion_common - х╜УхЙНхнжф╣ачОЗ: 0.00100000
2026-02-14 17:45:54,476 - INFO - fusion_common - Epoch 25/32
2026-02-14 17:46:45,741 - INFO - fusion_common - Epoch 25 ч╗УцЮЬ: шонч╗Г Loss: 0.2801, шонч╗Г Acc: 0.8949, шонч╗Г F1: 0.8836 | щкМшпБ Loss: 0.2703, щкМшпБ Acc: 0.9053, щкМшпБ F1: 0.8960
2026-02-14 17:46:45,741 - INFO - fusion_common - цЧйхБЬшобцХ░хЩи: 1/8
2026-02-14 17:46:45,741 - INFO - fusion_common - х╜УхЙНхнжф╣ачОЗ: 0.00100000
2026-02-14 17:46:45,741 - INFO - fusion_common - Epoch 26/32
2026-02-14 17:48:42,845 - INFO - fusion_common - Epoch 26 ч╗УцЮЬ: шонч╗Г Loss: 0.2797, шонч╗Г Acc: 0.8991, шонч╗Г F1: 0.8887 | щкМшпБ Loss: 0.2368, щкМшпБ Acc: 0.9060, щкМшпБ F1: 0.8945
2026-02-14 17:48:42,861 - INFO - fusion_common - цЧйхБЬшобцХ░хЩи: 0/8
2026-02-14 17:48:42,862 - INFO - fusion_common - х╜УхЙНхнжф╣ачОЗ: 0.00100000
2026-02-14 17:48:42,862 - INFO - fusion_common - Epoch 27/32
2026-02-14 17:52:17,203 - INFO - fusion_common - Epoch 27 ч╗УцЮЬ: шонч╗Г Loss: 0.3130, шонч╗Г Acc: 0.8903, шонч╗Г F1: 0.8777 | щкМшпБ Loss: 0.2386, щкМшпБ Acc: 0.9080, щкМшпБ F1: 0.9023
2026-02-14 17:52:17,203 - INFO - fusion_common - цЧйхБЬшобцХ░хЩи: 1/8
2026-02-14 17:52:17,203 - INFO - fusion_common - х╜УхЙНхнжф╣ачОЗ: 0.00100000
2026-02-14 17:52:17,203 - INFO - fusion_common - Epoch 28/32
2026-02-14 17:53:24,016 - INFO - fusion_common - Epoch 28 ч╗УцЮЬ: шонч╗Г Loss: 0.2598, шонч╗Г Acc: 0.9057, шонч╗Г F1: 0.8976 | щкМшпБ Loss: 0.2518, щкМшпБ Acc: 0.9085, щкМшпБ F1: 0.8927
2026-02-14 17:53:24,016 - INFO - fusion_common - цЧйхБЬшобцХ░хЩи: 2/8
2026-02-14 17:53:24,017 - INFO - fusion_common - х╜УхЙНхнжф╣ачОЗ: 0.00100000
2026-02-14 17:53:24,017 - INFO - fusion_common - Epoch 29/32
2026-02-14 17:54:16,889 - INFO - fusion_common - Epoch 29 ч╗УцЮЬ: шонч╗Г Loss: 0.2717, шонч╗Г Acc: 0.9026, шонч╗Г F1: 0.8933 | щкМшпБ Loss: 0.2418, щкМшпБ Acc: 0.9083, щкМшпБ F1: 0.9013
2026-02-14 17:54:16,889 - INFO - fusion_common - цЧйхБЬшобцХ░хЩи: 3/8
2026-02-14 17:54:16,889 - INFO - fusion_common - х╜УхЙНхнжф╣ачОЗ: 0.00100000
2026-02-14 17:54:16,889 - INFO - fusion_common - Epoch 30/32
2026-02-14 17:54:53,909 - INFO - fusion_common - Epoch 30 ч╗УцЮЬ: шонч╗Г Loss: 0.2461, шонч╗Г Acc: 0.9102, шонч╗Г F1: 0.9023 | щкМшпБ Loss: 0.2116, щкМшпБ Acc: 0.9244, щкМшпБ F1: 0.9198
2026-02-14 17:54:53,926 - INFO - fusion_common - цЧйхБЬшобцХ░хЩи: 0/8
2026-02-14 17:54:53,926 - INFO - fusion_common - х╜УхЙНхнжф╣ачОЗ: 0.00100000
2026-02-14 17:54:53,927 - INFO - fusion_common - Epoch 31/32
2026-02-14 17:55:31,601 - INFO - fusion_common - Epoch 31 ч╗УцЮЬ: шонч╗Г Loss: 0.2467, шонч╗Г Acc: 0.9147, шонч╗Г F1: 0.9074 | щкМшпБ Loss: 0.1992, щкМшпБ Acc: 0.9313, щкМшпБ F1: 0.9230
2026-02-14 17:55:31,626 - INFO - fusion_common - цЧйхБЬшобцХ░хЩи: 0/8
2026-02-14 17:55:31,626 - INFO - fusion_common - х╜УхЙНхнжф╣ачОЗ: 0.00100000
2026-02-14 17:55:31,627 - INFO - fusion_common - Epoch 32/32
2026-02-14 17:56:12,209 - INFO - fusion_common - Epoch 32 ч╗УцЮЬ: шонч╗Г Loss: 0.2502, шонч╗Г Acc: 0.9115, шонч╗Г F1: 0.9042 | щкМшпБ Loss: 0.3559, щкМшпБ Acc: 0.8690, щкМшпБ F1: 0.8564
2026-02-14 17:56:12,209 - INFO - fusion_common - цЧйхБЬшобцХ░хЩи: 1/8
2026-02-14 17:56:12,209 - INFO - fusion_common - х╜УхЙНхнжф╣ачОЗ: 0.00100000
2026-02-14 17:56:12,209 - INFO - fusion_common - шЮНхРИцибхЮЛшонч╗ГхоМцИР
2026-02-14 17:56:16,905 - WARNING - run_attention - [AttentionDiag] цЬкщЗЗщЫЖхИ░ц│ицДПхКЫцЭГщЗН
2026-02-14 17:56:20,474 - INFO - run_attention - ЁЯУК шпДф╝░ч╗УцЮЬ:
2026-02-14 17:56:20,475 - INFO - run_attention -   - хЗЖчбочОЗ(ACC): 0.8690
2026-02-14 17:56:20,475 - INFO - run_attention -   - Macro F1: 0.8564
2026-02-14 17:56:20,475 - INFO - run_attention -   хИЖч▒╗цКехСК:
              precision    recall  f1-score   support

           0     1.0000    0.9988    0.9994      1648
           1     0.8446    0.9634    0.9001      1393
           2     0.4677    0.7558    0.5778      1130
           3     0.9312    0.8421    0.8844       209
           4     0.9108    0.5473    0.6838      1511
           5     0.9173    0.9389    0.9280      1194
           6     0.9914    0.9934    0.9924      1968
           7     1.0000    0.9909    0.9955      1657
           8     0.8021    0.5983    0.6853      1165
           9     0.9124    0.9223    0.9173      1107

    accuracy                         0.8690     12982
   macro avg     0.8777    0.8551    0.8564     12982
weighted avg     0.8914    0.8690    0.8701     12982

2026-02-14 17:56:20,475 - INFO - run_attention -   ц╖╖ц╖ЖчЯйщШ╡:
[[1646    1    0    1    0    0    0    0    0    0]
 [   0 1342   20    0    0   19    8    0    0    4]
 [   0  161  854    0    6   69    0    0    5   35]
 [   0   18    4  176    3    0    7    0    0    1]
 [   0    8  473   11  827    4    1    0  150   37]
 [   0    0   41    0    9 1121    0    0   14    9]
 [   0    4    6    0    3    0 1955    0    0    0]
 [   0    0   13    0    0    0    0 1642    2    0]
 [   0    0  391    1   58    6    0    0  697   12]
 [   0   55   24    0    2    3    1    0    1 1021]]
2026-02-14 17:56:25,107 - INFO - run_attention - тЬЕ х╖▓ф┐ЭхнШ metrics_curve_attention_dim256: C:\Repositories\Traffic\FusionModel\outputs\metrics_curve_attention_dim256_20260214_172654.png (exists=True)
2026-02-14 17:56:25,329 - INFO - run_attention - тЬЕ х╖▓ф┐ЭхнШ confusion_matrix_attention_dim256: C:\Repositories\Traffic\FusionModel\outputs\confusion_matrix_attention_dim256_20260214_172654.png (exists=True)
2026-02-14 17:56:25,336 - INFO - run_attention - тЬЕ х╖▓ф┐ЭхнШ report_attention_dim256: C:\Repositories\Traffic\FusionModel\outputs\report_attention_dim256_20260214_172654.md (exists=True)
2026-02-14 17:56:25,638 - INFO - run_attention - тЬЕ х╖▓ф┐ЭхнШ model_attention_dim256: C:\Repositories\Traffic\FusionModel\outputs\fusion_model_attention_dim256.pth (exists=True)
2026-02-14 17:56:25,638 - INFO - run_attention - ЁЯПБ шонч╗ГхоМцИР mode=attention, log=C:\Repositories\Traffic\FusionModel\outputs\logs\attention_dim256_20260214_172654.log
