2026-02-13 21:40:20,064 - INFO - preprocess_splitcap_rgb - 使用 SplitCap 可执行文件: C:\Repositories\Traffic\FusionModel\tools\SplitCap_2-1\SplitCap.exe
2026-02-13 21:40:20,130 - INFO - preprocess_splitcap_rgb - 标签切分 label=Adware: train=83 test=21 total=104
2026-02-13 21:40:20,131 - INFO - preprocess_splitcap_rgb - 标签切分 label=Ransomware: train=80 test=21 total=101
2026-02-13 21:40:20,132 - INFO - preprocess_splitcap_rgb - 标签切分 label=Scareware: train=89 test=23 total=112
2026-02-13 21:40:20,132 - INFO - preprocess_splitcap_rgb - 标签切分 label=SMSMalware: train=87 test=22 total=109
2026-02-13 21:40:20,136 - INFO - preprocess_splitcap_rgb - SplitCap 临时目录: C:\Repositories\Traffic\FusionModel\tmp_splitcap\20260213_214020
2026-02-13 21:40:20,136 - INFO - preprocess_splitcap_rgb - 开始预处理: source_pcaps=426
2026-02-13 21:40:20,136 - INFO - preprocess_splitcap_rgb - [1/426] 处理 pcap=06_14_2017-ad-dowgin-gdata-1c4e357a8ec5f13de4ffd57cc2711afe.pcap label=Adware split=Train
2026-02-13 21:40:24,848 - INFO - preprocess_splitcap_rgb - [2/426] 处理 pcap=06_14_2017-ad-dowgin-gdata-1d15765ffee294f27da4865356a994bd.pcap label=Adware split=Train
2026-02-13 21:40:29,945 - INFO - preprocess_splitcap_rgb - [3/426] 处理 pcap=06_14_2017-ad-dowgin-gdata-31c657bf77ea817893d9ba13dbcdf749.pcap label=Adware split=Train
2026-02-13 21:40:35,030 - INFO - preprocess_splitcap_rgb - [4/426] 处理 pcap=06_14_2017-ad-dowgin-gdata-37b993b5f59bbed7538265885429e4c4.pcap label=Adware split=Test
2026-02-13 21:40:39,697 - INFO - preprocess_splitcap_rgb - [5/426] 处理 pcap=06_14_2017-ad-dowgin-gdata-3e30f2644a2e9f1b81f7f5a810e5f6ce.pcap label=Adware split=Test
2026-02-13 21:40:46,317 - INFO - preprocess_splitcap_rgb - [6/426] 处理 pcap=06_14_2017-ad-dowgin-gdata-41172f215cdf0086a58d6fd023b3bc3b.pcap label=Adware split=Train
2026-02-13 21:40:53,262 - INFO - preprocess_splitcap_rgb - [7/426] 处理 pcap=06_14_2017-ad-dowgin-gdata-4b3206b49960db5937ff9ab83eade925.pcap label=Adware split=Train
2026-02-13 21:40:59,716 - INFO - preprocess_splitcap_rgb - [8/426] 处理 pcap=06_14_2017-ad-dowgin-gdata-4b3b5b7d8d36301ac099b1de94f97c11.pcap label=Adware split=Train
2026-02-13 21:41:07,206 - INFO - preprocess_splitcap_rgb - [9/426] 处理 pcap=06_14_2017-ad-dowgin-gdata-5b47d801ad308fc5a766970fdbd713fe.pcap label=Adware split=Train
2026-02-13 21:41:15,840 - INFO - preprocess_splitcap_rgb - [10/426] 处理 pcap=06_15_2017-ad-dowgin-gdata-5c12d7911a2544a7edfe69ee9bbc9b89.pcap label=Adware split=Train
2026-02-13 21:41:20,527 - INFO - preprocess_splitcap_rgb - [11/426] 处理 pcap=06_13_2017-ad-ewind-koodous-0054d35c7bc28a76d79e6ba7887c341f.pcap label=Adware split=Train
2026-02-13 21:41:29,114 - INFO - preprocess_splitcap_rgb - [12/426] 处理 pcap=06_13_2017-ad-ewind-koodous-03e8e080616cc50e06ddfea24aed0623.pcap label=Adware split=Test
2026-02-13 21:41:37,217 - INFO - preprocess_splitcap_rgb - [13/426] 处理 pcap=06_13_2017-ad-ewind-koodous-1de012d8de8b0be0d0b27da1a0c03f52.pcap label=Adware split=Train
2026-02-13 21:41:42,022 - INFO - preprocess_splitcap_rgb - [14/426] 处理 pcap=06_13_2017-ad-ewind-koodous-1e680e1a75f5508f48f56b85bbc254fe.pcap label=Adware split=Test
2026-02-13 21:41:47,929 - INFO - preprocess_splitcap_rgb - [15/426] 处理 pcap=06_13_2017-ad-ewind-koodous-1e87d0abe94a38b5e305ac6371b4190f.pcap label=Adware split=Test
2026-02-13 21:41:53,800 - INFO - preprocess_splitcap_rgb - [16/426] 处理 pcap=06_13_2017-ad-ewind-koodous-2bcf8dd1233186ae267a67479fdd1e4b.pcap label=Adware split=Train
2026-02-13 21:42:02,434 - INFO - preprocess_splitcap_rgb - [17/426] 处理 pcap=06_13_2017-ad-ewind-koodous-3b5702c2996aea7d4a940417745b6a70.pcap label=Adware split=Train
2026-02-13 21:42:10,237 - INFO - preprocess_splitcap_rgb - [18/426] 处理 pcap=06_13_2017-ad-ewind-koodous-4cf8dc4ecd8a501444f099a763ba1a24.pcap label=Adware split=Test
2026-02-13 21:42:17,232 - INFO - preprocess_splitcap_rgb - [19/426] 处理 pcap=06_13_2017-ad-ewind-koodous-5dc565a01bb789d8d171c20f52ac34c8.pcap label=Adware split=Train
2026-02-13 21:42:22,254 - INFO - preprocess_splitcap_rgb - [20/426] 处理 pcap=06_14_2017-ad-ewind-koodous-7c6f09574962328ddedb1b2e962eec7c.pcap label=Adware split=Train
2026-02-13 21:42:27,581 - INFO - preprocess_splitcap_rgb - [21/426] 处理 pcap=06_13_2017-ad-feiwo-fortinet-04c12809d3b1809c9980bd1e3e11e0f7.pcap label=Adware split=Train
2026-02-13 21:42:33,047 - INFO - preprocess_splitcap_rgb - [22/426] 处理 pcap=06_13_2017-ad-feiwo-fortinet-40b9b7452534e13100d73a8f314392eb.pcap label=Adware split=Train
2026-02-13 21:42:39,242 - INFO - preprocess_splitcap_rgb - [23/426] 处理 pcap=06_13_2017-ad-feiwo-fortinet-5d184dc03310ab257e97cf07141a553b.pcap label=Adware split=Train
2026-02-13 21:42:46,710 - INFO - preprocess_splitcap_rgb - [24/426] 处理 pcap=06_15_2017-ad-feiwo-fortinet-a8fe9d0365b5779a43282848565d074a.pcap label=Adware split=Train
2026-02-13 21:42:53,543 - INFO - preprocess_splitcap_rgb - [25/426] 处理 pcap=06_15_2017-ad-feiwo-fortinet-b2bb7d5f5e2f8e7151d18fdb0d17fbe7.pcap label=Adware split=Train
2026-02-13 21:43:00,462 - INFO - preprocess_splitcap_rgb - [26/426] 处理 pcap=06_15_2017-ad-feiwo-fortinet-b3c7575f237a5ceed88b9a0420c1beb6.pcap label=Adware split=Train
2026-02-13 21:43:10,424 - INFO - preprocess_splitcap_rgb - [27/426] 处理 pcap=06_15_2017-ad-feiwo-fortinet-b464a695cfacb29ae4b0c6ae934f217f.pcap label=Adware split=Train
2026-02-13 21:43:17,319 - INFO - preprocess_splitcap_rgb - [28/426] 处理 pcap=06_15_2017-ad-feiwo-fortinet-b51837d70ca12d6ccfafd1a204e39b4a.pcap label=Adware split=Test
2026-02-13 21:43:22,371 - INFO - preprocess_splitcap_rgb - [29/426] 处理 pcap=06_15_2017-ad-feiwo-fortinet-b6d0bb5f7e7a5d1cd151a6a979b9e38d.pcap label=Adware split=Test
2026-02-13 21:43:26,954 - INFO - preprocess_splitcap_rgb - [30/426] 处理 pcap=06_15_2017-ad-feiwo-fortinet-b9b5ac2c9ea9c72c220d560bcaf265b7.pcap label=Adware split=Test
2026-02-13 21:43:35,764 - INFO - preprocess_splitcap_rgb - [31/426] 处理 pcap=06_15_2017-ad-feiwo-fortinet-be335fe8fadd6418b8f2c1538aabd9bd.pcap label=Adware split=Train
2026-02-13 21:43:39,887 - INFO - preprocess_splitcap_rgb - [32/426] 处理 pcap=06_16_2017-ad-feiwo-fortinet-caed8a52a079ea0679071d976c698f35.pcap label=Adware split=Test
2026-02-13 21:43:46,741 - INFO - preprocess_splitcap_rgb - [33/426] 处理 pcap=06_16_2017-ad-feiwo-fortinet-d2417708de2e2b7d82c7e0908083855c.pcap label=Adware split=Train
2026-02-13 21:43:57,029 - INFO - preprocess_splitcap_rgb - [34/426] 处理 pcap=06_16_2017-ad-feiwo-fortinet-d92f94c58c07e6c8ea65184b74e5c5c1.pcap label=Adware split=Train
2026-02-13 21:44:04,046 - INFO - preprocess_splitcap_rgb - [35/426] 处理 pcap=06_16_2017-ad-feiwo-fortinet-dee3a84dff4b98f01eb9c3d6ce5672f9.pcap label=Adware split=Train
2026-02-13 21:44:10,561 - INFO - preprocess_splitcap_rgb - [36/426] 处理 pcap=06_15_2017-ad-gooligan-fortinet-030423f26809f9112188c3f9e1cea201.pcap label=Adware split=Test
2026-02-13 21:44:17,354 - INFO - preprocess_splitcap_rgb - [37/426] 处理 pcap=06_15_2017-ad-gooligan-fortinet-1634b1fb3b353019e9d3b7b3d21507ab.pcap label=Adware split=Train
2026-02-13 21:44:31,461 - INFO - preprocess_splitcap_rgb - [38/426] 处理 pcap=06_15_2017-ad-gooligan-fortinet-1652df0226b10d8add1e909f28fae149.pcap label=Adware split=Train
2026-02-13 21:44:40,099 - INFO - preprocess_splitcap_rgb - [39/426] 处理 pcap=06_15_2017-ad-gooligan-fortinet-b479621b02074c006c00a7b1d36d90f7.pcap label=Adware split=Train
2026-02-13 21:44:55,102 - INFO - preprocess_splitcap_rgb - [40/426] 处理 pcap=06_15_2017-ad-gooligan-fortinet-bdb6fea9d867202eac91a87581f4a340.pcap label=Adware split=Train
2026-02-13 21:44:59,647 - INFO - preprocess_splitcap_rgb - [41/426] 处理 pcap=06_15_2017-ad-gooligan-fortinet-ea02d2b195f8940cfa418e0eab2a621a.pcap label=Adware split=Train
2026-02-13 21:45:08,479 - INFO - preprocess_splitcap_rgb - [42/426] 处理 pcap=06_15_2017-ad-gooligan-fortinet-eae4505cac4e15a5108c2d1ca028dbdc.pcap label=Adware split=Train
2026-02-13 21:45:17,338 - INFO - preprocess_splitcap_rgb - [43/426] 处理 pcap=06_15_2017-ad-gooligan-fortinet-eda506a6c01c3c7e149ebaebcf929c40.pcap label=Adware split=Train
2026-02-13 21:47:14,399 - INFO - preprocess_splitcap_rgb - [44/426] 处理 pcap=06_15_2017-ad-gooligan-fortinet-fa8d4ee44044b0fad215cbd37b8a9646.pcap label=Adware split=Train
2026-02-13 21:47:27,811 - INFO - preprocess_splitcap_rgb - [45/426] 处理 pcap=06_16_2017-ad-gooligan-fortinet-7739442c33e2da158a2d2db876e92e94.pcap label=Adware split=Train
2026-02-13 21:47:35,755 - INFO - preprocess_splitcap_rgb - [46/426] 处理 pcap=06_16_2017-ad-gooligan-fortinet-87206282b998b89ac113947fcf660534.pcap label=Adware split=Train
2026-02-13 21:47:43,369 - INFO - preprocess_splitcap_rgb - [47/426] 处理 pcap=06_16_2017-ad-gooligan-fortinet-9324376e27f9e1ddd05d181d656c6b76.pcap label=Adware split=Train
2026-02-13 21:47:49,579 - INFO - preprocess_splitcap_rgb - [48/426] 处理 pcap=06_16_2017-ad-gooligan-fortinet-a3b05085eacffa08528ba2b93c40faa6.pcap label=Adware split=Train
2026-02-13 21:47:57,390 - INFO - preprocess_splitcap_rgb - [49/426] 处理 pcap=06_16_2017-ad-gooligan-fortinet-a4fcaf1992da47e554810837da2c9ca2.pcap label=Adware split=Train
2026-02-13 21:48:05,053 - INFO - preprocess_splitcap_rgb - [50/426] 处理 pcap=06_13_2017-ad-kemoge-lookout-0c67d0919e574a6876c73118260368ee.pcap label=Adware split=Train
2026-02-13 21:48:08,933 - INFO - preprocess_splitcap_rgb - [51/426] 处理 pcap=06_13_2017-ad-kemoge-lookout-162cb09e2eebd595eae2617cd3af1d0d.pcap label=Adware split=Train
2026-02-13 21:48:09,880 - INFO - preprocess_splitcap_rgb - [52/426] 处理 pcap=06_13_2017-ad-kemoge-lookout-1be29a6622543f6f5063eda1d83a4e49.pcap label=Adware split=Train
2026-02-13 21:48:16,319 - INFO - preprocess_splitcap_rgb - [53/426] 处理 pcap=06_13_2017-ad-kemoge-lookout-6a66635b6b7116e70e996e0ee697ad66.pcap label=Adware split=Train
2026-02-13 21:48:23,876 - INFO - preprocess_splitcap_rgb - [54/426] 处理 pcap=06_13_2017-ad-kemoge-lookout-6fc29ab75d87a5b1e0dd792c5c68d738.pcap label=Adware split=Train
2026-02-13 21:48:27,054 - INFO - preprocess_splitcap_rgb - [55/426] 处理 pcap=06_13_2017-ad-kemoge-lookout-7cd86d83d916dbd9b04d0e7e4f9ff6e8.pcap label=Adware split=Test
2026-02-13 21:48:36,078 - INFO - preprocess_splitcap_rgb - [56/426] 处理 pcap=06_13_2017-ad-kemoge-lookout-8fc7d2c4b22f2cb7bc9dc63592ca5339.pcap label=Adware split=Train
2026-02-13 21:48:44,794 - INFO - preprocess_splitcap_rgb - [57/426] 处理 pcap=06_13_2017-ad-kemoge-lookout-9bee2fe3ba323eea189ffa63f927c9bf.pcap label=Adware split=Train
2026-02-13 21:48:50,137 - INFO - preprocess_splitcap_rgb - [58/426] 处理 pcap=06_13_2017-ad-kemoge-lookout-aa31e77775f5ce3e85ebf3bdb09f590e.pcap label=Adware split=Train
2026-02-13 21:49:01,257 - INFO - preprocess_splitcap_rgb - [59/426] 处理 pcap=06_13_2017-ad-kemoge-lookout-abaf6cb1972d55702b559725983e134a.pcap label=Adware split=Train
2026-02-13 21:49:08,488 - INFO - preprocess_splitcap_rgb - [60/426] 处理 pcap=06_13_2017-ad-kemoge-lookout-b36a751d72e2bdea80e7ff72b6fb3a41.pcap label=Adware split=Train
2026-02-13 21:49:15,149 - INFO - preprocess_splitcap_rgb - [61/426] 处理 pcap=06_14_2017-ad-Chinese-koodous-13dd34ee4cbaf6a54f6183ef80486e71.pcap label=Adware split=Train
2026-02-13 21:49:19,740 - INFO - preprocess_splitcap_rgb - [62/426] 处理 pcap=06_14_2017-ad-Chinese-koodous-1645cebc0a6d986c35318ab77f41b64a.pcap label=Adware split=Train
2026-02-13 21:49:23,773 - INFO - preprocess_splitcap_rgb - [63/426] 处理 pcap=06_14_2017-ad-Chinese-koodous-353e4049a9382e87ed46a622a1575175.pcap label=Adware split=Train
2026-02-13 21:49:30,610 - INFO - preprocess_splitcap_rgb - [64/426] 处理 pcap=06_14_2017-ad-Chinese-koodous-38f9473fe16a1d7aff5183fb9aeae232.pcap label=Adware split=Train
2026-02-13 21:49:39,835 - INFO - preprocess_splitcap_rgb - [65/426] 处理 pcap=06_14_2017-ad-Chinese-koodous-4dfb36ce42608ba7692540febfc97b48.pcap label=Adware split=Test
2026-02-13 21:49:45,794 - INFO - preprocess_splitcap_rgb - [66/426] 处理 pcap=06_14_2017-ad-Chinese-koodous-7344f2d8f1e9cbee419d254a9b307ab4.pcap label=Adware split=Train
2026-02-13 21:49:50,300 - INFO - preprocess_splitcap_rgb - [67/426] 处理 pcap=06_14_2017-ad-Chinese-koodous-7865234464c08031f39e1b59bd3e6668.pcap label=Adware split=Train
2026-02-13 21:50:01,374 - INFO - preprocess_splitcap_rgb - [68/426] 处理 pcap=06_15_2017-ad-Chinese-koodous-e4462db3ec4950cbe50391b4467ba301.pcap label=Adware split=Train
2026-02-13 21:50:06,673 - INFO - preprocess_splitcap_rgb - [69/426] 处理 pcap=06_15_2017-ad-Chinese-koodous-e8290db04c7004ec8bb53f7cda155eb9.pcap label=Adware split=Train
2026-02-13 21:50:11,354 - INFO - preprocess_splitcap_rgb - [70/426] 处理 pcap=06_15_2017-ad-Chinese-koodous-ebc4aa7e93e1d82dba2accced7c68e40.pcap label=Adware split=Test
2026-02-13 21:50:15,797 - INFO - preprocess_splitcap_rgb - [71/426] 处理 pcap=06_13_2017-ad-mobidash-net32-04e1ddcf21e336694f56c2f819f8f467.pcap label=Adware split=Train
2026-02-13 21:50:20,718 - INFO - preprocess_splitcap_rgb - [72/426] 处理 pcap=06_14_2017-ad-mobidash-net32-080b0ed2d9bf87e9f3d061a1ba48da33.pcap label=Adware split=Train
2026-02-13 21:50:29,777 - INFO - preprocess_splitcap_rgb - [73/426] 处理 pcap=06_14_2017-ad-mobidash-net32-08d05f01671f788e9c17a9ffca0547b0.pcap label=Adware split=Train
2026-02-13 21:50:34,910 - INFO - preprocess_splitcap_rgb - [74/426] 处理 pcap=06_14_2017-ad-mobidash-net32-0c8bb7f6e5f967ee4a5c694c9eba54c7.pcap label=Adware split=Train
2026-02-13 21:50:39,532 - INFO - preprocess_splitcap_rgb - [75/426] 处理 pcap=06_14_2017-ad-mobidash-net32-1a7409b8e0f6cc299a4ac0b9ca67856e.pcap label=Adware split=Train
2026-02-13 21:50:45,844 - INFO - preprocess_splitcap_rgb - [76/426] 处理 pcap=06_14_2017-ad-mobidash-net32-1c59152a29d6a286f0a45706b8b28ea8.pcap label=Adware split=Test
2026-02-13 21:50:49,445 - INFO - preprocess_splitcap_rgb - [77/426] 处理 pcap=06_14_2017-ad-mobidash-net32-1d52a12dad15d8a6ea59467ec8ec4732.pcap label=Adware split=Train
2026-02-13 21:50:55,334 - INFO - preprocess_splitcap_rgb - [78/426] 处理 pcap=06_14_2017-ad-mobidash-net32-2ed1303f058b1bf4a3911d177b6b461e.pcap label=Adware split=Train
2026-02-13 21:51:02,127 - INFO - preprocess_splitcap_rgb - [79/426] 处理 pcap=06_14_2017-ad-mobidash-net32-37fe4d98b975e95c83ad228deed9daa0.pcap label=Adware split=Train
2026-02-13 21:51:09,253 - INFO - preprocess_splitcap_rgb - [80/426] 处理 pcap=06_14_2017-ad-mobidash-net32-3a895a2d19f040d7826e68c2f9596c55.pcap label=Adware split=Train
2026-02-13 21:51:14,201 - INFO - preprocess_splitcap_rgb - [81/426] 处理 pcap=06_14_2017-ad-selfmite-fortinet-3d4b4968621c5f42d835447643f37105.pcap label=Adware split=Train
2026-02-13 21:51:19,620 - INFO - preprocess_splitcap_rgb - [82/426] 处理 pcap=06_14_2017-ad-selfmite-fortinet-b3a694ab3b58de4a944a3d4a03f67c6d.pcap label=Adware split=Test
2026-02-13 21:51:25,299 - INFO - preprocess_splitcap_rgb - [83/426] 处理 pcap=06_14_2017-ad-selfmite-fortinet-c124947a5df6b8fd6eee98dc1d63badd.pcap label=Adware split=Train
2026-02-13 21:51:31,956 - INFO - preprocess_splitcap_rgb - [84/426] 处理 pcap=06_14_2017-ad-selfmite-fortinet-c290b9ecf18c8635165f6dcc10ec14af.pcap label=Adware split=Train
2026-02-13 21:51:37,239 - INFO - preprocess_splitcap_rgb - [85/426] 处理 pcap=06_14_2017-ad-shuanet-lookout-13adcd5f066cde100a666c1cd07dae76.pcap label=Adware split=Train
2026-02-13 21:51:43,975 - INFO - preprocess_splitcap_rgb - [86/426] 处理 pcap=06_14_2017-ad-shuanet-lookout-17c6e5865fbfbd84c05f6bcf9078f811.pcap label=Adware split=Train
2026-02-13 21:51:53,455 - INFO - preprocess_splitcap_rgb - [87/426] 处理 pcap=06_14_2017-ad-shuanet-lookout-1ef96d3b8e4b5d44eb4932a6da59b6da.pcap label=Adware split=Test
2026-02-13 21:51:59,239 - INFO - preprocess_splitcap_rgb - [88/426] 处理 pcap=06_14_2017-ad-shuanet-lookout-31ab90bce315cd8d47e9551d371fa289.pcap label=Adware split=Train
2026-02-13 21:52:04,977 - INFO - preprocess_splitcap_rgb - [89/426] 处理 pcap=06_14_2017-ad-shuanet-lookout-3289b7c5167d764081e6b8e379bd46c6.pcap label=Adware split=Train
2026-02-13 21:52:14,321 - INFO - preprocess_splitcap_rgb - [90/426] 处理 pcap=06_14_2017-ad-shuanet-lookout-58a2d00d9c8efa24f9690ee45f793831.pcap label=Adware split=Train
2026-02-13 21:52:22,954 - INFO - preprocess_splitcap_rgb - [91/426] 处理 pcap=06_14_2017-ad-shuanet-lookout-5e548fabeca93cb2045d7c88a61ad865.pcap label=Adware split=Train
2026-02-13 21:52:30,172 - INFO - preprocess_splitcap_rgb - [92/426] 处理 pcap=06_14_2017-ad-shuanet-lookout-68c9b7be13a2baef87370d291a5190ac.pcap label=Adware split=Test
2026-02-13 21:52:35,685 - INFO - preprocess_splitcap_rgb - [93/426] 处理 pcap=06_14_2017-ad-shuanet-lookout-707f1bef510096b8057d9530e9f78315.pcap label=Adware split=Train
2026-02-13 21:52:44,422 - INFO - preprocess_splitcap_rgb - [94/426] 处理 pcap=06_14_2017-ad-shuanet-lookout-8c667700571663de6c983d6eedeb61e8.pcap label=Adware split=Train
2026-02-13 21:52:54,134 - INFO - preprocess_splitcap_rgb - [95/426] 处理 pcap=06_15_2017-ad-youmi-gdata-111f0d6f5d576fe77d45a5a3b61659f2.pcap label=Adware split=Test
2026-02-13 21:52:57,834 - INFO - preprocess_splitcap_rgb - [96/426] 处理 pcap=06_15_2017-ad-youmi-gdata-3d2f3690fcb3d3836161f12f6f14c633.pcap label=Adware split=Train
2026-02-13 21:53:01,527 - INFO - preprocess_splitcap_rgb - [97/426] 处理 pcap=06_15_2017-ad-youmi-gdata-42d735fac7ad7576922f0027c591622f.pcap label=Adware split=Train
2026-02-13 21:53:14,782 - INFO - preprocess_splitcap_rgb - [98/426] 处理 pcap=06_15_2017-ad-youmi-gdata-695b26b438f47d40a30182db79cb94c8.pcap label=Adware split=Train
2026-02-13 21:53:20,847 - INFO - preprocess_splitcap_rgb - [99/426] 处理 pcap=06_15_2017-ad-youmi-gdata-a381b88927adccb29ff92efb9580310a.pcap label=Adware split=Train
2026-02-13 21:53:32,852 - INFO - preprocess_splitcap_rgb - [100/426] 处理 pcap=06_15_2017-ad-youmi-gdata-a3fe790a2a1d0c4a8057c274968c55ab.pcap label=Adware split=Train
2026-02-13 21:53:39,951 - INFO - preprocess_splitcap_rgb - [101/426] 处理 pcap=06_15_2017-ad-youmi-gdata-c54504802ed5dc3a063c9e38a89aaebe.pcap label=Adware split=Test
2026-02-13 21:53:45,524 - INFO - preprocess_splitcap_rgb - [102/426] 处理 pcap=06_15_2017-ad-youmi-gdata-c8181ffb678ecae2ffc921a08fa07fed.pcap label=Adware split=Test
2026-02-13 21:53:53,278 - INFO - preprocess_splitcap_rgb - [103/426] 处理 pcap=06_15_2017-ad-youmi-gdata-db312ad7457600b90078c5d9d3cccb10.pcap label=Adware split=Train
2026-02-13 21:54:03,437 - INFO - preprocess_splitcap_rgb - [104/426] 处理 pcap=06_15_2017-ad-youmi-gdata-e725c82055032ef20a8bb44a2cab8dc6.pcap label=Adware split=Train
2026-02-13 21:54:11,551 - INFO - preprocess_splitcap_rgb - [105/426] 处理 pcap=08_28_2017-ra-charger-sophos-00357b0e208c20df3182d54cb2ba15bf.pcap label=Ransomware split=Train
2026-02-13 21:54:21,217 - INFO - preprocess_splitcap_rgb - [106/426] 处理 pcap=08_28_2017-ra-charger-sophos-02548535ff1cc285fddf699f2d77bcba.pcap label=Ransomware split=Train
2026-02-13 21:54:31,202 - INFO - preprocess_splitcap_rgb - [107/426] 处理 pcap=08_29_2017-ra-charger-sophos-037dd7097890e10e661b10d52db2241b.pcap label=Ransomware split=Train
2026-02-13 21:54:38,705 - INFO - preprocess_splitcap_rgb - [108/426] 处理 pcap=08_29_2017-ra-charger-sophos-0639a74f508591f99a7d2309f5825fea.pcap label=Ransomware split=Train
2026-02-13 21:54:45,705 - INFO - preprocess_splitcap_rgb - [109/426] 处理 pcap=08_29_2017-ra-charger-sophos-073a2f2d51c7dc00eb21e27cb8fa80f3.pcap label=Ransomware split=Train
2026-02-13 21:54:54,513 - INFO - preprocess_splitcap_rgb - [110/426] 处理 pcap=08_29_2017-ra-charger-sophos-08634da89ce3e70a81bdf128b998a89e.pcap label=Ransomware split=Train
2026-02-13 21:55:02,820 - INFO - preprocess_splitcap_rgb - [111/426] 处理 pcap=08_29_2017-ra-charger-sophos-0b31b97d9ce3b891c7d5b145693e63fe.pcap label=Ransomware split=Train
2026-02-13 21:55:10,725 - INFO - preprocess_splitcap_rgb - [112/426] 处理 pcap=08_29_2017-ra-charger-sophos-0bccdcc7d63f0754e9e66c806e8e9203.pcap label=Ransomware split=Train
2026-02-13 21:55:19,317 - INFO - preprocess_splitcap_rgb - [113/426] 处理 pcap=08_29_2017-ra-charger-sophos-0df8e91d4ee84180099a26d97cf5baf4.pcap label=Ransomware split=Train
2026-02-13 21:55:28,404 - INFO - preprocess_splitcap_rgb - [114/426] 处理 pcap=08_30_2017-ra-charger-sophos-1251255ee2432e5606f2061f98334eb1.pcap label=Ransomware split=Train
2026-02-13 21:55:38,556 - INFO - preprocess_splitcap_rgb - [115/426] 处理 pcap=08_21_2017-ra-jisut-eset-01147ee72ad07cb9c1416b9963e56f99.pcap label=Ransomware split=Train
2026-02-13 21:55:42,449 - INFO - preprocess_splitcap_rgb - [116/426] 处理 pcap=08_21_2017-ra-jisut-eset-041f8b32fa15efda620b04a5dd41554a.pcap label=Ransomware split=Train
2026-02-13 21:55:50,270 - INFO - preprocess_splitcap_rgb - [117/426] 处理 pcap=08_21_2017-ra-jisut-eset-064490ecaa3cf7790fdf49c0016f7bfb.pcap label=Ransomware split=Train
2026-02-13 21:55:56,047 - INFO - preprocess_splitcap_rgb - [118/426] 处理 pcap=08_21_2017-ra-jisut-eset-0647e7667203a2a9e1858a6e9f49e98b.pcap label=Ransomware split=Train
2026-02-13 21:56:02,185 - INFO - preprocess_splitcap_rgb - [119/426] 处理 pcap=08_21_2017-ra-jisut-eset-0b2f0c2ddf4a6a1101036286d75709f8.pcap label=Ransomware split=Train
2026-02-13 21:56:05,781 - INFO - preprocess_splitcap_rgb - [120/426] 处理 pcap=08_22_2017-ra-jisut-eset-008aafc94cfdc5e41d8f5fa41abe23ac.pcap label=Ransomware split=Train
2026-02-13 21:56:14,734 - INFO - preprocess_splitcap_rgb - [121/426] 处理 pcap=08_22_2017-ra-jisut-eset-0d33685eff9b6df4e87d799689e99a32.pcap label=Ransomware split=Train
2026-02-13 21:56:18,559 - INFO - preprocess_splitcap_rgb - [122/426] 处理 pcap=08_22_2017-ra-jisut-eset-0f52bf7d7b6cf39cbe438b141372e923.pcap label=Ransomware split=Test
2026-02-13 21:56:22,886 - INFO - preprocess_splitcap_rgb - [123/426] 处理 pcap=08_22_2017-ra-jisut-eset-1046b8a9498edb5ee6f175d752ec9c32.pcap label=Ransomware split=Test
2026-02-13 21:56:28,524 - INFO - preprocess_splitcap_rgb - [124/426] 处理 pcap=08_22_2017-ra-jisut-eset-12fb8804389e7496ff5a56e2134ccf5e.pcap label=Ransomware split=Train
2026-02-13 21:56:33,439 - INFO - preprocess_splitcap_rgb - [125/426] 处理 pcap=08_22_2017-ra-koler-avast-00f6cb935df075494a1fd1ce5e918a7a.pcap label=Ransomware split=Train
2026-02-13 21:56:40,499 - INFO - preprocess_splitcap_rgb - [126/426] 处理 pcap=08_23_2017-ra-koler-avast-02985692e377d55eaa4347a77b52d789.pcap label=Ransomware split=Train
2026-02-13 21:56:46,734 - INFO - preprocess_splitcap_rgb - [127/426] 处理 pcap=08_23_2017-ra-koler-avast-0835840a0dd592d5bb4dbb24c4b5bd0c.pcap label=Ransomware split=Train
2026-02-13 21:56:56,318 - INFO - preprocess_splitcap_rgb - [128/426] 处理 pcap=08_23_2017-ra-koler-avast-09eb9b6b2daa7df06261bdc7a2094271.pcap label=Ransomware split=Train
2026-02-13 21:57:07,553 - INFO - preprocess_splitcap_rgb - [129/426] 处理 pcap=08_23_2017-ra-koler-avast-0d2fea2cb40b41e9d568f4ac986ea139.pcap label=Ransomware split=Train
2026-02-13 21:57:16,871 - INFO - preprocess_splitcap_rgb - [130/426] 处理 pcap=08_23_2017-ra-koler-avast-0d9f9a88a564bfcfa2e54b504d6562f9.pcap label=Ransomware split=Train
2026-02-13 21:57:23,962 - INFO - preprocess_splitcap_rgb - [131/426] 处理 pcap=08_23_2017-ra-koler-avast-1106d451a2330cb89f130543cfd26103.pcap label=Ransomware split=Train
2026-02-13 21:57:38,603 - INFO - preprocess_splitcap_rgb - [132/426] 处理 pcap=08_23_2017-ra-koler-avast-112026eab375721007691178dd94740b.pcap label=Ransomware split=Test
2026-02-13 21:57:47,216 - INFO - preprocess_splitcap_rgb - [133/426] 处理 pcap=08_24_2017-ra-koler-avast-12c2978db3aa04ad7e5ea2b98c56ba00.pcap label=Ransomware split=Train
2026-02-13 21:57:54,286 - INFO - preprocess_splitcap_rgb - [134/426] 处理 pcap=08_24_2017-ra-koler-avast-139e12d02ddc75fdc8a4c90cc063f2f9.pcap label=Ransomware split=Train
2026-02-13 21:58:02,752 - INFO - preprocess_splitcap_rgb - [135/426] 处理 pcap=08_24_2017-ra-lockerpin-nod32-6349462efbe6ccf4290d4c19dd740cd7.pcap label=Ransomware split=Train
2026-02-13 21:58:11,512 - INFO - preprocess_splitcap_rgb - [136/426] 处理 pcap=08_24_2017-ra-lockerpin-nod32-9639430c8d83e94a2deae6c14cd4fae0.pcap label=Ransomware split=Test
2026-02-13 21:58:14,463 - INFO - preprocess_splitcap_rgb - [137/426] 处理 pcap=08_25_2017-ra-lockerpin-nod32-a063292d8667cf3d83ff9365dfb8650a.pcap label=Ransomware split=Train
2026-02-13 21:58:18,915 - INFO - preprocess_splitcap_rgb - [138/426] 处理 pcap=08_25_2017-ra-lockerpin-nod32-a581038a69cfa035ab45244c92b61fe0.pcap label=Ransomware split=Test
2026-02-13 21:58:24,841 - INFO - preprocess_splitcap_rgb - [139/426] 处理 pcap=08_25_2017-ra-lockerpin-nod32-aa2be7fd72752dffa89fb903cb70392e.pcap label=Ransomware split=Train
2026-02-13 21:58:28,462 - INFO - preprocess_splitcap_rgb - [140/426] 处理 pcap=08_25_2017-ra-lockerpin-nod32-ad24048dcb0acf80b1daeecd7274bdb1.pcap label=Ransomware split=Train
2026-02-13 21:58:31,663 - INFO - preprocess_splitcap_rgb - [141/426] 处理 pcap=08_25_2017-ra-lockerpin-nod32-cd07b48e5ba86570c123e93461cd78db.pcap label=Ransomware split=Train
2026-02-13 21:58:37,390 - INFO - preprocess_splitcap_rgb - [142/426] 处理 pcap=08_25_2017-ra-lockerpin-nod32-d0d765731a30dc7d68ab339d144e946f.pcap label=Ransomware split=Train
2026-02-13 21:58:39,620 - INFO - preprocess_splitcap_rgb - [143/426] 处理 pcap=08_28_2017-ra-lockerpin-nod32-d335f22545505783e473b42259253d36.pcap label=Ransomware split=Train
2026-02-13 21:58:47,181 - INFO - preprocess_splitcap_rgb - [144/426] 处理 pcap=08_28_2017-ra-lockerpin-nod32-dc531be53c6726e4279c6bbd87b8e169.pcap label=Ransomware split=Train
2026-02-13 21:58:51,625 - INFO - preprocess_splitcap_rgb - [145/426] 处理 pcap=08_30_2017-ra-pletor-alibaba-130a8a08dc6ac74fe7f7d70ee3c629b7.pcap label=Ransomware split=Test
2026-02-13 21:58:52,813 - INFO - preprocess_splitcap_rgb - [146/426] 处理 pcap=08_30_2017-ra-pletor-alibaba-153e99c5484c0fdfb4295f02f54dc6f8.pcap label=Ransomware split=Train
2026-02-13 21:58:53,609 - INFO - preprocess_splitcap_rgb - [147/426] 处理 pcap=08_30_2017-ra-pletor-alibaba-2283b78067b8e8cc2d6c88994a703528.pcap label=Ransomware split=Train
2026-02-13 21:58:56,030 - INFO - preprocess_splitcap_rgb - [148/426] 处理 pcap=08_31_2017-ra-pletor-alibaba-456d061745137912b5c7972bb1883d68.pcap label=Ransomware split=Train
2026-02-13 21:58:56,961 - INFO - preprocess_splitcap_rgb - [149/426] 处理 pcap=08_31_2017-ra-pletor-alibaba-5810c236c795c7236110fd32930de6d9.pcap label=Ransomware split=Train
2026-02-13 21:58:58,449 - INFO - preprocess_splitcap_rgb - [150/426] 处理 pcap=08_31_2017-ra-pletor-alibaba-5cfeb9dabe032761ac0b5e671cc5ebab.pcap label=Ransomware split=Train
2026-02-13 21:59:00,390 - INFO - preprocess_splitcap_rgb - [151/426] 处理 pcap=08_31_2017-ra-pletor-alibaba-62271d750449e39024b0db039a53dc98.pcap label=Ransomware split=Train
2026-02-13 21:59:03,608 - INFO - preprocess_splitcap_rgb - [152/426] 处理 pcap=08_31_2017-ra-pletor-alibaba-75917cec7507075e6a2128a18db08cfe.pcap label=Ransomware split=Train
2026-02-13 21:59:05,159 - INFO - preprocess_splitcap_rgb - [153/426] 处理 pcap=08_31_2017-ra-pletor-alibaba-812a7218cfdaed1dba29b7d3b1b54f8b.pcap label=Ransomware split=Train
2026-02-13 21:59:05,966 - INFO - preprocess_splitcap_rgb - [154/426] 处理 pcap=08_31_2017-ra-pletor-alibaba-a2603254188da3d67e4da5452e0304a9.pcap label=Ransomware split=Train
2026-02-13 21:59:08,342 - INFO - preprocess_splitcap_rgb - [155/426] 处理 pcap=08_30_2017-ra-porndroid-ikarus-00c0a3916b33e792e4b5f23a3a58ec7d.pcap label=Ransomware split=Test
2026-02-13 21:59:15,697 - INFO - preprocess_splitcap_rgb - [156/426] 处理 pcap=08_30_2017-ra-porndroid-ikarus-1ad669a7c148352dbb5389a8238e8fa0.pcap label=Ransomware split=Test
2026-02-13 21:59:25,545 - INFO - preprocess_splitcap_rgb - [157/426] 处理 pcap=08_30_2017-ra-porndroid-ikarus-1c53e2c34d1219a2fae8fcf8ec872ac8.pcap label=Ransomware split=Train
2026-02-13 21:59:33,831 - INFO - preprocess_splitcap_rgb - [158/426] 处理 pcap=08_30_2017-ra-porndroid-ikarus-1d342362aa5deb2d3c96294ef0a65cc0.pcap label=Ransomware split=Train
2026-02-13 21:59:43,237 - INFO - preprocess_splitcap_rgb - [159/426] 处理 pcap=08_30_2017-ra-porndroid-ikarus-217ee4263881095922de50e6fde1746e.pcap label=Ransomware split=Test
2026-02-13 21:59:50,458 - INFO - preprocess_splitcap_rgb - [160/426] 处理 pcap=08_31_2017-ra-porndroid-ikarus-244c982e91b55edd55fab1c96c392211.pcap label=Ransomware split=Train
2026-02-13 22:00:00,982 - INFO - preprocess_splitcap_rgb - [161/426] 处理 pcap=08_31_2017-ra-porndroid-ikarus-25ca0d7522236b3fb7e3ce93fc9d5a13.pcap label=Ransomware split=Train
2026-02-13 22:00:11,682 - INFO - preprocess_splitcap_rgb - [162/426] 处理 pcap=08_31_2017-ra-porndroid-ikarus-28ec3aacbb81f7e0ca51e2374fccb09c.pcap label=Ransomware split=Train
2026-02-13 22:00:19,672 - INFO - preprocess_splitcap_rgb - [163/426] 处理 pcap=08_31_2017-ra-porndroid-ikarus-2a8d8e633510dbe3c419b593ddf2be6d.pcap label=Ransomware split=Test
2026-02-13 22:00:25,862 - INFO - preprocess_splitcap_rgb - [164/426] 处理 pcap=08_31_2017-ra-porndroid-ikarus-2c7b372254730bfa366e4759db34812c.pcap label=Ransomware split=Train
2026-02-13 22:00:33,075 - INFO - preprocess_splitcap_rgb - [165/426] 处理 pcap=08_29_2017-ra-RansomBO-fsecure-00da61a6c82ee1b6321898c40dda0205.pcap label=Ransomware split=Train
2026-02-13 22:00:39,168 - INFO - preprocess_splitcap_rgb - [166/426] 处理 pcap=08_29_2017-ra-RansomBO-fsecure-0277658e68a30104fec943150f74b0e5.pcap label=Ransomware split=Train
2026-02-13 22:00:51,945 - INFO - preprocess_splitcap_rgb - [167/426] 处理 pcap=08_29_2017-ra-RansomBO-fsecure-047f5f8602dbe34cb94bfc6d508e49fb.pcap label=Ransomware split=Train
2026-02-13 22:00:57,897 - INFO - preprocess_splitcap_rgb - [168/426] 处理 pcap=08_29_2017-ra-RansomBO-fsecure-08fc87495bb335263373d85df13403ab.pcap label=Ransomware split=Test
2026-02-13 22:01:04,914 - INFO - preprocess_splitcap_rgb - [169/426] 处理 pcap=08_29_2017-ra-RansomBO-fsecure-10672a166c8301cc9e0ddebf3ed91fbe.pcap label=Ransomware split=Train
2026-02-13 22:01:13,967 - INFO - preprocess_splitcap_rgb - [170/426] 处理 pcap=08_29_2017-ra-RansomBO-fsecure-12d31f8b0dc89a3b196b56ce7ac23b89.pcap label=Ransomware split=Train
2026-02-13 22:01:21,719 - INFO - preprocess_splitcap_rgb - [171/426] 处理 pcap=08_30_2017-ra-RansomBO-fsecure-14013bbb99636e4d17099401aae616ba.pcap label=Ransomware split=Train
2026-02-13 22:01:30,601 - INFO - preprocess_splitcap_rgb - [172/426] 处理 pcap=08_30_2017-ra-RansomBO-fsecure-159378f47540a8dbdc99d0e4625e6e97.pcap label=Ransomware split=Train
2026-02-13 22:01:38,334 - INFO - preprocess_splitcap_rgb - [173/426] 处理 pcap=08_30_2017-ra-RansomBO-fsecure-1d4fcc628e65babec21985b71295cc9a.pcap label=Ransomware split=Test
2026-02-13 22:01:46,101 - INFO - preprocess_splitcap_rgb - [174/426] 处理 pcap=08_30_2017-ra-RansomBO-fsecure-1ef20d8e75b9706d1597d58022a1e7c3.pcap label=Ransomware split=Train
2026-02-13 22:01:53,906 - INFO - preprocess_splitcap_rgb - [175/426] 处理 pcap=08_24_2017-ra-simplocker-symantec-03ef0dac1f97f15388bb873a417f6537.pcap label=Ransomware split=Train
2026-02-13 22:02:00,742 - INFO - preprocess_splitcap_rgb - [176/426] 处理 pcap=08_24_2017-ra-simplocker-symantec-04f62de93dae091e1c94832234263db9.pcap label=Ransomware split=Test
2026-02-13 22:02:06,215 - INFO - preprocess_splitcap_rgb - [177/426] 处理 pcap=08_24_2017-ra-simplocker-symantec-0a5d73b773d6360b5660a368cd39c6ce.pcap label=Ransomware split=Test
2026-02-13 22:02:14,051 - INFO - preprocess_splitcap_rgb - [178/426] 处理 pcap=08_24_2017-ra-simplocker-symantec-0dad5140086599b61662645b288f9e22.pcap label=Ransomware split=Train
2026-02-13 22:02:21,037 - INFO - preprocess_splitcap_rgb - [179/426] 处理 pcap=08_24_2017-ra-simplocker-symantec-0e20e797d2bba903ff61bf2e78b8e298.pcap label=Ransomware split=Test
2026-02-13 22:02:27,619 - INFO - preprocess_splitcap_rgb - [180/426] 处理 pcap=08_28_2017-ra-simplocker-symantec-0f3ae8be97f2089d7173bc4e60f46fb9.pcap label=Ransomware split=Train
2026-02-13 22:02:34,261 - INFO - preprocess_splitcap_rgb - [181/426] 处理 pcap=08_28_2017-ra-simplocker-symantec-3ac34928fdc36c9f3e4dca61ab75c691.pcap label=Ransomware split=Train
2026-02-13 22:02:43,026 - INFO - preprocess_splitcap_rgb - [182/426] 处理 pcap=08_28_2017-ra-simplocker-symantec-3b785b799471bf424f240deb674a2097.pcap label=Ransomware split=Train
2026-02-13 22:02:50,386 - INFO - preprocess_splitcap_rgb - [183/426] 处理 pcap=08_28_2017-ra-simplocker-symantec-3c3acd059acf29b49519c09e7a01b3c6.pcap label=Ransomware split=Train
2026-02-13 22:02:56,958 - INFO - preprocess_splitcap_rgb - [184/426] 处理 pcap=08_31_2017-ra-simplocker-symantec-3fbad2e5b4721effbeb4ceb6c3690f5d.pcap label=Ransomware split=Train
2026-02-13 22:03:06,400 - INFO - preprocess_splitcap_rgb - [185/426] 处理 pcap=08_25_2017-ra-svpeng-sophos-b469d12d7307f9a6b369d4f7301a6c4b.pcap label=Ransomware split=Train
2026-02-13 22:03:17,240 - INFO - preprocess_splitcap_rgb - [186/426] 处理 pcap=08_28_2017-ra-svpeng-avast-4fd58e60c95708660cd35aa90f733248.pcap label=Ransomware split=Train
2026-02-13 22:03:24,569 - INFO - preprocess_splitcap_rgb - [187/426] 处理 pcap=08_28_2017-ra-svpeng-avast-6cf17ea9a7f688c8ac3f953d4cee6795.pcap label=Ransomware split=Test
2026-02-13 22:03:32,995 - INFO - preprocess_splitcap_rgb - [188/426] 处理 pcap=08_28_2017-ra-svpeng-avast-71b71397622bf9e0b97fdeaec3771b18.pcap label=Ransomware split=Test
2026-02-13 22:03:40,643 - INFO - preprocess_splitcap_rgb - [189/426] 处理 pcap=08_28_2017-ra-svpeng-avast-7c9d7f4a6f7d8b4d4627f15867ca9d1c.pcap label=Ransomware split=Train
2026-02-13 22:03:50,140 - INFO - preprocess_splitcap_rgb - [190/426] 处理 pcap=08_28_2017-ra-svpeng-avast-d3ff6a5e9f69bedd67c09e31ed94a1bd.pcap label=Ransomware split=Train
2026-02-13 22:04:04,331 - INFO - preprocess_splitcap_rgb - [191/426] 处理 pcap=08_29_2017-ra-svpeng-kaspersky-078f2f3bc9629b930cec5c7cd21a2e53.pcap label=Ransomware split=Train
2026-02-13 22:04:11,309 - INFO - preprocess_splitcap_rgb - [192/426] 处理 pcap=08_29_2017-ra-svpeng-kaspersky-102b4f0f42a267ad9354ea104e787241.pcap label=Ransomware split=Train
2026-02-13 22:04:21,358 - INFO - preprocess_splitcap_rgb - [193/426] 处理 pcap=08_29_2017-ra-svpeng-kaspersky-1b88ccb40cb03903680368f9bc9e5f6c.pcap label=Ransomware split=Train
2026-02-13 22:04:30,772 - INFO - preprocess_splitcap_rgb - [194/426] 处理 pcap=08_29_2017-ra-svpeng-kaspersky-237d0253fea2a777798360175fd941e9.pcap label=Ransomware split=Test
2026-02-13 22:04:39,487 - INFO - preprocess_splitcap_rgb - [195/426] 处理 pcap=08_30_2017-ra-svpeng-kaspersky-9bd28bf73cde6af073ded5169de17f09.pcap label=Ransomware split=Train
2026-02-13 22:04:47,979 - INFO - preprocess_splitcap_rgb - [196/426] 处理 pcap=08_21_2017-ra-wannalocker-avast-222d9bfc7496d48240d0d176c70e2835.pcap label=Ransomware split=Test
2026-02-13 22:04:53,456 - INFO - preprocess_splitcap_rgb - [197/426] 处理 pcap=08_21_2017-ra-wannalocker-avast-25675b6dfed1491e0e5b411826fe8772.pcap label=Ransomware split=Train
2026-02-13 22:05:03,652 - INFO - preprocess_splitcap_rgb - [198/426] 处理 pcap=08_21_2017-ra-wannalocker-avast-50e1f008d92edbde5a4c3185ff8f9c55.pcap label=Ransomware split=Train
2026-02-13 22:05:10,327 - INFO - preprocess_splitcap_rgb - [199/426] 处理 pcap=08_22_2017-ra-wannalocker-avast-4bd33ba8957168dccbeadbbea45c6843.pcap label=Ransomware split=Train
2026-02-13 22:05:16,670 - INFO - preprocess_splitcap_rgb - [200/426] 处理 pcap=08_22_2017-ra-wannalocker-avast-592ef26fa2ffc5495fa0f5c812bdfeee.pcap label=Ransomware split=Test
2026-02-13 22:05:25,299 - INFO - preprocess_splitcap_rgb - [201/426] 处理 pcap=08_22_2017-ra-wannalocker-avast-5b912cc0f36095ab2f32d95e91b55be7.pcap label=Ransomware split=Train
2026-02-13 22:05:30,319 - INFO - preprocess_splitcap_rgb - [202/426] 处理 pcap=08_23_2017-ra-wannalocker-avast-66461af2d3c3b018adef6dc451e59802.pcap label=Ransomware split=Train
2026-02-13 22:05:35,710 - INFO - preprocess_splitcap_rgb - [203/426] 处理 pcap=08_23_2017-ra-wannalocker-avast-762138e933a681628ceab29d8e5a96a2.pcap label=Ransomware split=Train
2026-02-13 22:05:40,965 - INFO - preprocess_splitcap_rgb - [204/426] 处理 pcap=08_23_2017-ra-wannalocker-avast-8ce42ae8f1206130aeadaa7cad062aca.pcap label=Ransomware split=Train
2026-02-13 22:05:45,821 - INFO - preprocess_splitcap_rgb - [205/426] 处理 pcap=08_23_2017-ra-wannalocker-avast-a7d26deb2f8af2465df8735111eee8bc.pcap label=Ransomware split=Test
2026-02-13 22:05:52,769 - INFO - preprocess_splitcap_rgb - [206/426] 处理 pcap=06_26_2017-sc-AndroidDefender-Fortinet-00cf4e209bb1719646f5309e0b5c1583.pcap label=Scareware split=Test
2026-02-13 22:06:00,056 - INFO - preprocess_splitcap_rgb - [207/426] 处理 pcap=06_26_2017-sc-AndroidDefender-Fortinet-00fbcc473c451ac5baa52246a7aed0ce.pcap label=Scareware split=Train
2026-02-13 22:06:05,621 - INFO - preprocess_splitcap_rgb - [208/426] 处理 pcap=06_26_2017-sc-AndroidDefender-Fortinet-03d4af908c194c4492e57b986a52d9b9.pcap label=Scareware split=Test
2026-02-13 22:06:11,529 - INFO - preprocess_splitcap_rgb - [209/426] 处理 pcap=06_26_2017-sc-AndroidDefender-Fortinet-08026e2b63ec51cb36bc6cff00c28909.pcap label=Scareware split=Train
2026-02-13 22:06:17,460 - INFO - preprocess_splitcap_rgb - [210/426] 处理 pcap=06_26_2017-sc-AndroidDefender-Fortinet-090f717dec14c0198e6c235accee7cd0.pcap label=Scareware split=Test
2026-02-13 22:06:21,626 - INFO - preprocess_splitcap_rgb - [211/426] 处理 pcap=06_26_2017-sc-AndroidDefender-Fortinet-094f67a3a682a0cd4305d720cc786e00.pcap label=Scareware split=Train
2026-02-13 22:06:29,026 - INFO - preprocess_splitcap_rgb - [212/426] 处理 pcap=06_26_2017-sc-AndroidDefender-Fortinet-0c029418165cc8a7fbb25de0f37b720d.pcap label=Scareware split=Train
2026-02-13 22:06:34,681 - INFO - preprocess_splitcap_rgb - [213/426] 处理 pcap=06_26_2017-sc-AndroidDefender-Fortinet-0dc29a73d74be55df4c84e26ee31b716.pcap label=Scareware split=Test
2026-02-13 22:06:41,064 - INFO - preprocess_splitcap_rgb - [214/426] 处理 pcap=06_26_2017-sc-AndroidDefender-Fortinet-11517a3faa093728a24a3b7f044bf9c2.pcap label=Scareware split=Test
2026-02-13 22:06:46,633 - INFO - preprocess_splitcap_rgb - [215/426] 处理 pcap=06_26_2017-sc-AndroidDefender-Fortinet-11521e42f4ed27605dfab6aab6d7f06e.pcap label=Scareware split=Test
2026-02-13 22:06:53,383 - INFO - preprocess_splitcap_rgb - [216/426] 处理 pcap=06_26_2017-sc-AndroidDefender-Fortinet-14292932679d6930f521a21de4e8bffd.pcap label=Scareware split=Train
2026-02-13 22:07:01,908 - INFO - preprocess_splitcap_rgb - [217/426] 处理 pcap=06_26_2017-sc-AndroidDefender-Fortinet-161a51d8e66dfd5b0d7a290e0eb29036.pcap label=Scareware split=Train
2026-02-13 22:07:07,343 - INFO - preprocess_splitcap_rgb - [218/426] 处理 pcap=06_26_2017-sc-AndroidDefender-Fortinet-168aa2734efba288e4025275ab1dec3c.pcap label=Scareware split=Train
2026-02-13 22:07:12,647 - INFO - preprocess_splitcap_rgb - [219/426] 处理 pcap=06_26_2017-sc-AndroidDefender-Fortinet-199cf86600c9e7a518ac9f1795b307c7.pcap label=Scareware split=Train
2026-02-13 22:07:16,462 - INFO - preprocess_splitcap_rgb - [220/426] 处理 pcap=06_26_2017-sc-AndroidDefender-Fortinet-19ae2cd63c8ea0b6e5cb68b4af96ca9e.pcap label=Scareware split=Train
2026-02-13 22:07:25,201 - INFO - preprocess_splitcap_rgb - [221/426] 处理 pcap=06_27_2017-sc-AndroidDefender-Fortinet-1f0f79475e428c84aa26e51fef472f3b.pcap label=Scareware split=Test
2026-02-13 22:07:31,676 - INFO - preprocess_splitcap_rgb - [222/426] 处理 pcap=06_27_2017-sc-AndroidDefender-Fortinet-2299b0b039c1bc23ed0dc9abe0227435.pcap label=Scareware split=Train
2026-02-13 22:07:38,886 - INFO - preprocess_splitcap_rgb - [223/426] 处理 pcap=06_22_2017-sc-android.spy.277-drweb-2c5f158e2be5b0a67fe7378d6cff0d2d.pcap label=Scareware split=Train
2026-02-13 22:07:46,148 - INFO - preprocess_splitcap_rgb - [224/426] 处理 pcap=06_22_2017-sc-android.spy.277-drweb-2e34a05a8dbd10579ec745872ebdecad.pcap label=Scareware split=Train
2026-02-13 22:07:56,152 - INFO - preprocess_splitcap_rgb - [225/426] 处理 pcap=06_22_2017-sc-android.spy.277-drweb-7fcfb3327f7593c3b579c1d5e45d44dd.pcap label=Scareware split=Train
2026-02-13 22:08:02,907 - INFO - preprocess_splitcap_rgb - [226/426] 处理 pcap=06_22_2017-sc-android.spy.277-drweb-a73f6b0e4b6497757208e5d302554fee.pcap label=Scareware split=Train
2026-02-13 22:08:08,237 - INFO - preprocess_splitcap_rgb - [227/426] 处理 pcap=06_22_2017-sc-android.spy.277-drweb-aa5fe233d1e080f3ebe4b1968fa53fda.pcap label=Scareware split=Train
2026-02-13 22:08:15,866 - INFO - preprocess_splitcap_rgb - [228/426] 处理 pcap=06_22_2017-sc-android.spy.277-drweb-b92b038965bdcd9ae3b91679f7cd3ab6.pcap label=Scareware split=Train
2026-02-13 22:08:23,008 - INFO - preprocess_splitcap_rgb - [229/426] 处理 pcap=06_23_2017-sc-AvForAndroid-MixedAVs-028733be662b4c4b8b7f2676c2987411.pcap label=Scareware split=Train
2026-02-13 22:08:29,592 - INFO - preprocess_splitcap_rgb - [230/426] 处理 pcap=06_23_2017-sc-AvForAndroid-MixedAVs-06dddec91d1efd55363aaab40b3ff2aa.pcap label=Scareware split=Train
2026-02-13 22:08:35,539 - INFO - preprocess_splitcap_rgb - [231/426] 处理 pcap=06_23_2017-sc-AvForAndroid-MixedAVs-070194b27034d592f62e98887489e00b.pcap label=Scareware split=Train
2026-02-13 22:08:44,254 - INFO - preprocess_splitcap_rgb - [232/426] 处理 pcap=06_23_2017-sc-AvForAndroid-MixedAVs-0e06bbfdeb4a7c4bcf7f0a6fcfc6fa38.pcap label=Scareware split=Train
2026-02-13 22:08:52,904 - INFO - preprocess_splitcap_rgb - [233/426] 处理 pcap=06_23_2017-sc-AvForAndroid-MixedAVs-1021f51f46879b802d3d40803dcd2fc5.pcap label=Scareware split=Train
2026-02-13 22:08:58,272 - INFO - preprocess_splitcap_rgb - [234/426] 处理 pcap=06_23_2017-sc-AvForAndroid-MixedAVs-17c290bc50f76292ebb10586babb8ac0.pcap label=Scareware split=Test
2026-02-13 22:09:08,112 - INFO - preprocess_splitcap_rgb - [235/426] 处理 pcap=06_26_2017-sc-AvForAndroid-MixedAVs-18f0a4edf574a68346244b0e02cf8b88.pcap label=Scareware split=Test
2026-02-13 22:09:18,939 - INFO - preprocess_splitcap_rgb - [236/426] 处理 pcap=06_26_2017-sc-AvForAndroid-MixedAVs-1d2bd3908ab93ac56ba69019791e1a63.pcap label=Scareware split=Train
2026-02-13 22:09:23,350 - INFO - preprocess_splitcap_rgb - [237/426] 处理 pcap=06_26_2017-sc-AvForAndroid-MixedAVs-309fecc4cb7e80023ef83fd9ba75cfbb.pcap label=Scareware split=Test
2026-02-13 22:09:31,148 - INFO - preprocess_splitcap_rgb - [238/426] 处理 pcap=06_26_2017-sc-AvForAndroid-MixedAVs-3455aff554ef42c1fc41e4bcf6acebb7.pcap label=Scareware split=Train
2026-02-13 22:09:35,333 - INFO - preprocess_splitcap_rgb - [239/426] 处理 pcap=06_23_2017-sc-avpass-kaspersky-02e38abd7ed8714ba37e30e21a334648.pcap label=Scareware split=Train
2026-02-13 22:09:41,097 - INFO - preprocess_splitcap_rgb - [240/426] 处理 pcap=06_23_2017-sc-avpass-kaspersky-06deb2b73527f730b68b126519fa4c55.pcap label=Scareware split=Train
2026-02-13 22:09:46,627 - INFO - preprocess_splitcap_rgb - [241/426] 处理 pcap=06_23_2017-sc-avpass-kaspersky-097d44ba157aece681c07a3d4f650d49.pcap label=Scareware split=Train
2026-02-13 22:09:52,242 - INFO - preprocess_splitcap_rgb - [242/426] 处理 pcap=06_23_2017-sc-avpass-kaspersky-09c6697dbd0e5f0dc598e3d2bcd8c0b1.pcap label=Scareware split=Train
2026-02-13 22:09:58,170 - INFO - preprocess_splitcap_rgb - [243/426] 处理 pcap=06_23_2017-sc-avpass-kaspersky-0d2d1fb3dc67717216f542bca0156f3d.pcap label=Scareware split=Train
2026-02-13 22:10:05,924 - INFO - preprocess_splitcap_rgb - [244/426] 处理 pcap=06_26_2017-sc-avpass-kaspersky-0e3cc4510cbe53840b471bf140b83eef.pcap label=Scareware split=Train
2026-02-13 22:10:14,681 - INFO - preprocess_splitcap_rgb - [245/426] 处理 pcap=06_26_2017-sc-avpass-kaspersky-0fb48dda4462519bb762930c82248b56.pcap label=Scareware split=Train
2026-02-13 22:10:22,677 - INFO - preprocess_splitcap_rgb - [246/426] 处理 pcap=06_26_2017-sc-avpass-kaspersky-10261625aa8ca539ecd2a870c8bbc086.pcap label=Scareware split=Train
2026-02-13 22:10:30,363 - INFO - preprocess_splitcap_rgb - [247/426] 处理 pcap=06_26_2017-sc-avpass-kaspersky-10875400d5a9201bf8a430f1fa247060.pcap label=Scareware split=Train
2026-02-13 22:10:35,919 - INFO - preprocess_splitcap_rgb - [248/426] 处理 pcap=06_26_2017-sc-avpass-kaspersky-10c17fcef5c4d18a9e933d0c4d0f6d23.pcap label=Scareware split=Test
2026-02-13 22:10:46,378 - INFO - preprocess_splitcap_rgb - [249/426] 处理 pcap=06_27_2017-sc-fakeapp-kaspersky-01cd469e80f79e7237a6d4fd8bc17c44.pcap label=Scareware split=Test
2026-02-13 22:10:55,780 - INFO - preprocess_splitcap_rgb - [250/426] 处理 pcap=06_27_2017-sc-fakeapp-kaspersky-0318653999a8096d2babea0dc665a17e.pcap label=Scareware split=Train
2026-02-13 22:11:00,939 - INFO - preprocess_splitcap_rgb - [251/426] 处理 pcap=06_27_2017-sc-fakeapp-kaspersky-05ab6089d7b8e474881c7e5aa5ed9b06.pcap label=Scareware split=Train
2026-02-13 22:11:07,533 - INFO - preprocess_splitcap_rgb - [252/426] 处理 pcap=06_27_2017-sc-fakeapp-kaspersky-05b9c3619fe68968d55bfcbad21f0b23.pcap label=Scareware split=Train
2026-02-13 22:11:13,797 - INFO - preprocess_splitcap_rgb - [253/426] 处理 pcap=06_27_2017-sc-fakeapp-kaspersky-0b23d608afc90c8acd0b7f8d807ede2b.pcap label=Scareware split=Train
2026-02-13 22:11:18,100 - INFO - preprocess_splitcap_rgb - [254/426] 处理 pcap=06_27_2017-sc-fakeapp-kaspersky-0fc9234b6bdb33aea39e3957fa582f62.pcap label=Scareware split=Train
2026-02-13 22:11:24,205 - INFO - preprocess_splitcap_rgb - [255/426] 处理 pcap=06_27_2017-sc-fakeapp-kaspersky-101ef95c05043fc95e69514d221f704e.pcap label=Scareware split=Train
2026-02-13 22:11:30,944 - INFO - preprocess_splitcap_rgb - [256/426] 处理 pcap=06_27_2017-sc-fakeapp-kaspersky-2303e8a4d1bee66bcdcff31770d1109c.pcap label=Scareware split=Train
2026-02-13 22:11:37,685 - INFO - preprocess_splitcap_rgb - [257/426] 处理 pcap=06_28_2017-sc-fakeapp-kaspersky-11d389146b923895f6867ef403d1af4b.pcap label=Scareware split=Train
2026-02-13 22:11:46,294 - INFO - preprocess_splitcap_rgb - [258/426] 处理 pcap=06_28_2017-sc-fakeapp-kaspersky-2375950e3580a3c4a1ba7b79a3448454.pcap label=Scareware split=Train
2026-02-13 22:12:07,189 - INFO - preprocess_splitcap_rgb - [259/426] 处理 pcap=06_26_2017-sc-FakeApp.AL-MixAVs-0a573eb7a13964cbd94a70a90406fb1e.pcap label=Scareware split=Train
2026-02-13 22:12:16,056 - INFO - preprocess_splitcap_rgb - [260/426] 处理 pcap=06_26_2017-sc-FakeApp.AL-MixAVs-0a58fd1542cdd4d84550ec5deefed2b6.pcap label=Scareware split=Train
2026-02-13 22:12:21,847 - INFO - preprocess_splitcap_rgb - [261/426] 处理 pcap=06_28_2017-sc-FakeApp.AL-MixAVs-0c3d8620d1d813e7d3d015682736659f.pcap label=Scareware split=Train
2026-02-13 22:12:32,739 - INFO - preprocess_splitcap_rgb - [262/426] 处理 pcap=06_28_2017-sc-FakeApp.AL-MixAVs-16848ed83702e6fbecb0abf38b63771c.pcap label=Scareware split=Test
2026-02-13 22:12:40,395 - INFO - preprocess_splitcap_rgb - [263/426] 处理 pcap=06_28_2017-sc-FakeApp.AL-MixAVs-18ba00b2666aa67497425c4e8bc905f2.pcap label=Scareware split=Test
2026-02-13 22:12:44,570 - INFO - preprocess_splitcap_rgb - [264/426] 处理 pcap=06_28_2017-sc-FakeApp.AL-MixAVs-19960ed01a8d5769eedea76db6d14f40.pcap label=Scareware split=Train
2026-02-13 22:12:47,725 - INFO - preprocess_splitcap_rgb - [265/426] 处理 pcap=06_28_2017-sc-FakeApp.AL-MixAVs-1e071e3042dceca4a0fa92f3e89c998c.pcap label=Scareware split=Train
2026-02-13 22:12:55,180 - INFO - preprocess_splitcap_rgb - [266/426] 处理 pcap=06_28_2017-sc-FakeApp.AL-MixAVs-209d9a746c16e94e695891c1cdca8312.pcap label=Scareware split=Train
2026-02-13 22:13:01,566 - INFO - preprocess_splitcap_rgb - [267/426] 处理 pcap=06_29_2017-sc-FakeApp.AL-MixAVs-2186f65199f8c6be0d27c40a65637d70.pcap label=Scareware split=Train
2026-02-13 22:13:07,689 - INFO - preprocess_splitcap_rgb - [268/426] 处理 pcap=06_29_2017-sc-FakeApp.AL-MixAVs-21d12ef6cd4f247a91880c44dd7449a6.pcap label=Scareware split=Train
2026-02-13 22:13:13,156 - INFO - preprocess_splitcap_rgb - [269/426] 处理 pcap=06_29_2017-sc-FakeApp.AL-MixAVs-26676538cbdedc1285699d9af0dcf06b.pcap label=Scareware split=Train
2026-02-13 22:13:20,750 - INFO - preprocess_splitcap_rgb - [270/426] 处理 pcap=06_27_2017-sc-fakeav-kaspersky-002e34c2b615c13fe21498013c5daa16.pcap label=Scareware split=Train
2026-02-13 22:13:27,530 - INFO - preprocess_splitcap_rgb - [271/426] 处理 pcap=06_27_2017-sc-fakeav-kaspersky-00eb3d75ca5624af970482bafc3d6a73.pcap label=Scareware split=Train
2026-02-13 22:13:35,902 - INFO - preprocess_splitcap_rgb - [272/426] 处理 pcap=06_28_2017-sc-fakeav-kaspersky-0102f20a81eb1cf3c86abd49a2f4c06b.pcap label=Scareware split=Test
2026-02-13 22:13:46,316 - INFO - preprocess_splitcap_rgb - [273/426] 处理 pcap=06_28_2017-sc-fakeav-kaspersky-010474247ebfd78a765cfc5b7db550e1.pcap label=Scareware split=Train
2026-02-13 22:13:51,238 - INFO - preprocess_splitcap_rgb - [274/426] 处理 pcap=06_28_2017-sc-fakeav-kaspersky-0125b812c1a948e0cb39d22f4b5615bf.pcap label=Scareware split=Train
2026-02-13 22:13:56,122 - INFO - preprocess_splitcap_rgb - [275/426] 处理 pcap=06_28_2017-sc-fakeav-kaspersky-020241a8933c0798d537180c84085e79.pcap label=Scareware split=Train
2026-02-13 22:14:03,161 - INFO - preprocess_splitcap_rgb - [276/426] 处理 pcap=06_28_2017-sc-fakeav-kaspersky-02b222e277c8a44e2fe67e4e734571c0.pcap label=Scareware split=Test
2026-02-13 22:14:13,359 - INFO - preprocess_splitcap_rgb - [277/426] 处理 pcap=06_28_2017-sc-fakeav-kaspersky-02d23d111dbf8812c635d4f0eadc75b8.pcap label=Scareware split=Train
2026-02-13 22:14:20,442 - INFO - preprocess_splitcap_rgb - [278/426] 处理 pcap=06_29_2017-sc-fakeav-kaspersky-0306fbe880a11761c775589ed9ff7381.pcap label=Scareware split=Train
2026-02-13 22:14:28,440 - INFO - preprocess_splitcap_rgb - [279/426] 处理 pcap=06_29_2017-sc-fakeav-kaspersky-030a142b6c1913dabd1d2186ba2a0e48.pcap label=Scareware split=Train
2026-02-13 22:14:37,285 - INFO - preprocess_splitcap_rgb - [280/426] 处理 pcap=06_28_2017-sc-fakejoboffer-fsecure-09714aac017c9acc96d270eb9bad9dc1.pcap label=Scareware split=Train
2026-02-13 22:14:43,625 - INFO - preprocess_splitcap_rgb - [281/426] 处理 pcap=06_28_2017-sc-fakejoboffer-fsecure-39d84c6ac4837d210690f65e60a27378.pcap label=Scareware split=Test
2026-02-13 22:14:53,322 - INFO - preprocess_splitcap_rgb - [282/426] 处理 pcap=06_28_2017-sc-fakejoboffer-fsecure-40aeb22aba6dca5eb926b0ba4834177d.pcap label=Scareware split=Train
2026-02-13 22:15:00,686 - INFO - preprocess_splitcap_rgb - [283/426] 处理 pcap=06_28_2017-sc-fakejoboffer-fsecure-57ebf71043609ba4e2d42f4c08f8a5c5.pcap label=Scareware split=Train
2026-02-13 22:15:06,516 - INFO - preprocess_splitcap_rgb - [284/426] 处理 pcap=06_28_2017-sc-fakejoboffer-fsecure-6009c8c4c66771c67357283b7d665dec.pcap label=Scareware split=Train
2026-02-13 22:15:15,715 - INFO - preprocess_splitcap_rgb - [285/426] 处理 pcap=06_29_2017-sc-fakejoboffer-fsecure-9e8fa23dfc817bdcad42b2f6ada6e658.pcap label=Scareware split=Train
2026-02-13 22:15:22,808 - INFO - preprocess_splitcap_rgb - [286/426] 处理 pcap=06_29_2017-sc-fakejoboffer-fsecure-da8f8d68f6ded154378b25d82234d8a7.pcap label=Scareware split=Test
2026-02-13 22:15:30,187 - INFO - preprocess_splitcap_rgb - [287/426] 处理 pcap=06_29_2017-sc-fakejoboffer-fsecure-fd4b9f97d3534c009ccd95858032eb51.pcap label=Scareware split=Train
2026-02-13 22:15:37,989 - INFO - preprocess_splitcap_rgb - [288/426] 处理 pcap=06_29_2017-sc-fakejoboffer-fsecure-fe7a44137739c8543d066ec0c2aa15b9.pcap label=Scareware split=Train
2026-02-13 22:15:43,477 - INFO - preprocess_splitcap_rgb - [289/426] 处理 pcap=06_29_2017-sc-FakeTaoBao-MixAVs-18565907b3a04006b6bcd3a7eb402dc3.pcap label=Scareware split=Train
2026-02-13 22:15:50,816 - INFO - preprocess_splitcap_rgb - [290/426] 处理 pcap=06_29_2017-sc-FakeTaoBao-MixAVs-1c0c1837e99107f137c47e87570be00f.pcap label=Scareware split=Train
2026-02-13 22:15:56,409 - INFO - preprocess_splitcap_rgb - [291/426] 处理 pcap=06_30_2017-sc-FakeTaoBao-MixAVs-45dae1ee4ca1980c140cb5c9da2a7ed5.pcap label=Scareware split=Train
2026-02-13 22:16:07,721 - INFO - preprocess_splitcap_rgb - [292/426] 处理 pcap=06_30_2017-sc-FakeTaoBao-MixAVs-5376d63e7c498b52548e1c487d972a9c.pcap label=Scareware split=Train
2026-02-13 22:16:14,319 - INFO - preprocess_splitcap_rgb - [293/426] 处理 pcap=06_30_2017-sc-FakeTaoBao-MixAVs-5d7af62c7f33522a8fe50085204d90c8.pcap label=Scareware split=Train
2026-02-13 22:16:21,195 - INFO - preprocess_splitcap_rgb - [294/426] 处理 pcap=06_30_2017-sc-FakeTaoBao-MixAVs-8be7ac1e01b3a5db14103187232d4f75.pcap label=Scareware split=Train
2026-02-13 22:16:27,217 - INFO - preprocess_splitcap_rgb - [295/426] 处理 pcap=06_30_2017-sc-FakeTaoBao-MixAVs-c57194d05a30d53c764983c70e471791.pcap label=Scareware split=Train
2026-02-13 22:16:32,922 - INFO - preprocess_splitcap_rgb - [296/426] 处理 pcap=07_04_2017-sc-FakeTaoBao-MixAVs-e97be7f2450dd363d2d53711dbf4c4ae.pcap label=Scareware split=Test
2026-02-13 22:16:37,054 - INFO - preprocess_splitcap_rgb - [297/426] 处理 pcap=07_04_2017-sc-FakeTaoBao-MixAVs-eda9098498a6201383e311f9b3757b4f.pcap label=Scareware split=Train
2026-02-13 22:16:44,259 - INFO - preprocess_splitcap_rgb - [298/426] 处理 pcap=06_30_2017-sc-penetho-kaspersky-7f521bbef670ab04d27b30ac96832734.pcap label=Scareware split=Train
2026-02-13 22:16:50,365 - INFO - preprocess_splitcap_rgb - [299/426] 处理 pcap=06_30_2017-sc-penetho-kaspersky-b92765d38cd1c6f49dfc2da5d857efc2.pcap label=Scareware split=Train
2026-02-13 22:16:58,323 - INFO - preprocess_splitcap_rgb - [300/426] 处理 pcap=06_30_2017-sc-penetho-kaspersky-c1191c7efc4b1fb674694f9920076da5.pcap label=Scareware split=Train
2026-02-13 22:17:00,079 - INFO - preprocess_splitcap_rgb - [301/426] 处理 pcap=06_30_2017-sc-penetho-kaspersky-c16a2685052edbb2bfcca7ea12f580cb.pcap label=Scareware split=Train
2026-02-13 22:17:03,304 - INFO - preprocess_splitcap_rgb - [302/426] 处理 pcap=06_30_2017-sc-penetho-kaspersky-d9626d54c63f8ce4c32e9061b62009d0.pcap label=Scareware split=Train
2026-02-13 22:17:05,638 - INFO - preprocess_splitcap_rgb - [303/426] 处理 pcap=06_30_2017-sc-penetho-kaspersky-dabf1f1c058ef3f95ba497fef4e9195f.pcap label=Scareware split=Train
2026-02-13 22:17:09,743 - INFO - preprocess_splitcap_rgb - [304/426] 处理 pcap=06_30_2017-sc-penetho-kaspersky-dbe952dd2becf9725f84780947582fb2.pcap label=Scareware split=Train
2026-02-13 22:17:15,138 - INFO - preprocess_splitcap_rgb - [305/426] 处理 pcap=06_30_2017-sc-penetho-kaspersky-eb7c0cf99ebc58e6a05391cc2319c89a.pcap label=Scareware split=Train
2026-02-13 22:17:21,170 - INFO - preprocess_splitcap_rgb - [306/426] 处理 pcap=07_04_2017-sc-penetho-kaspersky-ed323f9a664c535afc7fb75aabecb9c6.pcap label=Scareware split=Test
2026-02-13 22:17:25,371 - INFO - preprocess_splitcap_rgb - [307/426] 处理 pcap=07_04_2017-sc-penetho-kaspersky-f3d11149cf49e48c74bee08da507469a.pcap label=Scareware split=Train
2026-02-13 22:17:31,364 - INFO - preprocess_splitcap_rgb - [308/426] 处理 pcap=06_29_2017-sc-virusshield-mixed-002485c5c96f0681a4eccee5b69c5f50.pcap label=Scareware split=Test
2026-02-13 22:17:37,435 - INFO - preprocess_splitcap_rgb - [309/426] 处理 pcap=06_30_2017-sc-virusshield-mixed-00c921f069c02d88c96900c212db4b39.pcap label=Scareware split=Train
2026-02-13 22:17:42,292 - INFO - preprocess_splitcap_rgb - [310/426] 处理 pcap=06_30_2017-sc-virusshield-mixed-016fb420aa291325e8dfd72c55d8c832.pcap label=Scareware split=Train
2026-02-13 22:17:47,541 - INFO - preprocess_splitcap_rgb - [311/426] 处理 pcap=06_30_2017-sc-virusshield-mixed-042577326f0407873d900bb65e401891.pcap label=Scareware split=Test
2026-02-13 22:17:52,307 - INFO - preprocess_splitcap_rgb - [312/426] 处理 pcap=06_30_2017-sc-virusshield-mixed-04cda5773c1bfa9a5387c9e5b8bfefac.pcap label=Scareware split=Test
2026-02-13 22:17:55,052 - INFO - preprocess_splitcap_rgb - [313/426] 处理 pcap=06_30_2017-sc-virusshield-mixed-06ea4781b1ecba14454a234a3361daa0.pcap label=Scareware split=Train
2026-02-13 22:17:57,314 - INFO - preprocess_splitcap_rgb - [314/426] 处理 pcap=06_30_2017-sc-virusshield-mixed-0f050fb655e4624925d9d32582805601.pcap label=Scareware split=Train
2026-02-13 22:18:05,497 - INFO - preprocess_splitcap_rgb - [315/426] 处理 pcap=06_30_2017-sc-virusshield-mixed-119658211908d17d4f78f36168477af1.pcap label=Scareware split=Train
2026-02-13 22:18:13,050 - INFO - preprocess_splitcap_rgb - [316/426] 处理 pcap=06_30_2017-sc-virusshield-mixed-13bca905ccc119771040fd5fd30afff1.pcap label=Scareware split=Train
2026-02-13 22:18:16,713 - INFO - preprocess_splitcap_rgb - [317/426] 处理 pcap=07_05_2017-sc-virusshield-mixed-15ca5ad27034f5b9c516afc94511adba.pcap label=Scareware split=Train
2026-02-13 22:18:25,224 - INFO - preprocess_splitcap_rgb - [318/426] 处理 pcap=08_18_2017-ps-beanbot-sophos-05af60ce8a8c3cd31682982122423ef3.pcap label=SMSMalware split=Train
2026-02-13 22:18:27,227 - INFO - preprocess_splitcap_rgb - [319/426] 处理 pcap=08_21_2017-ps-beanbot-sophos-1096d7bb79161996c56fa2c3ae704939.pcap label=SMSMalware split=Train
2026-02-13 22:18:28,519 - INFO - preprocess_splitcap_rgb - [320/426] 处理 pcap=08_21_2017-ps-beanbot-sophos-20ea198600c8fae497e390fd2f113b5a.pcap label=SMSMalware split=Train
2026-02-13 22:18:29,731 - INFO - preprocess_splitcap_rgb - [321/426] 处理 pcap=08_21_2017-ps-beanbot-sophos-23cccc38d7397b8dc4613d0a53d78d63.pcap label=SMSMalware split=Train
2026-02-13 22:18:30,596 - INFO - preprocess_splitcap_rgb - [322/426] 处理 pcap=08_21_2017-ps-beanbot-sophos-5edba94ed95bc9c06aadfbf66c2b8f6a.pcap label=SMSMalware split=Train
2026-02-13 22:18:31,605 - INFO - preprocess_splitcap_rgb - [323/426] 处理 pcap=08_21_2017-ps-beanbot-sophos-7b458cfb721c3219af06638fcd3379cd.pcap label=SMSMalware split=Test
2026-02-13 22:18:32,633 - INFO - preprocess_splitcap_rgb - [324/426] 处理 pcap=08_21_2017-ps-beanbot-sophos-9c1a90860302572a0d86bcf6c6a084ee.pcap label=SMSMalware split=Train
2026-02-13 22:18:33,626 - INFO - preprocess_splitcap_rgb - [325/426] 处理 pcap=08_22_2017-ps-beanbot-sophos-8354d69d2645b08b45743045723947e6.pcap label=SMSMalware split=Train
2026-02-13 22:18:34,899 - INFO - preprocess_splitcap_rgb - [326/426] 处理 pcap=08_22_2017-ps-beanbot-sophos-e6bf42edc7badf0c67074b085d245feb.pcap label=SMSMalware split=Test
2026-02-13 22:18:35,825 - INFO - preprocess_splitcap_rgb - [327/426] 处理 pcap=07_10_2017-sms-biige-alibaba-33e85fd82361c3b59ed1e221c668844d.pcap label=SMSMalware split=Train
2026-02-13 22:18:43,599 - INFO - preprocess_splitcap_rgb - [328/426] 处理 pcap=07_10_2017-sms-biige-alibaba-3a47a6e048d5a6a10f4a2da4424df988.pcap label=SMSMalware split=Test
2026-02-13 22:18:48,956 - INFO - preprocess_splitcap_rgb - [329/426] 处理 pcap=07_11_2017-sms-biige-alibaba-46a4dae8d679775cdbde69b31d975f17.pcap label=SMSMalware split=Train
2026-02-13 22:18:55,496 - INFO - preprocess_splitcap_rgb - [330/426] 处理 pcap=07_11_2017-sms-biige-alibaba-4a1d06e848a4ccfcfbe533aab63671fc.pcap label=SMSMalware split=Train
2026-02-13 22:19:00,502 - INFO - preprocess_splitcap_rgb - [331/426] 处理 pcap=07_11_2017-sms-biige-alibaba-4f468c3f9d141cab152daef5036cf68f.pcap label=SMSMalware split=Train
2026-02-13 22:19:09,212 - INFO - preprocess_splitcap_rgb - [332/426] 处理 pcap=07_11_2017-sms-biige-alibaba-5deb5969dd67e5021bafa07c6ccc1330.pcap label=SMSMalware split=Train
2026-02-13 22:19:13,367 - INFO - preprocess_splitcap_rgb - [333/426] 处理 pcap=07_11_2017-sms-biige-alibaba-6c9bcb2482132974f4d6e5e0061df4c0.pcap label=SMSMalware split=Test
2026-02-13 22:19:18,699 - INFO - preprocess_splitcap_rgb - [334/426] 处理 pcap=07_11_2017-sms-biige-alibaba-76bdff4993899c4451a419eea9250422.pcap label=SMSMalware split=Train
2026-02-13 22:19:25,528 - INFO - preprocess_splitcap_rgb - [335/426] 处理 pcap=07_11_2017-sms-biige-alibaba-7cb70612e7ca5d14dc8b6a6ac835c341.pcap label=SMSMalware split=Train
2026-02-13 22:19:31,386 - INFO - preprocess_splitcap_rgb - [336/426] 处理 pcap=07_12_2017-sms-biige-alibaba-8e1a4187f9a211b0c28b7dbe5fa6deec.pcap label=SMSMalware split=Train
2026-02-13 22:19:35,231 - INFO - preprocess_splitcap_rgb - [337/426] 处理 pcap=07_12_2017-sms-biige-alibaba-96462df95b266d6f775967e5aa798d09.pcap label=SMSMalware split=Train
2026-02-13 22:19:43,817 - INFO - preprocess_splitcap_rgb - [338/426] 处理 pcap=07_12_2017-sms-fakeinst-bkav-015893103a16ab984c491180a53e7319.pcap label=SMSMalware split=Train
2026-02-13 22:19:43,961 - INFO - preprocess_splitcap_rgb - [339/426] 处理 pcap=07_12_2017-sms-fakeinst-bkav-01f12b685fd71182606d622163f55ddf.pcap label=SMSMalware split=Train
2026-02-13 22:19:48,294 - INFO - preprocess_splitcap_rgb - [340/426] 处理 pcap=07_12_2017-sms-fakeinst-bkav-15b16c10d315bf738c2273e83f093530.pcap label=SMSMalware split=Train
2026-02-13 22:19:48,404 - INFO - preprocess_splitcap_rgb - [341/426] 处理 pcap=07_13_2017-sms-fakeinst-bkav-173cff6affac71ab04d5a12521883eb2.pcap label=SMSMalware split=Test
2026-02-13 22:19:53,917 - INFO - preprocess_splitcap_rgb - [342/426] 处理 pcap=07_13_2017-sms-fakeinst-bkav-19ba83c546250a5acf4e2d59623c3c40.pcap label=SMSMalware split=Train
2026-02-13 22:19:54,037 - INFO - preprocess_splitcap_rgb - [343/426] 处理 pcap=07_13_2017-sms-fakeinst-bkav-1c17f0f46246b0a3a0ca460f42490b20.pcap label=SMSMalware split=Train
2026-02-13 22:19:54,147 - INFO - preprocess_splitcap_rgb - [344/426] 处理 pcap=07_13_2017-sms-fakeinst-bkav-226ca1802f0ad1811b0a19986cbbfff6.pcap label=SMSMalware split=Train
2026-02-13 22:19:54,257 - INFO - preprocess_splitcap_rgb - [345/426] 处理 pcap=07_13_2017-sms-fakeinst-bkav-2b3db5c3d5c519fc77da7b3ccb25b9c2.pcap label=SMSMalware split=Train
2026-02-13 22:19:59,301 - INFO - preprocess_splitcap_rgb - [346/426] 处理 pcap=07_14_2017-sms-fakeinst-bkav-2cbadcc6a5474687a4f6a7f4183d835c.pcap label=SMSMalware split=Train
2026-02-13 22:20:02,909 - INFO - preprocess_splitcap_rgb - [347/426] 处理 pcap=07_14_2017-sms-fakeinst-bkav-4f9a18692f7adbfcaedb0e6f4fdecc9a.pcap label=SMSMalware split=Train
2026-02-13 22:20:09,436 - INFO - preprocess_splitcap_rgb - [348/426] 处理 pcap=08_22_2017-ps-fakemart-alibaba-0f87eb60d9872d40877c84b7af888b28.pcap label=SMSMalware split=Test
2026-02-13 22:20:10,423 - INFO - preprocess_splitcap_rgb - [349/426] 处理 pcap=08_22_2017-ps-fakemart-alibaba-787481b5d3cb2d48098f12db3012347e.pcap label=SMSMalware split=Test
2026-02-13 22:20:11,266 - INFO - preprocess_splitcap_rgb - [350/426] 处理 pcap=08_22_2017-ps-fakemart-alibaba-81e95fc791f04b75c9d3d2b1f5d033e7.pcap label=SMSMalware split=Train
2026-02-13 22:20:12,158 - INFO - preprocess_splitcap_rgb - [351/426] 处理 pcap=08_23_2017-ps-fakemart-alibaba-b3392cd774f9ff834aeb742a7a4a40e5.pcap label=SMSMalware split=Train
2026-02-13 22:20:13,117 - INFO - preprocess_splitcap_rgb - [352/426] 处理 pcap=08_23_2017-ps-fakemart-alibaba-bba26bb93eefd3dbed1ba864dab8b8a9.pcap label=SMSMalware split=Train
2026-02-13 22:20:14,611 - INFO - preprocess_splitcap_rgb - [353/426] 处理 pcap=08_23_2017-ps-fakemart-alibaba-d002f0581a862373aa6c6c0070ec3156.pcap label=SMSMalware split=Train
2026-02-13 22:20:15,308 - INFO - preprocess_splitcap_rgb - [354/426] 处理 pcap=08_23_2017-ps-fakemart-alibaba-d8b10e7251ae58645ac6613a5655fc18.pcap label=SMSMalware split=Train
2026-02-13 22:20:16,103 - INFO - preprocess_splitcap_rgb - [355/426] 处理 pcap=08_23_2017-ps-fakemart-alibaba-ddd0e0bfbd81c175a6e68272df4fcb5a.pcap label=SMSMalware split=Train
2026-02-13 22:20:16,910 - INFO - preprocess_splitcap_rgb - [356/426] 处理 pcap=08_24_2017-ps-fakemart-alibaba-f3d8eb5c923390534da01d30d7dab130.pcap label=SMSMalware split=Train
2026-02-13 22:20:18,987 - INFO - preprocess_splitcap_rgb - [357/426] 处理 pcap=08_24_2017-ps-fakemart-alibaba-ff6648303056c0f09f584a0d01607bad.pcap label=SMSMalware split=Train
2026-02-13 22:20:19,760 - INFO - preprocess_splitcap_rgb - [358/426] 处理 pcap=07_11_2017-sms-fakenotify-F-secure-0b5697a9975bc9e978fc96a0333443c8.pcap label=SMSMalware split=Test
2026-02-13 22:20:26,306 - INFO - preprocess_splitcap_rgb - [359/426] 处理 pcap=07_11_2017-sms-fakenotify-F-secure-0c19dc80f0190c6c29345bf01bc840f0.pcap label=SMSMalware split=Train
2026-02-13 22:20:31,816 - INFO - preprocess_splitcap_rgb - [360/426] 处理 pcap=07_12_2017-sms-fakenotify-F-secure-2acd800a5c95d73c493ed148748a643a.pcap label=SMSMalware split=Train
2026-02-13 22:20:38,891 - INFO - preprocess_splitcap_rgb - [361/426] 处理 pcap=07_12_2017-sms-fakenotify-F-secure-2d84afd761b473eff0069e9e0de97e16.pcap label=SMSMalware split=Train
2026-02-13 22:20:44,802 - INFO - preprocess_splitcap_rgb - [362/426] 处理 pcap=07_12_2017-sms-fakenotify-F-secure-2e6290ea191c3e9c4a93c38db6f38c8e.pcap label=SMSMalware split=Train
2026-02-13 22:20:49,942 - INFO - preprocess_splitcap_rgb - [363/426] 处理 pcap=07_12_2017-sms-fakenotify-F-secure-2f4e363556c508921924e5a35f8c1665.pcap label=SMSMalware split=Train
2026-02-13 22:20:59,154 - INFO - preprocess_splitcap_rgb - [364/426] 处理 pcap=07_13_2017-sms-fakenotify-F-secure-3e4f620b98908090340dab1b790c4bfe.pcap label=SMSMalware split=Train
2026-02-13 22:21:05,759 - INFO - preprocess_splitcap_rgb - [365/426] 处理 pcap=07_13_2017-sms-fakenotify-F-secure-5e0da2476bb8ab81281bb61edfc84e18.pcap label=SMSMalware split=Train
2026-02-13 22:21:10,402 - INFO - preprocess_splitcap_rgb - [366/426] 处理 pcap=07_13_2017-sms-fakenotify-F-secure-6b0ba04a1ac9aa527ed6c4aef668993d.pcap label=SMSMalware split=Train
2026-02-13 22:21:17,232 - INFO - preprocess_splitcap_rgb - [367/426] 处理 pcap=07_13_2017-sms-fakenotify-F-secure-6b14aeb8a008966298349423517b2184.pcap label=SMSMalware split=Train
2026-02-13 22:21:24,703 - INFO - preprocess_splitcap_rgb - [368/426] 处理 pcap=08_10_2017-ps-jifake-F-Secure-0a6bd6d44fc7865847c5cc521be5edd0.pcap label=SMSMalware split=Train
2026-02-13 22:21:26,240 - INFO - preprocess_splitcap_rgb - [369/426] 处理 pcap=08_10_2017-ps-jifake-F-Secure-0c5b06142035314e25a062f04aaa1b00.pcap label=SMSMalware split=Test
2026-02-13 22:21:27,156 - INFO - preprocess_splitcap_rgb - [370/426] 处理 pcap=08_10_2017-ps-jifake-F-Secure-0d35dc4a58697fc003531f7edbde9f9c.pcap label=SMSMalware split=Train
2026-02-13 22:21:27,981 - INFO - preprocess_splitcap_rgb - [371/426] 处理 pcap=08_11_2017-ps-jifake-F-Secure-0f1553bddd194d6597a215c69326828b.pcap label=SMSMalware split=Test
2026-02-13 22:21:28,777 - INFO - preprocess_splitcap_rgb - [372/426] 处理 pcap=08_11_2017-ps-jifake-F-Secure-1fa16f1bbcfa2f8254bbc9b59af14ec2.pcap label=SMSMalware split=Train
2026-02-13 22:21:30,934 - INFO - preprocess_splitcap_rgb - [373/426] 处理 pcap=08_11_2017-ps-jifake-F-Secure-3a8d580df0be5797e49c2d85aae25aae.pcap label=SMSMalware split=Train
2026-02-13 22:21:31,934 - INFO - preprocess_splitcap_rgb - [374/426] 处理 pcap=08_11_2017-ps-jifake-F-Secure-3fd5a098f2b8e5a147fbca1f4b8b8f22.pcap label=SMSMalware split=Train
2026-02-13 22:21:32,928 - INFO - preprocess_splitcap_rgb - [375/426] 处理 pcap=08_11_2017-ps-jifake-F-Secure-4a920426e5ed54cce87c2cb30d4c88db.pcap label=SMSMalware split=Train
2026-02-13 22:21:33,743 - INFO - preprocess_splitcap_rgb - [376/426] 处理 pcap=08_11_2017-ps-jifake-F-Secure-4aed54ec11434839b7d13b8a34c3b085.pcap label=SMSMalware split=Train
2026-02-13 22:21:35,059 - INFO - preprocess_splitcap_rgb - [377/426] 处理 pcap=08_11_2017-ps-jifake-F-Secure-4aff6ec54c15f95e75a453460fd744ff.pcap label=SMSMalware split=Train
2026-02-13 22:21:36,222 - INFO - preprocess_splitcap_rgb - [378/426] 处理 pcap=08_14_2017-ps-mazarbot-ESET-NOD32-1a4a6d135629d56917366d18c99ed316.pcap label=SMSMalware split=Train
2026-02-13 22:21:37,415 - INFO - preprocess_splitcap_rgb - [379/426] 处理 pcap=08_14_2017-ps-mazarbot-ESET-NOD32-1d0fd6e8601af2f9299d1cf8e86ecebd.pcap label=SMSMalware split=Train
2026-02-13 22:21:39,554 - INFO - preprocess_splitcap_rgb - [380/426] 处理 pcap=08_14_2017-ps-mazarbot-ESET-NOD32-234115774e10aa7c34c359091ba09f38.pcap label=SMSMalware split=Train
2026-02-13 22:21:40,658 - INFO - preprocess_splitcap_rgb - [381/426] 处理 pcap=08_14_2017-ps-mazarbot-ESET-NOD32-2b90fca41272bec8b8ffefbb2456c001.pcap label=SMSMalware split=Train
2026-02-13 22:21:41,769 - INFO - preprocess_splitcap_rgb - [382/426] 处理 pcap=08_14_2017-ps-mazarbot-ESET-NOD32-2f4d81ef1b10bf72d0dba0fdf354527f.pcap label=SMSMalware split=Train
2026-02-13 22:21:42,674 - INFO - preprocess_splitcap_rgb - [383/426] 处理 pcap=08_14_2017-ps-mazarbot-ESET-NOD32-3f85dc61d4d24d185e0d4c9f0807ed11.pcap label=SMSMalware split=Train
2026-02-13 22:21:43,579 - INFO - preprocess_splitcap_rgb - [384/426] 处理 pcap=08_15_2017-ps-mazarbot-ESET-NOD32-3841abcef2b1b37aa7e2d47c535ca80e.pcap label=SMSMalware split=Test
2026-02-13 22:21:44,517 - INFO - preprocess_splitcap_rgb - [385/426] 处理 pcap=08_15_2017-ps-mazarbot-ESET-NOD32-40449a2ec48c3e630b2eb8c8089828cf.pcap label=SMSMalware split=Train
2026-02-13 22:21:45,267 - INFO - preprocess_splitcap_rgb - [386/426] 处理 pcap=08_15_2017-ps-mazarbot-ESET-NOD32-49dac3b35afb2e8d3605c72d0d83f631.pcap label=SMSMalware split=Train
2026-02-13 22:21:46,715 - INFO - preprocess_splitcap_rgb - [387/426] 处理 pcap=07_13_2017-sms-nandrobox-Nano-antivirus-0090db3654c2bfe6925f5ace023399d9.pcap label=SMSMalware split=Train
2026-02-13 22:21:54,551 - INFO - preprocess_splitcap_rgb - [388/426] 处理 pcap=07_14_2017-sms-nandrobox-Nano-antivirus-03f9eff3229e3a4eefc9224f916202b8.pcap label=SMSMalware split=Train
2026-02-13 22:22:13,457 - INFO - preprocess_splitcap_rgb - [389/426] 处理 pcap=07_14_2017-sms-nandrobox-Nano-antivirus-04276665aaa3725ea34097c4c874873c.pcap label=SMSMalware split=Train
2026-02-13 22:22:18,889 - INFO - preprocess_splitcap_rgb - [390/426] 处理 pcap=07_14_2017-sms-nandrobox-Nano-antivirus-0685192d16888b55e8c581f416dc7e22.pcap label=SMSMalware split=Test
2026-02-13 22:22:24,941 - INFO - preprocess_splitcap_rgb - [391/426] 处理 pcap=07_14_2017-sms-nandrobox-Nano-antivirus-0adcc06fe300df345a48c49c66801e42.pcap label=SMSMalware split=Train
2026-02-13 22:22:30,105 - INFO - preprocess_splitcap_rgb - [392/426] 处理 pcap=07_14_2017-sms-nandrobox-Nano-antivirus-0c5a4e855d1842f3548a0e761b7cfdba.pcap label=SMSMalware split=Test
2026-02-13 22:22:36,769 - INFO - preprocess_splitcap_rgb - [393/426] 处理 pcap=07_14_2017-sms-nandrobox-Nano-antivirus-0e7856d1685a712cfa62f6f23957d89c.pcap label=SMSMalware split=Train
2026-02-13 22:22:42,628 - INFO - preprocess_splitcap_rgb - [394/426] 处理 pcap=07_17_2017-sms-nandrobox-Nano-antivirus-079b54972ba05f0e4652c46559d40604.pcap label=SMSMalware split=Test
2026-02-13 22:22:51,873 - INFO - preprocess_splitcap_rgb - [395/426] 处理 pcap=07_17_2017-sms-nandrobox-Nano-antivirus-11f666e80b3cb75d5a9c4c334c08cb0c.pcap label=SMSMalware split=Train
2026-02-13 22:23:01,677 - INFO - preprocess_splitcap_rgb - [396/426] 处理 pcap=07_17_2017-sms-nandrobox-Nano-antivirus-1331ae4b33daabf7ac0462cf03babf6a.pcap label=SMSMalware split=Train
2026-02-13 22:23:07,751 - INFO - preprocess_splitcap_rgb - [397/426] 处理 pcap=07_17_2017-sms-nandrobox-Nano-antivirus-14a457989137585d27e4942c3ef1e0c4.pcap label=SMSMalware split=Test
2026-02-13 22:23:12,664 - INFO - preprocess_splitcap_rgb - [398/426] 处理 pcap=07_11_2017-sms-plankton-ikarus-00a419a4ffe1819a51207b3140592734.pcap label=SMSMalware split=Train
2026-02-13 22:23:20,831 - INFO - preprocess_splitcap_rgb - [399/426] 处理 pcap=07_11_2017-sms-plankton-ikarus-00df7b716f539fb3cc7815ca93b5768f.pcap label=SMSMalware split=Train
2026-02-13 22:23:29,131 - INFO - preprocess_splitcap_rgb - [400/426] 处理 pcap=07_11_2017-sms-plankton-ikarus-011889b7c5892e514b1c833d6bd4c476.pcap label=SMSMalware split=Train
2026-02-13 22:23:37,495 - INFO - preprocess_splitcap_rgb - [401/426] 处理 pcap=07_11_2017-sms-plankton-ikarus-02f3ddaada005263619aebdb2d2a14e0.pcap label=SMSMalware split=Train
2026-02-13 22:23:44,499 - INFO - preprocess_splitcap_rgb - [402/426] 处理 pcap=07_11_2017-sms-plankton-ikarus-0378f0cf4e7241a4c0f5a0722e601638.pcap label=SMSMalware split=Test
2026-02-13 22:23:51,317 - INFO - preprocess_splitcap_rgb - [403/426] 处理 pcap=07_11_2017-sms-plankton-ikarus-04b2c5d39ba3f3c65a22b7ea0bcfa36a.pcap label=SMSMalware split=Train
2026-02-13 22:23:57,751 - INFO - preprocess_splitcap_rgb - [404/426] 处理 pcap=07_11_2017-sms-plankton-ikarus-0709f23a82b4110d7333a5bdd81e799a.pcap label=SMSMalware split=Test
2026-02-13 22:24:07,199 - INFO - preprocess_splitcap_rgb - [405/426] 处理 pcap=07_11_2017-sms-plankton-ikarus-09bd989ecbad4964eab2258b1455c7b4.pcap label=SMSMalware split=Train
2026-02-13 22:24:16,083 - INFO - preprocess_splitcap_rgb - [406/426] 处理 pcap=07_11_2017-sms-plankton-ikarus-0a92c1b67f2cd4d49e8d878f313bc2c3.pcap label=SMSMalware split=Train
2026-02-13 22:24:25,963 - INFO - preprocess_splitcap_rgb - [407/426] 处理 pcap=07_11_2017-sms-plankton-ikarus-0e3294e4ff1019164bb91ea0a67a51e6.pcap label=SMSMalware split=Train
2026-02-13 22:24:33,533 - INFO - preprocess_splitcap_rgb - [408/426] 处理 pcap=07_11_2017-sms-smssniffer-Ikarus-0eee13df20ee4ad1f60305dacc661873.pcap label=SMSMalware split=Train
2026-02-13 22:24:39,619 - INFO - preprocess_splitcap_rgb - [409/426] 处理 pcap=07_11_2017-sms-smssniffer-Ikarus-6bfad4df4b512260973a54753b1494ef.pcap label=SMSMalware split=Train
2026-02-13 22:24:47,528 - INFO - preprocess_splitcap_rgb - [410/426] 处理 pcap=07_11_2017-sms-smssniffer-Ikarus-82fb2b41e1e0155c50d2a2c850180cc4.pcap label=SMSMalware split=Train
2026-02-13 22:24:58,347 - INFO - preprocess_splitcap_rgb - [411/426] 处理 pcap=07_12_2017-sms-smssniffer-Ikarus-a1593777ac80b828d2d520d24809829d.pcap label=SMSMalware split=Train
2026-02-13 22:25:04,884 - INFO - preprocess_splitcap_rgb - [412/426] 处理 pcap=07_12_2017-sms-smssniffer-Ikarus-a92301c54d8bcd96a9f405a313b375e7.pcap label=SMSMalware split=Train
2026-02-13 22:25:14,888 - INFO - preprocess_splitcap_rgb - [413/426] 处理 pcap=07_12_2017-sms-smssniffer-Ikarus-af1863dd2babc0f8c0f5a4523ac8e294.pcap label=SMSMalware split=Train
2026-02-13 22:25:21,175 - INFO - preprocess_splitcap_rgb - [414/426] 处理 pcap=07_12_2017-sms-smssniffer-Ikarus-b1ae0d9a2792193bff8c129c80180ab0.pcap label=SMSMalware split=Train
2026-02-13 22:25:29,807 - INFO - preprocess_splitcap_rgb - [415/426] 处理 pcap=07_14_2017-sms-smssniffer-Ikarus-c9e3af6a4429197c05c18408f9f287ee.pcap label=SMSMalware split=Test
2026-02-13 22:25:37,169 - INFO - preprocess_splitcap_rgb - [416/426] 处理 pcap=07_17_2017-sms-smssniffer-Ikarus-e9068f116991b2ee7dcd6f2a4ecdd141.pcap label=SMSMalware split=Train
2026-02-13 22:25:46,431 - INFO - preprocess_splitcap_rgb - [417/426] 处理 pcap=08_16_2017-ps-zsone-avira-0a8a0bf71a8b3196d5a1ec1144ec15e6.pcap label=SMSMalware split=Test
2026-02-13 22:25:47,666 - INFO - preprocess_splitcap_rgb - [418/426] 处理 pcap=08_17_2017-ps-zsone-avira-1d33631145ab19b51b2e404845d3256c.pcap label=SMSMalware split=Train
2026-02-13 22:25:49,058 - INFO - preprocess_splitcap_rgb - [419/426] 处理 pcap=08_17_2017-ps-zsone-avira-1ecc3627858375bf968978156cb70562.pcap label=SMSMalware split=Train
2026-02-13 22:25:53,300 - INFO - preprocess_splitcap_rgb - [420/426] 处理 pcap=08_17_2017-ps-zsone-avira-1fd70b4d74955259fc322a9a7e7e0bb2.pcap label=SMSMalware split=Train
2026-02-13 22:25:54,574 - INFO - preprocess_splitcap_rgb - [421/426] 处理 pcap=08_17_2017-ps-zsone-avira-2a8c161ec7ac59b0409e6fa9b4f9ca80.pcap label=SMSMalware split=Train
2026-02-13 22:25:57,013 - INFO - preprocess_splitcap_rgb - [422/426] 处理 pcap=08_17_2017-ps-zsone-avira-3e3dcd7021328709748e56d885e122ae.pcap label=SMSMalware split=Train
2026-02-13 22:25:58,348 - INFO - preprocess_splitcap_rgb - [423/426] 处理 pcap=08_18_2017-ps-zsone-avira-3f60bae956ed671a02c4ae23fdc4a391.pcap label=SMSMalware split=Test
2026-02-13 22:25:59,661 - INFO - preprocess_splitcap_rgb - [424/426] 处理 pcap=08_18_2017-ps-zsone-avira-4b4ae7e9d584f0d01928cb1c8d5d3837.pcap label=SMSMalware split=Test
2026-02-13 22:26:01,072 - INFO - preprocess_splitcap_rgb - [425/426] 处理 pcap=08_18_2017-ps-zsone-avira-6ec3de3676ffaf056ec2bae7e5f97b8b.pcap label=SMSMalware split=Train
2026-02-13 22:26:02,826 - INFO - preprocess_splitcap_rgb - [426/426] 处理 pcap=08_18_2017-ps-zsone-avira-7b9af6586d1711150149b324cd5043bd.pcap label=SMSMalware split=Test
2026-02-13 22:26:04,351 - INFO - preprocess_splitcap_rgb - 预处理完成. 写入=675609 总会话=790575 空会话丢弃=88975 去重丢弃=25991 splitcap失败=0 python_fallback=0 external_fallback=0 错误=0
2026-02-13 22:26:04,352 - INFO - preprocess_splitcap_rgb - 数据输出目录: C:\Repositories\Traffic\FusionModel\dataset\CIC_4
2026-02-13 22:26:04,352 - INFO - preprocess_splitcap_rgb - 日志与统计输出目录: C:\Repositories\Traffic\FusionModel\outputs\preprocess\20260213_214020
